INFO:root:Namespace(batch_size=128, data_path='/DATA/Datasets/CUB_200_2011/', dataset='CUB', embed_dim=64, epoch_length=200, epochs=25, factor=0.5, gpus=1, kvstore='device', lr=0.0001, model='inception-bn', number_of_runs=10, optimizer='adam', save_model_prefix='npairs_model', seed=123, steps='12,14,16,18', use_crops=False, wd=1e-05)
INFO:root:Using 1 GPU(s)
INFO:root:Starting run 1/10
INFO:root:Epoch 1 learning rate=0.000100
INFO:root:[Epoch 1] validation: Recall@1=0.416104
INFO:root:[Epoch 1] validation: Recall@2=0.553680
INFO:root:[Epoch 1] validation: Recall@4=0.681128
INFO:root:[Epoch 1] validation: Recall@8=0.791188
INFO:root:[Epoch 1] validation: Recall@16=0.878798
INFO:root:[Epoch 1] validation: NMI=0.572731
INFO:root:Saving npairs_model.
INFO:root:New best validation: R@1: 0.416104 NMI: 0.572731
INFO:root:Epoch 2 learning rate=0.000100
INFO:root:[Epoch 2] validation: Recall@1=0.459149
INFO:root:[Epoch 2] validation: Recall@2=0.592167
INFO:root:[Epoch 2] validation: Recall@4=0.718265
INFO:root:[Epoch 2] validation: Recall@8=0.820392
INFO:root:[Epoch 2] validation: Recall@16=0.896354
INFO:root:[Epoch 2] validation: NMI=0.598441
INFO:root:Saving npairs_model.
INFO:root:New best validation: R@1: 0.459149 NMI: 0.598441
INFO:root:Epoch 3 learning rate=0.000100
INFO:root:[Epoch 3] validation: Recall@1=0.478055
INFO:root:[Epoch 3] validation: Recall@2=0.614956
INFO:root:[Epoch 3] validation: Recall@4=0.734301
INFO:root:[Epoch 3] validation: Recall@8=0.828157
INFO:root:[Epoch 3] validation: Recall@16=0.903444
INFO:root:[Epoch 3] validation: NMI=0.608835
INFO:root:Saving npairs_model.
INFO:root:New best validation: R@1: 0.478055 NMI: 0.608835
INFO:root:Epoch 4 learning rate=0.000100
INFO:root:[Epoch 4] validation: Recall@1=0.495780
INFO:root:[Epoch 4] validation: Recall@2=0.628798
INFO:root:[Epoch 4] validation: Recall@4=0.745780
INFO:root:[Epoch 4] validation: Recall@8=0.835584
INFO:root:[Epoch 4] validation: Recall@16=0.906989
INFO:root:[Epoch 4] validation: NMI=0.619730
INFO:root:Saving npairs_model.
INFO:root:New best validation: R@1: 0.495780 NMI: 0.619730
INFO:root:Epoch 5 learning rate=0.000100
INFO:root:[Epoch 5] validation: Recall@1=0.499325
INFO:root:[Epoch 5] validation: Recall@2=0.626097
INFO:root:[Epoch 5] validation: Recall@4=0.741897
INFO:root:[Epoch 5] validation: Recall@8=0.835415
INFO:root:[Epoch 5] validation: Recall@16=0.906313
INFO:root:[Epoch 5] validation: NMI=0.616870
INFO:root:Saving npairs_model.
INFO:root:New best validation: R@1: 0.499325 NMI: 0.616870
INFO:root:Epoch 6 learning rate=0.000100
INFO:root:[Epoch 6] validation: Recall@1=0.498312
INFO:root:[Epoch 6] validation: Recall@2=0.630655
INFO:root:[Epoch 6] validation: Recall@4=0.744092
INFO:root:[Epoch 6] validation: Recall@8=0.838454
INFO:root:[Epoch 6] validation: Recall@16=0.908845
INFO:root:[Epoch 6] validation: NMI=0.616354
INFO:root:Epoch 7 learning rate=0.000100
INFO:root:[Epoch 7] validation: Recall@1=0.503038
INFO:root:[Epoch 7] validation: Recall@2=0.635213
INFO:root:[Epoch 7] validation: Recall@4=0.744092
INFO:root:[Epoch 7] validation: Recall@8=0.838960
INFO:root:[Epoch 7] validation: Recall@16=0.905807
INFO:root:[Epoch 7] validation: NMI=0.622688
INFO:root:Saving npairs_model.
INFO:root:New best validation: R@1: 0.503038 NMI: 0.622688
INFO:root:Epoch 8 learning rate=0.000100
INFO:root:[Epoch 8] validation: Recall@1=0.505402
INFO:root:[Epoch 8] validation: Recall@2=0.628798
INFO:root:[Epoch 8] validation: Recall@4=0.741391
INFO:root:[Epoch 8] validation: Recall@8=0.836935
INFO:root:[Epoch 8] validation: Recall@16=0.903106
INFO:root:[Epoch 8] validation: NMI=0.620188
INFO:root:Saving npairs_model.
INFO:root:New best validation: R@1: 0.505402 NMI: 0.620188
INFO:root:Epoch 9 learning rate=0.000100
INFO:root:[Epoch 9] validation: Recall@1=0.502532
INFO:root:[Epoch 9] validation: Recall@2=0.628629
INFO:root:[Epoch 9] validation: Recall@4=0.735652
INFO:root:[Epoch 9] validation: Recall@8=0.829845
INFO:root:[Epoch 9] validation: Recall@16=0.904119
INFO:root:[Epoch 9] validation: NMI=0.616456
INFO:root:Epoch 10 learning rate=0.000100
INFO:root:[Epoch 10] validation: Recall@1=0.494092
INFO:root:[Epoch 10] validation: Recall@2=0.621708
INFO:root:[Epoch 10] validation: Recall@4=0.731938
INFO:root:[Epoch 10] validation: Recall@8=0.824105
INFO:root:[Epoch 10] validation: Recall@16=0.901080
INFO:root:[Epoch 10] validation: NMI=0.608268
INFO:root:Epoch 11 learning rate=0.000100
INFO:root:[Epoch 11] validation: Recall@1=0.489703
INFO:root:[Epoch 11] validation: Recall@2=0.612255
INFO:root:[Epoch 11] validation: Recall@4=0.731263
INFO:root:[Epoch 11] validation: Recall@8=0.819716
INFO:root:[Epoch 11] validation: Recall@16=0.899730
INFO:root:[Epoch 11] validation: NMI=0.604921
INFO:root:Epoch 12 learning rate=0.000050
INFO:root:[Epoch 12] validation: Recall@1=0.493923
INFO:root:[Epoch 12] validation: Recall@2=0.613437
INFO:root:[Epoch 12] validation: Recall@4=0.735820
INFO:root:[Epoch 12] validation: Recall@8=0.821404
INFO:root:[Epoch 12] validation: Recall@16=0.899730
INFO:root:[Epoch 12] validation: NMI=0.609163
INFO:root:Epoch 13 learning rate=0.000050
INFO:root:[Epoch 13] validation: Recall@1=0.493585
INFO:root:[Epoch 13] validation: Recall@2=0.614112
INFO:root:[Epoch 13] validation: Recall@4=0.727380
INFO:root:[Epoch 13] validation: Recall@8=0.817522
INFO:root:[Epoch 13] validation: Recall@16=0.900068
INFO:root:[Epoch 13] validation: NMI=0.610152
INFO:root:Epoch 14 learning rate=0.000025
INFO:root:[Epoch 14] validation: Recall@1=0.492910
INFO:root:[Epoch 14] validation: Recall@2=0.609554
INFO:root:[Epoch 14] validation: Recall@4=0.726874
INFO:root:[Epoch 14] validation: Recall@8=0.821573
INFO:root:[Epoch 14] validation: Recall@16=0.898042
INFO:root:[Epoch 14] validation: NMI=0.603990
INFO:root:Epoch 15 learning rate=0.000025
INFO:root:[Epoch 15] validation: Recall@1=0.488521
INFO:root:[Epoch 15] validation: Recall@2=0.610736
INFO:root:[Epoch 15] validation: Recall@4=0.726199
INFO:root:[Epoch 15] validation: Recall@8=0.823937
INFO:root:[Epoch 15] validation: Recall@16=0.899561
INFO:root:[Epoch 15] validation: NMI=0.605636
INFO:root:Epoch 16 learning rate=0.000013
INFO:root:[Epoch 16] validation: Recall@1=0.489028
INFO:root:[Epoch 16] validation: Recall@2=0.614787
INFO:root:[Epoch 16] validation: Recall@4=0.732782
INFO:root:[Epoch 16] validation: Recall@8=0.826806
INFO:root:[Epoch 16] validation: Recall@16=0.898042
INFO:root:[Epoch 16] validation: NMI=0.608836
INFO:root:Epoch 17 learning rate=0.000013
INFO:root:[Epoch 17] validation: Recall@1=0.487171
INFO:root:[Epoch 17] validation: Recall@2=0.607866
INFO:root:[Epoch 17] validation: Recall@4=0.727718
INFO:root:[Epoch 17] validation: Recall@8=0.823261
INFO:root:[Epoch 17] validation: Recall@16=0.900236
INFO:root:[Epoch 17] validation: NMI=0.610563
INFO:root:Epoch 18 learning rate=0.000006
INFO:root:[Epoch 18] validation: Recall@1=0.486327
INFO:root:[Epoch 18] validation: Recall@2=0.606685
INFO:root:[Epoch 18] validation: Recall@4=0.726705
INFO:root:[Epoch 18] validation: Recall@8=0.822248
INFO:root:[Epoch 18] validation: Recall@16=0.893991
INFO:root:[Epoch 18] validation: NMI=0.605650
INFO:root:Epoch 19 learning rate=0.000006
INFO:root:[Epoch 19] validation: Recall@1=0.488690
INFO:root:[Epoch 19] validation: Recall@2=0.607360
INFO:root:[Epoch 19] validation: Recall@4=0.725692
INFO:root:[Epoch 19] validation: Recall@8=0.824443
INFO:root:[Epoch 19] validation: Recall@16=0.897873
INFO:root:[Epoch 19] validation: NMI=0.603769
INFO:root:Epoch 20 learning rate=0.000006
INFO:root:[Epoch 20] validation: Recall@1=0.492066
INFO:root:[Epoch 20] validation: Recall@2=0.608204
INFO:root:[Epoch 20] validation: Recall@4=0.727380
INFO:root:[Epoch 20] validation: Recall@8=0.826300
INFO:root:[Epoch 20] validation: Recall@16=0.899392
INFO:root:[Epoch 20] validation: NMI=0.607787
INFO:root:Epoch 21 learning rate=0.000006
INFO:root:[Epoch 21] validation: Recall@1=0.486833
INFO:root:[Epoch 21] validation: Recall@2=0.607360
INFO:root:[Epoch 21] validation: Recall@4=0.724510
INFO:root:[Epoch 21] validation: Recall@8=0.823768
INFO:root:[Epoch 21] validation: Recall@16=0.897535
INFO:root:[Epoch 21] validation: NMI=0.606513
INFO:root:Epoch 22 learning rate=0.000006
INFO:root:[Epoch 22] validation: Recall@1=0.483964
INFO:root:[Epoch 22] validation: Recall@2=0.603477
INFO:root:[Epoch 22] validation: Recall@4=0.723498
INFO:root:[Epoch 22] validation: Recall@8=0.819379
INFO:root:[Epoch 22] validation: Recall@16=0.897367
INFO:root:[Epoch 22] validation: NMI=0.603262
INFO:root:Epoch 23 learning rate=0.000006
INFO:root:[Epoch 23] validation: Recall@1=0.488521
INFO:root:[Epoch 23] validation: Recall@2=0.608373
INFO:root:[Epoch 23] validation: Recall@4=0.724004
INFO:root:[Epoch 23] validation: Recall@8=0.819041
INFO:root:[Epoch 23] validation: Recall@16=0.898379
INFO:root:[Epoch 23] validation: NMI=0.609209
INFO:root:Epoch 24 learning rate=0.000006
INFO:root:[Epoch 24] validation: Recall@1=0.489028
INFO:root:[Epoch 24] validation: Recall@2=0.608373
INFO:root:[Epoch 24] validation: Recall@4=0.722822
INFO:root:[Epoch 24] validation: Recall@8=0.821236
INFO:root:[Epoch 24] validation: Recall@16=0.896860
INFO:root:[Epoch 24] validation: NMI=0.603984
INFO:root:Epoch 25 learning rate=0.000006
INFO:root:[Epoch 25] validation: Recall@1=0.489028
INFO:root:[Epoch 25] validation: Recall@2=0.609217
INFO:root:[Epoch 25] validation: Recall@4=0.722822
INFO:root:[Epoch 25] validation: Recall@8=0.821236
INFO:root:[Epoch 25] validation: Recall@16=0.896523
INFO:root:[Epoch 25] validation: NMI=0.608313
INFO:root:Run 1 finished with 0.505402
INFO:root:Starting run 2/10
INFO:root:Epoch 1 learning rate=0.000100
INFO:root:[Epoch 1] validation: Recall@1=0.421843
INFO:root:[Epoch 1] validation: Recall@2=0.563133
INFO:root:[Epoch 1] validation: Recall@4=0.688724
INFO:root:[Epoch 1] validation: Recall@8=0.799797
INFO:root:[Epoch 1] validation: Recall@16=0.885044
INFO:root:[Epoch 1] validation: NMI=0.570027
INFO:root:Saving npairs_model.
INFO:root:New best validation: R@1: 0.421843 NMI: 0.570027
INFO:root:Epoch 2 learning rate=0.000100
INFO:root:[Epoch 2] validation: Recall@1=0.463538
INFO:root:[Epoch 2] validation: Recall@2=0.600777
INFO:root:[Epoch 2] validation: Recall@4=0.719953
INFO:root:[Epoch 2] validation: Recall@8=0.826975
INFO:root:[Epoch 2] validation: Recall@16=0.901587
INFO:root:[Epoch 2] validation: NMI=0.601817
INFO:root:Saving npairs_model.
INFO:root:New best validation: R@1: 0.463538 NMI: 0.601817
INFO:root:Epoch 3 learning rate=0.000100
INFO:root:[Epoch 3] validation: Recall@1=0.492910
INFO:root:[Epoch 3] validation: Recall@2=0.624409
INFO:root:[Epoch 3] validation: Recall@4=0.743079
INFO:root:[Epoch 3] validation: Recall@8=0.835246
INFO:root:[Epoch 3] validation: Recall@16=0.906989
INFO:root:[Epoch 3] validation: NMI=0.613657
INFO:root:Saving npairs_model.
INFO:root:New best validation: R@1: 0.492910 NMI: 0.613657
INFO:root:Epoch 4 learning rate=0.000100
INFO:root:[Epoch 4] validation: Recall@1=0.497468
INFO:root:[Epoch 4] validation: Recall@2=0.630317
INFO:root:[Epoch 4] validation: Recall@4=0.746793
INFO:root:[Epoch 4] validation: Recall@8=0.841155
INFO:root:[Epoch 4] validation: Recall@16=0.910027
INFO:root:[Epoch 4] validation: NMI=0.613570
INFO:root:Saving npairs_model.
INFO:root:New best validation: R@1: 0.497468 NMI: 0.613570
INFO:root:Epoch 5 learning rate=0.000100
INFO:root:[Epoch 5] validation: Recall@1=0.499494
INFO:root:[Epoch 5] validation: Recall@2=0.631499
INFO:root:[Epoch 5] validation: Recall@4=0.749156
INFO:root:[Epoch 5] validation: Recall@8=0.843518
INFO:root:[Epoch 5] validation: Recall@16=0.915429
INFO:root:[Epoch 5] validation: NMI=0.617188
INFO:root:Saving npairs_model.
INFO:root:New best validation: R@1: 0.499494 NMI: 0.617188
INFO:root:Epoch 6 learning rate=0.000100
INFO:root:[Epoch 6] validation: Recall@1=0.503038
INFO:root:[Epoch 6] validation: Recall@2=0.632005
INFO:root:[Epoch 6] validation: Recall@4=0.754389
INFO:root:[Epoch 6] validation: Recall@8=0.852971
INFO:root:[Epoch 6] validation: Recall@16=0.916273
INFO:root:[Epoch 6] validation: NMI=0.624839
INFO:root:Saving npairs_model.
INFO:root:New best validation: R@1: 0.503038 NMI: 0.624839
INFO:root:Epoch 7 learning rate=0.000100
INFO:root:[Epoch 7] validation: Recall@1=0.507090
INFO:root:[Epoch 7] validation: Recall@2=0.637238
INFO:root:[Epoch 7] validation: Recall@4=0.756752
INFO:root:[Epoch 7] validation: Recall@8=0.849088
INFO:root:[Epoch 7] validation: Recall@16=0.913234
INFO:root:[Epoch 7] validation: NMI=0.620888
INFO:root:Saving npairs_model.
INFO:root:New best validation: R@1: 0.507090 NMI: 0.620888
INFO:root:Epoch 8 learning rate=0.000100
INFO:root:[Epoch 8] validation: Recall@1=0.501857
INFO:root:[Epoch 8] validation: Recall@2=0.632512
INFO:root:[Epoch 8] validation: Recall@4=0.752870
INFO:root:[Epoch 8] validation: Recall@8=0.841999
INFO:root:[Epoch 8] validation: Recall@16=0.909521
INFO:root:[Epoch 8] validation: NMI=0.611713
INFO:root:Epoch 9 learning rate=0.000100
INFO:root:[Epoch 9] validation: Recall@1=0.508440
INFO:root:[Epoch 9] validation: Recall@2=0.636901
INFO:root:[Epoch 9] validation: Recall@4=0.757934
INFO:root:[Epoch 9] validation: Recall@8=0.848920
INFO:root:[Epoch 9] validation: Recall@16=0.912728
INFO:root:[Epoch 9] validation: NMI=0.618977
INFO:root:Saving npairs_model.
INFO:root:New best validation: R@1: 0.508440 NMI: 0.618977
INFO:root:Epoch 10 learning rate=0.000100
INFO:root:[Epoch 10] validation: Recall@1=0.505571
INFO:root:[Epoch 10] validation: Recall@2=0.636226
INFO:root:[Epoch 10] validation: Recall@4=0.751688
INFO:root:[Epoch 10] validation: Recall@8=0.846894
INFO:root:[Epoch 10] validation: Recall@16=0.910365
INFO:root:[Epoch 10] validation: NMI=0.609708
INFO:root:Epoch 11 learning rate=0.000100
INFO:root:[Epoch 11] validation: Recall@1=0.499156
INFO:root:[Epoch 11] validation: Recall@2=0.630486
INFO:root:[Epoch 11] validation: Recall@4=0.745442
INFO:root:[Epoch 11] validation: Recall@8=0.842336
INFO:root:[Epoch 11] validation: Recall@16=0.906144
INFO:root:[Epoch 11] validation: NMI=0.612134
INFO:root:Epoch 12 learning rate=0.000050
INFO:root:[Epoch 12] validation: Recall@1=0.501857
INFO:root:[Epoch 12] validation: Recall@2=0.631330
INFO:root:[Epoch 12] validation: Recall@4=0.752870
INFO:root:[Epoch 12] validation: Recall@8=0.844868
INFO:root:[Epoch 12] validation: Recall@16=0.912053
INFO:root:[Epoch 12] validation: NMI=0.610573
INFO:root:Epoch 13 learning rate=0.000050
INFO:root:[Epoch 13] validation: Recall@1=0.501519
INFO:root:[Epoch 13] validation: Recall@2=0.638420
INFO:root:[Epoch 13] validation: Recall@4=0.750506
INFO:root:[Epoch 13] validation: Recall@8=0.841661
INFO:root:[Epoch 13] validation: Recall@16=0.908170
INFO:root:[Epoch 13] validation: NMI=0.606079
INFO:root:Epoch 14 learning rate=0.000025
INFO:root:[Epoch 14] validation: Recall@1=0.502026
INFO:root:[Epoch 14] validation: Recall@2=0.637745
INFO:root:[Epoch 14] validation: Recall@4=0.753545
INFO:root:[Epoch 14] validation: Recall@8=0.843518
INFO:root:[Epoch 14] validation: Recall@16=0.906651
INFO:root:[Epoch 14] validation: NMI=0.609485
INFO:root:Epoch 15 learning rate=0.000025
INFO:root:[Epoch 15] validation: Recall@1=0.499325
INFO:root:[Epoch 15] validation: Recall@2=0.639095
INFO:root:[Epoch 15] validation: Recall@4=0.751013
INFO:root:[Epoch 15] validation: Recall@8=0.841323
INFO:root:[Epoch 15] validation: Recall@16=0.906651
INFO:root:[Epoch 15] validation: NMI=0.618052
INFO:root:Epoch 16 learning rate=0.000013
INFO:root:[Epoch 16] validation: Recall@1=0.504220
INFO:root:[Epoch 16] validation: Recall@2=0.639433
INFO:root:[Epoch 16] validation: Recall@4=0.749156
INFO:root:[Epoch 16] validation: Recall@8=0.839973
INFO:root:[Epoch 16] validation: Recall@16=0.910027
INFO:root:[Epoch 16] validation: NMI=0.612823
INFO:root:Epoch 17 learning rate=0.000013
INFO:root:[Epoch 17] validation: Recall@1=0.503207
INFO:root:[Epoch 17] validation: Recall@2=0.636732
INFO:root:[Epoch 17] validation: Recall@4=0.749156
INFO:root:[Epoch 17] validation: Recall@8=0.840311
INFO:root:[Epoch 17] validation: Recall@16=0.907495
INFO:root:[Epoch 17] validation: NMI=0.608686
INFO:root:Epoch 18 learning rate=0.000006
INFO:root:[Epoch 18] validation: Recall@1=0.501519
INFO:root:[Epoch 18] validation: Recall@2=0.633356
INFO:root:[Epoch 18] validation: Recall@4=0.749156
INFO:root:[Epoch 18] validation: Recall@8=0.841492
INFO:root:[Epoch 18] validation: Recall@16=0.908508
INFO:root:[Epoch 18] validation: NMI=0.611849
INFO:root:Epoch 19 learning rate=0.000006
INFO:root:[Epoch 19] validation: Recall@1=0.499662
INFO:root:[Epoch 19] validation: Recall@2=0.636563
INFO:root:[Epoch 19] validation: Recall@4=0.746962
INFO:root:[Epoch 19] validation: Recall@8=0.841155
INFO:root:[Epoch 19] validation: Recall@16=0.907495
INFO:root:[Epoch 19] validation: NMI=0.607538
INFO:root:Epoch 20 learning rate=0.000006
INFO:root:[Epoch 20] validation: Recall@1=0.501857
INFO:root:[Epoch 20] validation: Recall@2=0.637407
INFO:root:[Epoch 20] validation: Recall@4=0.746962
INFO:root:[Epoch 20] validation: Recall@8=0.838960
INFO:root:[Epoch 20] validation: Recall@16=0.903781
INFO:root:[Epoch 20] validation: NMI=0.615635
INFO:root:Epoch 21 learning rate=0.000006
INFO:root:[Epoch 21] validation: Recall@1=0.503376
INFO:root:[Epoch 21] validation: Recall@2=0.637576
INFO:root:[Epoch 21] validation: Recall@4=0.742573
INFO:root:[Epoch 21] validation: Recall@8=0.839467
INFO:root:[Epoch 21] validation: Recall@16=0.904288
INFO:root:[Epoch 21] validation: NMI=0.603990
INFO:root:Epoch 22 learning rate=0.000006
INFO:root:[Epoch 22] validation: Recall@1=0.500000
INFO:root:[Epoch 22] validation: Recall@2=0.637914
INFO:root:[Epoch 22] validation: Recall@4=0.743079
INFO:root:[Epoch 22] validation: Recall@8=0.840142
INFO:root:[Epoch 22] validation: Recall@16=0.904625
INFO:root:[Epoch 22] validation: NMI=0.608565
INFO:root:Epoch 23 learning rate=0.000006
INFO:root:[Epoch 23] validation: Recall@1=0.504558
INFO:root:[Epoch 23] validation: Recall@2=0.641965
INFO:root:[Epoch 23] validation: Recall@4=0.747974
INFO:root:[Epoch 23] validation: Recall@8=0.841999
INFO:root:[Epoch 23] validation: Recall@16=0.907157
INFO:root:[Epoch 23] validation: NMI=0.608995
INFO:root:Epoch 24 learning rate=0.000006
INFO:root:[Epoch 24] validation: Recall@1=0.503376
INFO:root:[Epoch 24] validation: Recall@2=0.634706
INFO:root:[Epoch 24] validation: Recall@4=0.743079
INFO:root:[Epoch 24] validation: Recall@8=0.844362
INFO:root:[Epoch 24] validation: Recall@16=0.905469
INFO:root:[Epoch 24] validation: NMI=0.609041
INFO:root:Epoch 25 learning rate=0.000006
INFO:root:[Epoch 25] validation: Recall@1=0.503883
INFO:root:[Epoch 25] validation: Recall@2=0.637070
INFO:root:[Epoch 25] validation: Recall@4=0.747468
INFO:root:[Epoch 25] validation: Recall@8=0.842505
INFO:root:[Epoch 25] validation: Recall@16=0.903950
INFO:root:[Epoch 25] validation: NMI=0.609076
INFO:root:Run 2 finished with 0.508440
INFO:root:Starting run 3/10
INFO:root:Epoch 1 learning rate=0.000100
INFO:root:[Epoch 1] validation: Recall@1=0.424375
INFO:root:[Epoch 1] validation: Recall@2=0.549122
INFO:root:[Epoch 1] validation: Recall@4=0.671337
INFO:root:[Epoch 1] validation: Recall@8=0.788994
INFO:root:[Epoch 1] validation: Recall@16=0.878460
INFO:root:[Epoch 1] validation: NMI=0.584077
INFO:root:Saving npairs_model.
INFO:root:New best validation: R@1: 0.424375 NMI: 0.584077
INFO:root:Epoch 2 learning rate=0.000100
INFO:root:[Epoch 2] validation: Recall@1=0.480587
INFO:root:[Epoch 2] validation: Recall@2=0.602971
INFO:root:[Epoch 2] validation: Recall@4=0.723835
INFO:root:[Epoch 2] validation: Recall@8=0.825287
INFO:root:[Epoch 2] validation: Recall@16=0.898379
INFO:root:[Epoch 2] validation: NMI=0.602586
INFO:root:Saving npairs_model.
INFO:root:New best validation: R@1: 0.480587 NMI: 0.602586
INFO:root:Epoch 3 learning rate=0.000100
INFO:root:[Epoch 3] validation: Recall@1=0.506921
INFO:root:[Epoch 3] validation: Recall@2=0.631330
INFO:root:[Epoch 3] validation: Recall@4=0.742573
INFO:root:[Epoch 3] validation: Recall@8=0.840142
INFO:root:[Epoch 3] validation: Recall@16=0.911546
INFO:root:[Epoch 3] validation: NMI=0.623401
INFO:root:Saving npairs_model.
INFO:root:New best validation: R@1: 0.506921 NMI: 0.623401
INFO:root:Epoch 4 learning rate=0.000100
INFO:root:[Epoch 4] validation: Recall@1=0.516205
INFO:root:[Epoch 4] validation: Recall@2=0.638082
INFO:root:[Epoch 4] validation: Recall@4=0.744092
INFO:root:[Epoch 4] validation: Recall@8=0.844362
INFO:root:[Epoch 4] validation: Recall@16=0.914922
INFO:root:[Epoch 4] validation: NMI=0.625896
INFO:root:Saving npairs_model.
INFO:root:New best validation: R@1: 0.516205 NMI: 0.625896
INFO:root:Epoch 5 learning rate=0.000100
INFO:root:[Epoch 5] validation: Recall@1=0.523801
INFO:root:[Epoch 5] validation: Recall@2=0.641458
INFO:root:[Epoch 5] validation: Recall@4=0.754558
INFO:root:[Epoch 5] validation: Recall@8=0.848751
INFO:root:[Epoch 5] validation: Recall@16=0.913234
INFO:root:[Epoch 5] validation: NMI=0.629095
INFO:root:Saving npairs_model.
INFO:root:New best validation: R@1: 0.523801 NMI: 0.629095
INFO:root:Epoch 6 learning rate=0.000100
INFO:root:[Epoch 6] validation: Recall@1=0.509284
INFO:root:[Epoch 6] validation: Recall@2=0.638758
INFO:root:[Epoch 6] validation: Recall@4=0.752532
INFO:root:[Epoch 6] validation: Recall@8=0.847569
INFO:root:[Epoch 6] validation: Recall@16=0.913403
INFO:root:[Epoch 6] validation: NMI=0.621534
INFO:root:Epoch 7 learning rate=0.000100
INFO:root:[Epoch 7] validation: Recall@1=0.501857
INFO:root:[Epoch 7] validation: Recall@2=0.635888
INFO:root:[Epoch 7] validation: Recall@4=0.747806
INFO:root:[Epoch 7] validation: Recall@8=0.841323
INFO:root:[Epoch 7] validation: Recall@16=0.909014
INFO:root:[Epoch 7] validation: NMI=0.617154
INFO:root:Epoch 8 learning rate=0.000100
INFO:root:[Epoch 8] validation: Recall@1=0.508778
INFO:root:[Epoch 8] validation: Recall@2=0.636226
INFO:root:[Epoch 8] validation: Recall@4=0.754895
INFO:root:[Epoch 8] validation: Recall@8=0.844193
INFO:root:[Epoch 8] validation: Recall@16=0.915598
INFO:root:[Epoch 8] validation: NMI=0.629045
INFO:root:Epoch 9 learning rate=0.000100
INFO:root:[Epoch 9] validation: Recall@1=0.516205
INFO:root:[Epoch 9] validation: Recall@2=0.642809
INFO:root:[Epoch 9] validation: Recall@4=0.750000
INFO:root:[Epoch 9] validation: Recall@8=0.839804
INFO:root:[Epoch 9] validation: Recall@16=0.904794
INFO:root:[Epoch 9] validation: NMI=0.618451
INFO:root:Epoch 10 learning rate=0.000100
INFO:root:[Epoch 10] validation: Recall@1=0.514348
INFO:root:[Epoch 10] validation: Recall@2=0.635550
INFO:root:[Epoch 10] validation: Recall@4=0.747637
INFO:root:[Epoch 10] validation: Recall@8=0.841155
INFO:root:[Epoch 10] validation: Recall@16=0.907157
INFO:root:[Epoch 10] validation: NMI=0.612502
INFO:root:Epoch 11 learning rate=0.000100
INFO:root:[Epoch 11] validation: Recall@1=0.501182
INFO:root:[Epoch 11] validation: Recall@2=0.625253
INFO:root:[Epoch 11] validation: Recall@4=0.743585
INFO:root:[Epoch 11] validation: Recall@8=0.833727
INFO:root:[Epoch 11] validation: Recall@16=0.902262
INFO:root:[Epoch 11] validation: NMI=0.605671
INFO:root:Epoch 12 learning rate=0.000050
INFO:root:[Epoch 12] validation: Recall@1=0.511479
INFO:root:[Epoch 12] validation: Recall@2=0.637914
INFO:root:[Epoch 12] validation: Recall@4=0.753207
INFO:root:[Epoch 12] validation: Recall@8=0.843687
INFO:root:[Epoch 12] validation: Recall@16=0.906820
INFO:root:[Epoch 12] validation: NMI=0.616522
INFO:root:Epoch 13 learning rate=0.000050
INFO:root:[Epoch 13] validation: Recall@1=0.509115
INFO:root:[Epoch 13] validation: Recall@2=0.639264
INFO:root:[Epoch 13] validation: Recall@4=0.747637
INFO:root:[Epoch 13] validation: Recall@8=0.839467
INFO:root:[Epoch 13] validation: Recall@16=0.910027
INFO:root:[Epoch 13] validation: NMI=0.620217
INFO:root:Epoch 14 learning rate=0.000025
INFO:root:[Epoch 14] validation: Recall@1=0.509115
INFO:root:[Epoch 14] validation: Recall@2=0.630317
INFO:root:[Epoch 14] validation: Recall@4=0.748312
INFO:root:[Epoch 14] validation: Recall@8=0.839298
INFO:root:[Epoch 14] validation: Recall@16=0.908339
INFO:root:[Epoch 14] validation: NMI=0.617976
INFO:root:Epoch 15 learning rate=0.000025
INFO:root:[Epoch 15] validation: Recall@1=0.508947
INFO:root:[Epoch 15] validation: Recall@2=0.637070
INFO:root:[Epoch 15] validation: Recall@4=0.748143
INFO:root:[Epoch 15] validation: Recall@8=0.840817
INFO:root:[Epoch 15] validation: Recall@16=0.905976
INFO:root:[Epoch 15] validation: NMI=0.623161
INFO:root:Epoch 16 learning rate=0.000013
INFO:root:[Epoch 16] validation: Recall@1=0.506246
INFO:root:[Epoch 16] validation: Recall@2=0.638589
INFO:root:[Epoch 16] validation: Recall@4=0.750675
INFO:root:[Epoch 16] validation: Recall@8=0.840479
INFO:root:[Epoch 16] validation: Recall@16=0.906651
INFO:root:[Epoch 16] validation: NMI=0.620071
INFO:root:Epoch 17 learning rate=0.000013
INFO:root:[Epoch 17] validation: Recall@1=0.508609
INFO:root:[Epoch 17] validation: Recall@2=0.635888
INFO:root:[Epoch 17] validation: Recall@4=0.747299
INFO:root:[Epoch 17] validation: Recall@8=0.841155
INFO:root:[Epoch 17] validation: Recall@16=0.906144
INFO:root:[Epoch 17] validation: NMI=0.621478
INFO:root:Epoch 18 learning rate=0.000006
INFO:root:[Epoch 18] validation: Recall@1=0.504558
INFO:root:[Epoch 18] validation: Recall@2=0.632343
INFO:root:[Epoch 18] validation: Recall@4=0.745442
INFO:root:[Epoch 18] validation: Recall@8=0.839298
INFO:root:[Epoch 18] validation: Recall@16=0.906989
INFO:root:[Epoch 18] validation: NMI=0.620053
INFO:root:Epoch 19 learning rate=0.000006
INFO:root:[Epoch 19] validation: Recall@1=0.504895
INFO:root:[Epoch 19] validation: Recall@2=0.629136
INFO:root:[Epoch 19] validation: Recall@4=0.746117
INFO:root:[Epoch 19] validation: Recall@8=0.841661
INFO:root:[Epoch 19] validation: Recall@16=0.907833
INFO:root:[Epoch 19] validation: NMI=0.621230
INFO:root:Epoch 20 learning rate=0.000006
INFO:root:[Epoch 20] validation: Recall@1=0.505402
INFO:root:[Epoch 20] validation: Recall@2=0.630317
INFO:root:[Epoch 20] validation: Recall@4=0.745442
INFO:root:[Epoch 20] validation: Recall@8=0.836597
INFO:root:[Epoch 20] validation: Recall@16=0.905132
INFO:root:[Epoch 20] validation: NMI=0.610755
INFO:root:Epoch 21 learning rate=0.000006
INFO:root:[Epoch 21] validation: Recall@1=0.506415
INFO:root:[Epoch 21] validation: Recall@2=0.633862
INFO:root:[Epoch 21] validation: Recall@4=0.743417
INFO:root:[Epoch 21] validation: Recall@8=0.835246
INFO:root:[Epoch 21] validation: Recall@16=0.905807
INFO:root:[Epoch 21] validation: NMI=0.612895
INFO:root:Epoch 22 learning rate=0.000006
INFO:root:[Epoch 22] validation: Recall@1=0.504220
INFO:root:[Epoch 22] validation: Recall@2=0.630993
INFO:root:[Epoch 22] validation: Recall@4=0.750506
INFO:root:[Epoch 22] validation: Recall@8=0.835246
INFO:root:[Epoch 22] validation: Recall@16=0.907326
INFO:root:[Epoch 22] validation: NMI=0.617029
INFO:root:Epoch 23 learning rate=0.000006
INFO:root:[Epoch 23] validation: Recall@1=0.507090
INFO:root:[Epoch 23] validation: Recall@2=0.634031
INFO:root:[Epoch 23] validation: Recall@4=0.748312
INFO:root:[Epoch 23] validation: Recall@8=0.834234
INFO:root:[Epoch 23] validation: Recall@16=0.906651
INFO:root:[Epoch 23] validation: NMI=0.618213
INFO:root:Epoch 24 learning rate=0.000006
INFO:root:[Epoch 24] validation: Recall@1=0.502026
INFO:root:[Epoch 24] validation: Recall@2=0.631668
INFO:root:[Epoch 24] validation: Recall@4=0.750169
INFO:root:[Epoch 24] validation: Recall@8=0.831533
INFO:root:[Epoch 24] validation: Recall@16=0.907157
INFO:root:[Epoch 24] validation: NMI=0.617254
INFO:root:Epoch 25 learning rate=0.000006
INFO:root:[Epoch 25] validation: Recall@1=0.502363
INFO:root:[Epoch 25] validation: Recall@2=0.631330
INFO:root:[Epoch 25] validation: Recall@4=0.745105
INFO:root:[Epoch 25] validation: Recall@8=0.834740
INFO:root:[Epoch 25] validation: Recall@16=0.905807
INFO:root:[Epoch 25] validation: NMI=0.618697
INFO:root:Run 3 finished with 0.523801
INFO:root:Starting run 4/10
INFO:root:Epoch 1 learning rate=0.000100
INFO:root:[Epoch 1] validation: Recall@1=0.428596
INFO:root:[Epoch 1] validation: Recall@2=0.557562
INFO:root:[Epoch 1] validation: Recall@4=0.679102
INFO:root:[Epoch 1] validation: Recall@8=0.795071
INFO:root:[Epoch 1] validation: Recall@16=0.885044
INFO:root:[Epoch 1] validation: NMI=0.575529
INFO:root:Saving npairs_model.
INFO:root:New best validation: R@1: 0.428596 NMI: 0.575529
INFO:root:Epoch 2 learning rate=0.000100
INFO:root:[Epoch 2] validation: Recall@1=0.483795
INFO:root:[Epoch 2] validation: Recall@2=0.609723
INFO:root:[Epoch 2] validation: Recall@4=0.722485
INFO:root:[Epoch 2] validation: Recall@8=0.825625
INFO:root:[Epoch 2] validation: Recall@16=0.901418
INFO:root:[Epoch 2] validation: NMI=0.612020
INFO:root:Saving npairs_model.
INFO:root:New best validation: R@1: 0.483795 NMI: 0.612020
INFO:root:Epoch 3 learning rate=0.000100
INFO:root:[Epoch 3] validation: Recall@1=0.500675
INFO:root:[Epoch 3] validation: Recall@2=0.625760
INFO:root:[Epoch 3] validation: Recall@4=0.747468
INFO:root:[Epoch 3] validation: Recall@8=0.840986
INFO:root:[Epoch 3] validation: Recall@16=0.911546
INFO:root:[Epoch 3] validation: NMI=0.616223
INFO:root:Saving npairs_model.
INFO:root:New best validation: R@1: 0.500675 NMI: 0.616223
INFO:root:Epoch 4 learning rate=0.000100
INFO:root:[Epoch 4] validation: Recall@1=0.502194
INFO:root:[Epoch 4] validation: Recall@2=0.630486
INFO:root:[Epoch 4] validation: Recall@4=0.747130
INFO:root:[Epoch 4] validation: Recall@8=0.842167
INFO:root:[Epoch 4] validation: Recall@16=0.907833
INFO:root:[Epoch 4] validation: NMI=0.624813
INFO:root:Saving npairs_model.
INFO:root:New best validation: R@1: 0.502194 NMI: 0.624813
INFO:root:Epoch 5 learning rate=0.000100
INFO:root:[Epoch 5] validation: Recall@1=0.514517
INFO:root:[Epoch 5] validation: Recall@2=0.641627
INFO:root:[Epoch 5] validation: Recall@4=0.756415
INFO:root:[Epoch 5] validation: Recall@8=0.844700
INFO:root:[Epoch 5] validation: Recall@16=0.908001
INFO:root:[Epoch 5] validation: NMI=0.626960
INFO:root:Saving npairs_model.
INFO:root:New best validation: R@1: 0.514517 NMI: 0.626960
INFO:root:Epoch 6 learning rate=0.000100
INFO:root:[Epoch 6] validation: Recall@1=0.512660
INFO:root:[Epoch 6] validation: Recall@2=0.633693
INFO:root:[Epoch 6] validation: Recall@4=0.746455
INFO:root:[Epoch 6] validation: Recall@8=0.841661
INFO:root:[Epoch 6] validation: Recall@16=0.910196
INFO:root:[Epoch 6] validation: NMI=0.627571
INFO:root:Epoch 7 learning rate=0.000100
INFO:root:[Epoch 7] validation: Recall@1=0.505233
INFO:root:[Epoch 7] validation: Recall@2=0.640446
INFO:root:[Epoch 7] validation: Recall@4=0.755402
INFO:root:[Epoch 7] validation: Recall@8=0.846388
INFO:root:[Epoch 7] validation: Recall@16=0.909014
INFO:root:[Epoch 7] validation: NMI=0.619505
INFO:root:Epoch 8 learning rate=0.000100
INFO:root:[Epoch 8] validation: Recall@1=0.508440
INFO:root:[Epoch 8] validation: Recall@2=0.634200
INFO:root:[Epoch 8] validation: Recall@4=0.742404
INFO:root:[Epoch 8] validation: Recall@8=0.840142
INFO:root:[Epoch 8] validation: Recall@16=0.910871
INFO:root:[Epoch 8] validation: NMI=0.619227
INFO:root:Epoch 9 learning rate=0.000100
INFO:root:[Epoch 9] validation: Recall@1=0.509453
INFO:root:[Epoch 9] validation: Recall@2=0.638082
INFO:root:[Epoch 9] validation: Recall@4=0.745780
INFO:root:[Epoch 9] validation: Recall@8=0.840479
INFO:root:[Epoch 9] validation: Recall@16=0.908508
INFO:root:[Epoch 9] validation: NMI=0.617237
INFO:root:Epoch 10 learning rate=0.000100
INFO:root:[Epoch 10] validation: Recall@1=0.502532
INFO:root:[Epoch 10] validation: Recall@2=0.633356
INFO:root:[Epoch 10] validation: Recall@4=0.747299
INFO:root:[Epoch 10] validation: Recall@8=0.838623
INFO:root:[Epoch 10] validation: Recall@16=0.906313
INFO:root:[Epoch 10] validation: NMI=0.615322
INFO:root:Epoch 11 learning rate=0.000100
INFO:root:[Epoch 11] validation: Recall@1=0.505402
INFO:root:[Epoch 11] validation: Recall@2=0.631668
INFO:root:[Epoch 11] validation: Recall@4=0.745611
INFO:root:[Epoch 11] validation: Recall@8=0.837272
INFO:root:[Epoch 11] validation: Recall@16=0.906651
INFO:root:[Epoch 11] validation: NMI=0.615620
INFO:root:Epoch 12 learning rate=0.000050
INFO:root:[Epoch 12] validation: Recall@1=0.504389
INFO:root:[Epoch 12] validation: Recall@2=0.633018
INFO:root:[Epoch 12] validation: Recall@4=0.746117
INFO:root:[Epoch 12] validation: Recall@8=0.837272
INFO:root:[Epoch 12] validation: Recall@16=0.904288
INFO:root:[Epoch 12] validation: NMI=0.612250
INFO:root:Epoch 13 learning rate=0.000050
INFO:root:[Epoch 13] validation: Recall@1=0.505739
INFO:root:[Epoch 13] validation: Recall@2=0.631499
INFO:root:[Epoch 13] validation: Recall@4=0.746962
INFO:root:[Epoch 13] validation: Recall@8=0.844024
INFO:root:[Epoch 13] validation: Recall@16=0.906482
INFO:root:[Epoch 13] validation: NMI=0.614206
INFO:root:Epoch 14 learning rate=0.000025
INFO:root:[Epoch 14] validation: Recall@1=0.508778
INFO:root:[Epoch 14] validation: Recall@2=0.633862
INFO:root:[Epoch 14] validation: Recall@4=0.746455
INFO:root:[Epoch 14] validation: Recall@8=0.844700
INFO:root:[Epoch 14] validation: Recall@16=0.909689
INFO:root:[Epoch 14] validation: NMI=0.617761
INFO:root:Epoch 15 learning rate=0.000025
INFO:root:[Epoch 15] validation: Recall@1=0.507259
INFO:root:[Epoch 15] validation: Recall@2=0.634369
INFO:root:[Epoch 15] validation: Recall@4=0.746455
INFO:root:[Epoch 15] validation: Recall@8=0.843856
INFO:root:[Epoch 15] validation: Recall@16=0.909521
INFO:root:[Epoch 15] validation: NMI=0.618957
INFO:root:Epoch 16 learning rate=0.000013
INFO:root:[Epoch 16] validation: Recall@1=0.507934
INFO:root:[Epoch 16] validation: Recall@2=0.635381
INFO:root:[Epoch 16] validation: Recall@4=0.746117
INFO:root:[Epoch 16] validation: Recall@8=0.844362
INFO:root:[Epoch 16] validation: Recall@16=0.908677
INFO:root:[Epoch 16] validation: NMI=0.613509
INFO:root:Epoch 17 learning rate=0.000013
INFO:root:[Epoch 17] validation: Recall@1=0.507259
INFO:root:[Epoch 17] validation: Recall@2=0.633187
INFO:root:[Epoch 17] validation: Recall@4=0.743585
INFO:root:[Epoch 17] validation: Recall@8=0.842843
INFO:root:[Epoch 17] validation: Recall@16=0.906313
INFO:root:[Epoch 17] validation: NMI=0.612065
INFO:root:Epoch 18 learning rate=0.000006
INFO:root:[Epoch 18] validation: Recall@1=0.504895
INFO:root:[Epoch 18] validation: Recall@2=0.630149
INFO:root:[Epoch 18] validation: Recall@4=0.741222
INFO:root:[Epoch 18] validation: Recall@8=0.844531
INFO:root:[Epoch 18] validation: Recall@16=0.906313
INFO:root:[Epoch 18] validation: NMI=0.612100
INFO:root:Epoch 19 learning rate=0.000006
INFO:root:[Epoch 19] validation: Recall@1=0.506077
INFO:root:[Epoch 19] validation: Recall@2=0.622721
INFO:root:[Epoch 19] validation: Recall@4=0.743248
INFO:root:[Epoch 19] validation: Recall@8=0.843011
INFO:root:[Epoch 19] validation: Recall@16=0.907157
INFO:root:[Epoch 19] validation: NMI=0.608940
INFO:root:Epoch 20 learning rate=0.000006
INFO:root:[Epoch 20] validation: Recall@1=0.505064
INFO:root:[Epoch 20] validation: Recall@2=0.628460
INFO:root:[Epoch 20] validation: Recall@4=0.744261
INFO:root:[Epoch 20] validation: Recall@8=0.840817
INFO:root:[Epoch 20] validation: Recall@16=0.908845
INFO:root:[Epoch 20] validation: NMI=0.609443
INFO:root:Epoch 21 learning rate=0.000006
INFO:root:[Epoch 21] validation: Recall@1=0.505739
INFO:root:[Epoch 21] validation: Recall@2=0.629642
INFO:root:[Epoch 21] validation: Recall@4=0.745780
INFO:root:[Epoch 21] validation: Recall@8=0.842336
INFO:root:[Epoch 21] validation: Recall@16=0.908339
INFO:root:[Epoch 21] validation: NMI=0.611547
INFO:root:Epoch 22 learning rate=0.000006
INFO:root:[Epoch 22] validation: Recall@1=0.507090
INFO:root:[Epoch 22] validation: Recall@2=0.629473
INFO:root:[Epoch 22] validation: Recall@4=0.741897
INFO:root:[Epoch 22] validation: Recall@8=0.840986
INFO:root:[Epoch 22] validation: Recall@16=0.908508
INFO:root:[Epoch 22] validation: NMI=0.609195
INFO:root:Epoch 23 learning rate=0.000006
INFO:root:[Epoch 23] validation: Recall@1=0.502701
INFO:root:[Epoch 23] validation: Recall@2=0.628798
INFO:root:[Epoch 23] validation: Recall@4=0.741560
INFO:root:[Epoch 23] validation: Recall@8=0.838454
INFO:root:[Epoch 23] validation: Recall@16=0.906482
INFO:root:[Epoch 23] validation: NMI=0.607986
INFO:root:Epoch 24 learning rate=0.000006
INFO:root:[Epoch 24] validation: Recall@1=0.503038
INFO:root:[Epoch 24] validation: Recall@2=0.626435
INFO:root:[Epoch 24] validation: Recall@4=0.741222
INFO:root:[Epoch 24] validation: Recall@8=0.838454
INFO:root:[Epoch 24] validation: Recall@16=0.906482
INFO:root:[Epoch 24] validation: NMI=0.610771
INFO:root:Epoch 25 learning rate=0.000006
INFO:root:[Epoch 25] validation: Recall@1=0.501182
INFO:root:[Epoch 25] validation: Recall@2=0.626604
INFO:root:[Epoch 25] validation: Recall@4=0.741729
INFO:root:[Epoch 25] validation: Recall@8=0.837947
INFO:root:[Epoch 25] validation: Recall@16=0.907833
INFO:root:[Epoch 25] validation: NMI=0.603257
INFO:root:Run 4 finished with 0.514517
INFO:root:Starting run 5/10
INFO:root:Epoch 1 learning rate=0.000100
INFO:root:[Epoch 1] validation: Recall@1=0.433491
INFO:root:[Epoch 1] validation: Recall@2=0.563133
INFO:root:[Epoch 1] validation: Recall@4=0.698008
INFO:root:[Epoch 1] validation: Recall@8=0.812458
INFO:root:[Epoch 1] validation: Recall@16=0.888758
INFO:root:[Epoch 1] validation: NMI=0.584297
INFO:root:Saving npairs_model.
INFO:root:New best validation: R@1: 0.433491 NMI: 0.584297
INFO:root:Epoch 2 learning rate=0.000100
INFO:root:[Epoch 2] validation: Recall@1=0.479068
INFO:root:[Epoch 2] validation: Recall@2=0.614956
INFO:root:[Epoch 2] validation: Recall@4=0.732444
INFO:root:[Epoch 2] validation: Recall@8=0.827819
INFO:root:[Epoch 2] validation: Recall@16=0.904794
INFO:root:[Epoch 2] validation: NMI=0.613903
INFO:root:Saving npairs_model.
INFO:root:New best validation: R@1: 0.479068 NMI: 0.613903
INFO:root:Epoch 3 learning rate=0.000100
INFO:root:[Epoch 3] validation: Recall@1=0.496793
INFO:root:[Epoch 3] validation: Recall@2=0.629980
INFO:root:[Epoch 3] validation: Recall@4=0.742573
INFO:root:[Epoch 3] validation: Recall@8=0.841323
INFO:root:[Epoch 3] validation: Recall@16=0.912053
INFO:root:[Epoch 3] validation: NMI=0.627262
INFO:root:Saving npairs_model.
INFO:root:New best validation: R@1: 0.496793 NMI: 0.627262
INFO:root:Epoch 4 learning rate=0.000100
INFO:root:[Epoch 4] validation: Recall@1=0.507427
INFO:root:[Epoch 4] validation: Recall@2=0.638758
INFO:root:[Epoch 4] validation: Recall@4=0.753207
INFO:root:[Epoch 4] validation: Recall@8=0.843011
INFO:root:[Epoch 4] validation: Recall@16=0.913403
INFO:root:[Epoch 4] validation: NMI=0.631954
INFO:root:Saving npairs_model.
INFO:root:New best validation: R@1: 0.507427 NMI: 0.631954
INFO:root:Epoch 5 learning rate=0.000100
INFO:root:[Epoch 5] validation: Recall@1=0.514517
INFO:root:[Epoch 5] validation: Recall@2=0.641965
INFO:root:[Epoch 5] validation: Recall@4=0.751857
INFO:root:[Epoch 5] validation: Recall@8=0.843180
INFO:root:[Epoch 5] validation: Recall@16=0.911884
INFO:root:[Epoch 5] validation: NMI=0.630692
INFO:root:Saving npairs_model.
INFO:root:New best validation: R@1: 0.514517 NMI: 0.630692
INFO:root:Epoch 6 learning rate=0.000100
INFO:root:[Epoch 6] validation: Recall@1=0.514011
INFO:root:[Epoch 6] validation: Recall@2=0.640108
INFO:root:[Epoch 6] validation: Recall@4=0.748818
INFO:root:[Epoch 6] validation: Recall@8=0.840986
INFO:root:[Epoch 6] validation: Recall@16=0.913572
INFO:root:[Epoch 6] validation: NMI=0.627751
INFO:root:Epoch 7 learning rate=0.000100
INFO:root:[Epoch 7] validation: Recall@1=0.514011
INFO:root:[Epoch 7] validation: Recall@2=0.643653
INFO:root:[Epoch 7] validation: Recall@4=0.748818
INFO:root:[Epoch 7] validation: Recall@8=0.835078
INFO:root:[Epoch 7] validation: Recall@16=0.909689
INFO:root:[Epoch 7] validation: NMI=0.634998
INFO:root:Epoch 8 learning rate=0.000100
INFO:root:[Epoch 8] validation: Recall@1=0.518400
INFO:root:[Epoch 8] validation: Recall@2=0.638758
INFO:root:[Epoch 8] validation: Recall@4=0.746286
INFO:root:[Epoch 8] validation: Recall@8=0.834402
INFO:root:[Epoch 8] validation: Recall@16=0.910027
INFO:root:[Epoch 8] validation: NMI=0.628142
INFO:root:Saving npairs_model.
INFO:root:New best validation: R@1: 0.518400 NMI: 0.628142
INFO:root:Epoch 9 learning rate=0.000100
INFO:root:[Epoch 9] validation: Recall@1=0.515699
INFO:root:[Epoch 9] validation: Recall@2=0.645847
INFO:root:[Epoch 9] validation: Recall@4=0.745780
INFO:root:[Epoch 9] validation: Recall@8=0.839635
INFO:root:[Epoch 9] validation: Recall@16=0.907664
INFO:root:[Epoch 9] validation: NMI=0.626260
INFO:root:Epoch 10 learning rate=0.000100
INFO:root:[Epoch 10] validation: Recall@1=0.507090
INFO:root:[Epoch 10] validation: Recall@2=0.636226
INFO:root:[Epoch 10] validation: Recall@4=0.748481
INFO:root:[Epoch 10] validation: Recall@8=0.838454
INFO:root:[Epoch 10] validation: Recall@16=0.906482
INFO:root:[Epoch 10] validation: NMI=0.619481
INFO:root:Epoch 11 learning rate=0.000100
INFO:root:[Epoch 11] validation: Recall@1=0.510635
INFO:root:[Epoch 11] validation: Recall@2=0.642134
INFO:root:[Epoch 11] validation: Recall@4=0.750675
INFO:root:[Epoch 11] validation: Recall@8=0.840311
INFO:root:[Epoch 11] validation: Recall@16=0.905638
INFO:root:[Epoch 11] validation: NMI=0.625769
INFO:root:Epoch 12 learning rate=0.000050
INFO:root:[Epoch 12] validation: Recall@1=0.518569
INFO:root:[Epoch 12] validation: Recall@2=0.639939
INFO:root:[Epoch 12] validation: Recall@4=0.746962
INFO:root:[Epoch 12] validation: Recall@8=0.839973
INFO:root:[Epoch 12] validation: Recall@16=0.908677
INFO:root:[Epoch 12] validation: NMI=0.618767
INFO:root:Saving npairs_model.
INFO:root:New best validation: R@1: 0.518569 NMI: 0.618767
INFO:root:Epoch 13 learning rate=0.000050
INFO:root:[Epoch 13] validation: Recall@1=0.515024
INFO:root:[Epoch 13] validation: Recall@2=0.640614
INFO:root:[Epoch 13] validation: Recall@4=0.752532
INFO:root:[Epoch 13] validation: Recall@8=0.846388
INFO:root:[Epoch 13] validation: Recall@16=0.911715
INFO:root:[Epoch 13] validation: NMI=0.625503
INFO:root:Epoch 14 learning rate=0.000025
INFO:root:[Epoch 14] validation: Recall@1=0.511479
INFO:root:[Epoch 14] validation: Recall@2=0.635213
INFO:root:[Epoch 14] validation: Recall@4=0.748312
INFO:root:[Epoch 14] validation: Recall@8=0.841830
INFO:root:[Epoch 14] validation: Recall@16=0.910871
INFO:root:[Epoch 14] validation: NMI=0.621632
INFO:root:Epoch 15 learning rate=0.000025
INFO:root:[Epoch 15] validation: Recall@1=0.512998
INFO:root:[Epoch 15] validation: Recall@2=0.639602
INFO:root:[Epoch 15] validation: Recall@4=0.751350
INFO:root:[Epoch 15] validation: Recall@8=0.843011
INFO:root:[Epoch 15] validation: Recall@16=0.910871
INFO:root:[Epoch 15] validation: NMI=0.625467
INFO:root:Epoch 16 learning rate=0.000013
INFO:root:[Epoch 16] validation: Recall@1=0.515530
INFO:root:[Epoch 16] validation: Recall@2=0.639939
INFO:root:[Epoch 16] validation: Recall@4=0.751182
INFO:root:[Epoch 16] validation: Recall@8=0.842336
INFO:root:[Epoch 16] validation: Recall@16=0.910702
INFO:root:[Epoch 16] validation: NMI=0.620209
INFO:root:Epoch 17 learning rate=0.000013
INFO:root:[Epoch 17] validation: Recall@1=0.516880
INFO:root:[Epoch 17] validation: Recall@2=0.641121
INFO:root:[Epoch 17] validation: Recall@4=0.752194
INFO:root:[Epoch 17] validation: Recall@8=0.843011
INFO:root:[Epoch 17] validation: Recall@16=0.909183
INFO:root:[Epoch 17] validation: NMI=0.619425
INFO:root:Epoch 18 learning rate=0.000006
INFO:root:[Epoch 18] validation: Recall@1=0.515530
INFO:root:[Epoch 18] validation: Recall@2=0.640614
INFO:root:[Epoch 18] validation: Recall@4=0.746455
INFO:root:[Epoch 18] validation: Recall@8=0.843518
INFO:root:[Epoch 18] validation: Recall@16=0.909183
INFO:root:[Epoch 18] validation: NMI=0.616693
INFO:root:Epoch 19 learning rate=0.000006
INFO:root:[Epoch 19] validation: Recall@1=0.516880
INFO:root:[Epoch 19] validation: Recall@2=0.640108
INFO:root:[Epoch 19] validation: Recall@4=0.749662
INFO:root:[Epoch 19] validation: Recall@8=0.843011
INFO:root:[Epoch 19] validation: Recall@16=0.910027
INFO:root:[Epoch 19] validation: NMI=0.616244
INFO:root:Epoch 20 learning rate=0.000006
INFO:root:[Epoch 20] validation: Recall@1=0.515192
INFO:root:[Epoch 20] validation: Recall@2=0.636563
INFO:root:[Epoch 20] validation: Recall@4=0.751688
INFO:root:[Epoch 20] validation: Recall@8=0.842674
INFO:root:[Epoch 20] validation: Recall@16=0.908677
INFO:root:[Epoch 20] validation: NMI=0.616298
INFO:root:Epoch 21 learning rate=0.000006
INFO:root:[Epoch 21] validation: Recall@1=0.514011
INFO:root:[Epoch 21] validation: Recall@2=0.637914
INFO:root:[Epoch 21] validation: Recall@4=0.747974
INFO:root:[Epoch 21] validation: Recall@8=0.838960
INFO:root:[Epoch 21] validation: Recall@16=0.909352
INFO:root:[Epoch 21] validation: NMI=0.622750
INFO:root:Epoch 22 learning rate=0.000006
INFO:root:[Epoch 22] validation: Recall@1=0.513504
INFO:root:[Epoch 22] validation: Recall@2=0.639433
INFO:root:[Epoch 22] validation: Recall@4=0.746624
INFO:root:[Epoch 22] validation: Recall@8=0.842336
INFO:root:[Epoch 22] validation: Recall@16=0.909858
INFO:root:[Epoch 22] validation: NMI=0.621093
INFO:root:Epoch 23 learning rate=0.000006
INFO:root:[Epoch 23] validation: Recall@1=0.510972
INFO:root:[Epoch 23] validation: Recall@2=0.638758
INFO:root:[Epoch 23] validation: Recall@4=0.747974
INFO:root:[Epoch 23] validation: Recall@8=0.843856
INFO:root:[Epoch 23] validation: Recall@16=0.909521
INFO:root:[Epoch 23] validation: NMI=0.616869
INFO:root:Epoch 24 learning rate=0.000006
INFO:root:[Epoch 24] validation: Recall@1=0.514180
INFO:root:[Epoch 24] validation: Recall@2=0.638926
INFO:root:[Epoch 24] validation: Recall@4=0.747637
INFO:root:[Epoch 24] validation: Recall@8=0.842843
INFO:root:[Epoch 24] validation: Recall@16=0.908845
INFO:root:[Epoch 24] validation: NMI=0.616065
INFO:root:Epoch 25 learning rate=0.000006
INFO:root:[Epoch 25] validation: Recall@1=0.515192
INFO:root:[Epoch 25] validation: Recall@2=0.639939
INFO:root:[Epoch 25] validation: Recall@4=0.744261
INFO:root:[Epoch 25] validation: Recall@8=0.841323
INFO:root:[Epoch 25] validation: Recall@16=0.909858
INFO:root:[Epoch 25] validation: NMI=0.622138
INFO:root:Run 5 finished with 0.518569
INFO:root:Starting run 6/10
INFO:root:Epoch 1 learning rate=0.000100
INFO:root:[Epoch 1] validation: Recall@1=0.420324
INFO:root:[Epoch 1] validation: Recall@2=0.552161
INFO:root:[Epoch 1] validation: Recall@4=0.688724
INFO:root:[Epoch 1] validation: Recall@8=0.793889
INFO:root:[Epoch 1] validation: Recall@16=0.888926
INFO:root:[Epoch 1] validation: NMI=0.578472
INFO:root:Saving npairs_model.
INFO:root:New best validation: R@1: 0.420324 NMI: 0.578472
INFO:root:Epoch 2 learning rate=0.000100
INFO:root:[Epoch 2] validation: Recall@1=0.456280
INFO:root:[Epoch 2] validation: Recall@2=0.594531
INFO:root:[Epoch 2] validation: Recall@4=0.707799
INFO:root:[Epoch 2] validation: Recall@8=0.815159
INFO:root:[Epoch 2] validation: Recall@16=0.897535
INFO:root:[Epoch 2] validation: NMI=0.598224
INFO:root:Saving npairs_model.
INFO:root:New best validation: R@1: 0.456280 NMI: 0.598224
INFO:root:Epoch 3 learning rate=0.000100
INFO:root:[Epoch 3] validation: Recall@1=0.490378
INFO:root:[Epoch 3] validation: Recall@2=0.620020
INFO:root:[Epoch 3] validation: Recall@4=0.735483
INFO:root:[Epoch 3] validation: Recall@8=0.834402
INFO:root:[Epoch 3] validation: Recall@16=0.906482
INFO:root:[Epoch 3] validation: NMI=0.617202
INFO:root:Saving npairs_model.
INFO:root:New best validation: R@1: 0.490378 NMI: 0.617202
INFO:root:Epoch 4 learning rate=0.000100
INFO:root:[Epoch 4] validation: Recall@1=0.503038
INFO:root:[Epoch 4] validation: Recall@2=0.627616
INFO:root:[Epoch 4] validation: Recall@4=0.738352
INFO:root:[Epoch 4] validation: Recall@8=0.838623
INFO:root:[Epoch 4] validation: Recall@16=0.910196
INFO:root:[Epoch 4] validation: NMI=0.621477
INFO:root:Saving npairs_model.
INFO:root:New best validation: R@1: 0.503038 NMI: 0.621477
INFO:root:Epoch 5 learning rate=0.000100
INFO:root:[Epoch 5] validation: Recall@1=0.507427
INFO:root:[Epoch 5] validation: Recall@2=0.626772
INFO:root:[Epoch 5] validation: Recall@4=0.745273
INFO:root:[Epoch 5] validation: Recall@8=0.838791
INFO:root:[Epoch 5] validation: Recall@16=0.907833
INFO:root:[Epoch 5] validation: NMI=0.622605
INFO:root:Saving npairs_model.
INFO:root:New best validation: R@1: 0.507427 NMI: 0.622605
INFO:root:Epoch 6 learning rate=0.000100
INFO:root:[Epoch 6] validation: Recall@1=0.514011
INFO:root:[Epoch 6] validation: Recall@2=0.633018
INFO:root:[Epoch 6] validation: Recall@4=0.752363
INFO:root:[Epoch 6] validation: Recall@8=0.841323
INFO:root:[Epoch 6] validation: Recall@16=0.909183
INFO:root:[Epoch 6] validation: NMI=0.627244
INFO:root:Saving npairs_model.
INFO:root:New best validation: R@1: 0.514011 NMI: 0.627244
INFO:root:Epoch 7 learning rate=0.000100
INFO:root:[Epoch 7] validation: Recall@1=0.516374
INFO:root:[Epoch 7] validation: Recall@2=0.644666
INFO:root:[Epoch 7] validation: Recall@4=0.757596
INFO:root:[Epoch 7] validation: Recall@8=0.838285
INFO:root:[Epoch 7] validation: Recall@16=0.906482
INFO:root:[Epoch 7] validation: NMI=0.621220
INFO:root:Saving npairs_model.
INFO:root:New best validation: R@1: 0.516374 NMI: 0.621220
INFO:root:Epoch 8 learning rate=0.000100
INFO:root:[Epoch 8] validation: Recall@1=0.519919
INFO:root:[Epoch 8] validation: Recall@2=0.646016
INFO:root:[Epoch 8] validation: Recall@4=0.756583
INFO:root:[Epoch 8] validation: Recall@8=0.847400
INFO:root:[Epoch 8] validation: Recall@16=0.912559
INFO:root:[Epoch 8] validation: NMI=0.623312
INFO:root:Saving npairs_model.
INFO:root:New best validation: R@1: 0.519919 NMI: 0.623312
INFO:root:Epoch 9 learning rate=0.000100
INFO:root:[Epoch 9] validation: Recall@1=0.520594
INFO:root:[Epoch 9] validation: Recall@2=0.641627
INFO:root:[Epoch 9] validation: Recall@4=0.752363
INFO:root:[Epoch 9] validation: Recall@8=0.842167
INFO:root:[Epoch 9] validation: Recall@16=0.907495
INFO:root:[Epoch 9] validation: NMI=0.611849
INFO:root:Saving npairs_model.
INFO:root:New best validation: R@1: 0.520594 NMI: 0.611849
INFO:root:Epoch 10 learning rate=0.000100
INFO:root:[Epoch 10] validation: Recall@1=0.515361
INFO:root:[Epoch 10] validation: Recall@2=0.642302
INFO:root:[Epoch 10] validation: Recall@4=0.754389
INFO:root:[Epoch 10] validation: Recall@8=0.844868
INFO:root:[Epoch 10] validation: Recall@16=0.905638
INFO:root:[Epoch 10] validation: NMI=0.614133
INFO:root:Epoch 11 learning rate=0.000100
INFO:root:[Epoch 11] validation: Recall@1=0.515699
INFO:root:[Epoch 11] validation: Recall@2=0.637407
INFO:root:[Epoch 11] validation: Recall@4=0.749831
INFO:root:[Epoch 11] validation: Recall@8=0.840479
INFO:root:[Epoch 11] validation: Recall@16=0.903106
INFO:root:[Epoch 11] validation: NMI=0.620615
INFO:root:Epoch 12 learning rate=0.000050
INFO:root:[Epoch 12] validation: Recall@1=0.517725
INFO:root:[Epoch 12] validation: Recall@2=0.643653
INFO:root:[Epoch 12] validation: Recall@4=0.754558
INFO:root:[Epoch 12] validation: Recall@8=0.848076
INFO:root:[Epoch 12] validation: Recall@16=0.909858
INFO:root:[Epoch 12] validation: NMI=0.622491
INFO:root:Epoch 13 learning rate=0.000050
INFO:root:[Epoch 13] validation: Recall@1=0.514011
INFO:root:[Epoch 13] validation: Recall@2=0.643822
INFO:root:[Epoch 13] validation: Recall@4=0.754727
INFO:root:[Epoch 13] validation: Recall@8=0.845037
INFO:root:[Epoch 13] validation: Recall@16=0.908170
INFO:root:[Epoch 13] validation: NMI=0.623585
INFO:root:Epoch 14 learning rate=0.000025
INFO:root:[Epoch 14] validation: Recall@1=0.513673
INFO:root:[Epoch 14] validation: Recall@2=0.639433
INFO:root:[Epoch 14] validation: Recall@4=0.753376
INFO:root:[Epoch 14] validation: Recall@8=0.845881
INFO:root:[Epoch 14] validation: Recall@16=0.909521
INFO:root:[Epoch 14] validation: NMI=0.619100
INFO:root:Epoch 15 learning rate=0.000025
INFO:root:[Epoch 15] validation: Recall@1=0.517049
INFO:root:[Epoch 15] validation: Recall@2=0.639095
INFO:root:[Epoch 15] validation: Recall@4=0.753883
INFO:root:[Epoch 15] validation: Recall@8=0.840648
INFO:root:[Epoch 15] validation: Recall@16=0.905638
INFO:root:[Epoch 15] validation: NMI=0.620158
INFO:root:Epoch 16 learning rate=0.000013
INFO:root:[Epoch 16] validation: Recall@1=0.516374
INFO:root:[Epoch 16] validation: Recall@2=0.638082
INFO:root:[Epoch 16] validation: Recall@4=0.750506
INFO:root:[Epoch 16] validation: Recall@8=0.842336
INFO:root:[Epoch 16] validation: Recall@16=0.908001
INFO:root:[Epoch 16] validation: NMI=0.618421
INFO:root:Epoch 17 learning rate=0.000013
INFO:root:[Epoch 17] validation: Recall@1=0.514180
INFO:root:[Epoch 17] validation: Recall@2=0.636901
INFO:root:[Epoch 17] validation: Recall@4=0.748143
INFO:root:[Epoch 17] validation: Recall@8=0.844531
INFO:root:[Epoch 17] validation: Recall@16=0.908001
INFO:root:[Epoch 17] validation: NMI=0.619111
INFO:root:Epoch 18 learning rate=0.000006
INFO:root:[Epoch 18] validation: Recall@1=0.515699
INFO:root:[Epoch 18] validation: Recall@2=0.636901
INFO:root:[Epoch 18] validation: Recall@4=0.750169
INFO:root:[Epoch 18] validation: Recall@8=0.840648
INFO:root:[Epoch 18] validation: Recall@16=0.907157
INFO:root:[Epoch 18] validation: NMI=0.616141
INFO:root:Epoch 19 learning rate=0.000006
INFO:root:[Epoch 19] validation: Recall@1=0.513167
INFO:root:[Epoch 19] validation: Recall@2=0.638589
INFO:root:[Epoch 19] validation: Recall@4=0.747130
INFO:root:[Epoch 19] validation: Recall@8=0.837947
INFO:root:[Epoch 19] validation: Recall@16=0.908845
INFO:root:[Epoch 19] validation: NMI=0.614662
INFO:root:Epoch 20 learning rate=0.000006
INFO:root:[Epoch 20] validation: Recall@1=0.512829
INFO:root:[Epoch 20] validation: Recall@2=0.639264
INFO:root:[Epoch 20] validation: Recall@4=0.751013
INFO:root:[Epoch 20] validation: Recall@8=0.839467
INFO:root:[Epoch 20] validation: Recall@16=0.908677
INFO:root:[Epoch 20] validation: NMI=0.618046
INFO:root:Epoch 21 learning rate=0.000006
INFO:root:[Epoch 21] validation: Recall@1=0.509622
INFO:root:[Epoch 21] validation: Recall@2=0.637070
INFO:root:[Epoch 21] validation: Recall@4=0.753038
INFO:root:[Epoch 21] validation: Recall@8=0.840479
INFO:root:[Epoch 21] validation: Recall@16=0.910702
INFO:root:[Epoch 21] validation: NMI=0.618939
INFO:root:Epoch 22 learning rate=0.000006
INFO:root:[Epoch 22] validation: Recall@1=0.516036
INFO:root:[Epoch 22] validation: Recall@2=0.636901
INFO:root:[Epoch 22] validation: Recall@4=0.752701
INFO:root:[Epoch 22] validation: Recall@8=0.839804
INFO:root:[Epoch 22] validation: Recall@16=0.909352
INFO:root:[Epoch 22] validation: NMI=0.614072
INFO:root:Epoch 23 learning rate=0.000006
INFO:root:[Epoch 23] validation: Recall@1=0.515530
INFO:root:[Epoch 23] validation: Recall@2=0.641121
INFO:root:[Epoch 23] validation: Recall@4=0.752363
INFO:root:[Epoch 23] validation: Recall@8=0.842505
INFO:root:[Epoch 23] validation: Recall@16=0.910533
INFO:root:[Epoch 23] validation: NMI=0.601802
INFO:root:Epoch 24 learning rate=0.000006
INFO:root:[Epoch 24] validation: Recall@1=0.514348
INFO:root:[Epoch 24] validation: Recall@2=0.640108
INFO:root:[Epoch 24] validation: Recall@4=0.751688
INFO:root:[Epoch 24] validation: Recall@8=0.839804
INFO:root:[Epoch 24] validation: Recall@16=0.910365
INFO:root:[Epoch 24] validation: NMI=0.616496
INFO:root:Epoch 25 learning rate=0.000006
INFO:root:[Epoch 25] validation: Recall@1=0.512660
INFO:root:[Epoch 25] validation: Recall@2=0.637070
INFO:root:[Epoch 25] validation: Recall@4=0.751688
INFO:root:[Epoch 25] validation: Recall@8=0.836090
INFO:root:[Epoch 25] validation: Recall@16=0.910702
INFO:root:[Epoch 25] validation: NMI=0.609434
INFO:root:Run 6 finished with 0.520594
INFO:root:Starting run 7/10
INFO:root:Epoch 1 learning rate=0.000100
INFO:root:[Epoch 1] validation: Recall@1=0.425895
INFO:root:[Epoch 1] validation: Recall@2=0.556212
INFO:root:[Epoch 1] validation: Recall@4=0.688217
INFO:root:[Epoch 1] validation: Recall@8=0.794396
INFO:root:[Epoch 1] validation: Recall@16=0.886057
INFO:root:[Epoch 1] validation: NMI=0.574107
INFO:root:Saving npairs_model.
INFO:root:New best validation: R@1: 0.425895 NMI: 0.574107
INFO:root:Epoch 2 learning rate=0.000100
INFO:root:[Epoch 2] validation: Recall@1=0.481600
INFO:root:[Epoch 2] validation: Recall@2=0.611074
INFO:root:[Epoch 2] validation: Recall@4=0.727718
INFO:root:[Epoch 2] validation: Recall@8=0.826975
INFO:root:[Epoch 2] validation: Recall@16=0.906820
INFO:root:[Epoch 2] validation: NMI=0.611176
INFO:root:Saving npairs_model.
INFO:root:New best validation: R@1: 0.481600 NMI: 0.611176
INFO:root:Epoch 3 learning rate=0.000100
INFO:root:[Epoch 3] validation: Recall@1=0.495105
INFO:root:[Epoch 3] validation: Recall@2=0.630317
INFO:root:[Epoch 3] validation: Recall@4=0.745105
INFO:root:[Epoch 3] validation: Recall@8=0.840479
INFO:root:[Epoch 3] validation: Recall@16=0.915766
INFO:root:[Epoch 3] validation: NMI=0.625568
INFO:root:Saving npairs_model.
INFO:root:New best validation: R@1: 0.495105 NMI: 0.625568
INFO:root:Epoch 4 learning rate=0.000100
INFO:root:[Epoch 4] validation: Recall@1=0.511141
INFO:root:[Epoch 4] validation: Recall@2=0.639602
INFO:root:[Epoch 4] validation: Recall@4=0.750675
INFO:root:[Epoch 4] validation: Recall@8=0.849932
INFO:root:[Epoch 4] validation: Recall@16=0.915260
INFO:root:[Epoch 4] validation: NMI=0.628066
INFO:root:Saving npairs_model.
INFO:root:New best validation: R@1: 0.511141 NMI: 0.628066
INFO:root:Epoch 5 learning rate=0.000100
INFO:root:[Epoch 5] validation: Recall@1=0.510297
INFO:root:[Epoch 5] validation: Recall@2=0.640614
INFO:root:[Epoch 5] validation: Recall@4=0.758778
INFO:root:[Epoch 5] validation: Recall@8=0.847738
INFO:root:[Epoch 5] validation: Recall@16=0.919649
INFO:root:[Epoch 5] validation: NMI=0.625482
INFO:root:Epoch 6 learning rate=0.000100
INFO:root:[Epoch 6] validation: Recall@1=0.521101
INFO:root:[Epoch 6] validation: Recall@2=0.651924
INFO:root:[Epoch 6] validation: Recall@4=0.764686
INFO:root:[Epoch 6] validation: Recall@8=0.856009
INFO:root:[Epoch 6] validation: Recall@16=0.917961
INFO:root:[Epoch 6] validation: NMI=0.630838
INFO:root:Saving npairs_model.
INFO:root:New best validation: R@1: 0.521101 NMI: 0.630838
INFO:root:Epoch 7 learning rate=0.000100
INFO:root:[Epoch 7] validation: Recall@1=0.525152
INFO:root:[Epoch 7] validation: Recall@2=0.652768
INFO:root:[Epoch 7] validation: Recall@4=0.757427
INFO:root:[Epoch 7] validation: Recall@8=0.847738
INFO:root:[Epoch 7] validation: Recall@16=0.914078
INFO:root:[Epoch 7] validation: NMI=0.621076
INFO:root:Saving npairs_model.
INFO:root:New best validation: R@1: 0.525152 NMI: 0.621076
INFO:root:Epoch 8 learning rate=0.000100
INFO:root:[Epoch 8] validation: Recall@1=0.518231
INFO:root:[Epoch 8] validation: Recall@2=0.645003
INFO:root:[Epoch 8] validation: Recall@4=0.753207
INFO:root:[Epoch 8] validation: Recall@8=0.844868
INFO:root:[Epoch 8] validation: Recall@16=0.912897
INFO:root:[Epoch 8] validation: NMI=0.619909
INFO:root:Epoch 9 learning rate=0.000100
INFO:root:[Epoch 9] validation: Recall@1=0.517556
INFO:root:[Epoch 9] validation: Recall@2=0.644328
INFO:root:[Epoch 9] validation: Recall@4=0.755233
INFO:root:[Epoch 9] validation: Recall@8=0.839973
INFO:root:[Epoch 9] validation: Recall@16=0.914754
INFO:root:[Epoch 9] validation: NMI=0.613759
INFO:root:Epoch 10 learning rate=0.000100
INFO:root:[Epoch 10] validation: Recall@1=0.510972
INFO:root:[Epoch 10] validation: Recall@2=0.635719
INFO:root:[Epoch 10] validation: Recall@4=0.746455
INFO:root:[Epoch 10] validation: Recall@8=0.840311
INFO:root:[Epoch 10] validation: Recall@16=0.912221
INFO:root:[Epoch 10] validation: NMI=0.619533
INFO:root:Epoch 11 learning rate=0.000100
INFO:root:[Epoch 11] validation: Recall@1=0.525996
INFO:root:[Epoch 11] validation: Recall@2=0.654963
INFO:root:[Epoch 11] validation: Recall@4=0.755908
INFO:root:[Epoch 11] validation: Recall@8=0.840479
INFO:root:[Epoch 11] validation: Recall@16=0.909183
INFO:root:[Epoch 11] validation: NMI=0.618010
INFO:root:Saving npairs_model.
INFO:root:New best validation: R@1: 0.525996 NMI: 0.618010
INFO:root:Epoch 12 learning rate=0.000050
INFO:root:[Epoch 12] validation: Recall@1=0.523126
INFO:root:[Epoch 12] validation: Recall@2=0.648211
INFO:root:[Epoch 12] validation: Recall@4=0.757259
INFO:root:[Epoch 12] validation: Recall@8=0.842167
INFO:root:[Epoch 12] validation: Recall@16=0.914754
INFO:root:[Epoch 12] validation: NMI=0.611508
INFO:root:Epoch 13 learning rate=0.000050
INFO:root:[Epoch 13] validation: Recall@1=0.519581
INFO:root:[Epoch 13] validation: Recall@2=0.647367
INFO:root:[Epoch 13] validation: Recall@4=0.750506
INFO:root:[Epoch 13] validation: Recall@8=0.841999
INFO:root:[Epoch 13] validation: Recall@16=0.907495
INFO:root:[Epoch 13] validation: NMI=0.613654
INFO:root:Epoch 14 learning rate=0.000025
INFO:root:[Epoch 14] validation: Recall@1=0.519075
INFO:root:[Epoch 14] validation: Recall@2=0.645172
INFO:root:[Epoch 14] validation: Recall@4=0.750338
INFO:root:[Epoch 14] validation: Recall@8=0.841155
INFO:root:[Epoch 14] validation: Recall@16=0.907664
INFO:root:[Epoch 14] validation: NMI=0.615477
INFO:root:Epoch 15 learning rate=0.000025
INFO:root:[Epoch 15] validation: Recall@1=0.511985
INFO:root:[Epoch 15] validation: Recall@2=0.638589
INFO:root:[Epoch 15] validation: Recall@4=0.750844
INFO:root:[Epoch 15] validation: Recall@8=0.842336
INFO:root:[Epoch 15] validation: Recall@16=0.906144
INFO:root:[Epoch 15] validation: NMI=0.614726
INFO:root:Epoch 16 learning rate=0.000013
INFO:root:[Epoch 16] validation: Recall@1=0.521607
INFO:root:[Epoch 16] validation: Recall@2=0.645679
INFO:root:[Epoch 16] validation: Recall@4=0.751688
INFO:root:[Epoch 16] validation: Recall@8=0.840817
INFO:root:[Epoch 16] validation: Recall@16=0.911884
INFO:root:[Epoch 16] validation: NMI=0.617859
INFO:root:Epoch 17 learning rate=0.000013
INFO:root:[Epoch 17] validation: Recall@1=0.519413
INFO:root:[Epoch 17] validation: Recall@2=0.641121
INFO:root:[Epoch 17] validation: Recall@4=0.751013
INFO:root:[Epoch 17] validation: Recall@8=0.841830
INFO:root:[Epoch 17] validation: Recall@16=0.909858
INFO:root:[Epoch 17] validation: NMI=0.617252
INFO:root:Epoch 18 learning rate=0.000006
INFO:root:[Epoch 18] validation: Recall@1=0.520425
INFO:root:[Epoch 18] validation: Recall@2=0.643315
INFO:root:[Epoch 18] validation: Recall@4=0.750169
INFO:root:[Epoch 18] validation: Recall@8=0.841492
INFO:root:[Epoch 18] validation: Recall@16=0.909858
INFO:root:[Epoch 18] validation: NMI=0.624839
INFO:root:Epoch 19 learning rate=0.000006
INFO:root:[Epoch 19] validation: Recall@1=0.519919
INFO:root:[Epoch 19] validation: Recall@2=0.643991
INFO:root:[Epoch 19] validation: Recall@4=0.755064
INFO:root:[Epoch 19] validation: Recall@8=0.838623
INFO:root:[Epoch 19] validation: Recall@16=0.911040
INFO:root:[Epoch 19] validation: NMI=0.618057
INFO:root:Epoch 20 learning rate=0.000006
INFO:root:[Epoch 20] validation: Recall@1=0.516543
INFO:root:[Epoch 20] validation: Recall@2=0.643147
INFO:root:[Epoch 20] validation: Recall@4=0.751519
INFO:root:[Epoch 20] validation: Recall@8=0.841323
INFO:root:[Epoch 20] validation: Recall@16=0.908845
INFO:root:[Epoch 20] validation: NMI=0.618456
INFO:root:Epoch 21 learning rate=0.000006
INFO:root:[Epoch 21] validation: Recall@1=0.513336
INFO:root:[Epoch 21] validation: Recall@2=0.639264
INFO:root:[Epoch 21] validation: Recall@4=0.749494
INFO:root:[Epoch 21] validation: Recall@8=0.842167
INFO:root:[Epoch 21] validation: Recall@16=0.909521
INFO:root:[Epoch 21] validation: NMI=0.619139
INFO:root:Epoch 22 learning rate=0.000006
INFO:root:[Epoch 22] validation: Recall@1=0.514686
INFO:root:[Epoch 22] validation: Recall@2=0.643147
INFO:root:[Epoch 22] validation: Recall@4=0.745949
INFO:root:[Epoch 22] validation: Recall@8=0.839973
INFO:root:[Epoch 22] validation: Recall@16=0.910196
INFO:root:[Epoch 22] validation: NMI=0.614280
INFO:root:Epoch 23 learning rate=0.000006
INFO:root:[Epoch 23] validation: Recall@1=0.511310
INFO:root:[Epoch 23] validation: Recall@2=0.640446
INFO:root:[Epoch 23] validation: Recall@4=0.750675
INFO:root:[Epoch 23] validation: Recall@8=0.838116
INFO:root:[Epoch 23] validation: Recall@16=0.907833
INFO:root:[Epoch 23] validation: NMI=0.615690
INFO:root:Epoch 24 learning rate=0.000006
INFO:root:[Epoch 24] validation: Recall@1=0.514855
INFO:root:[Epoch 24] validation: Recall@2=0.638082
INFO:root:[Epoch 24] validation: Recall@4=0.750675
INFO:root:[Epoch 24] validation: Recall@8=0.837441
INFO:root:[Epoch 24] validation: Recall@16=0.907664
INFO:root:[Epoch 24] validation: NMI=0.617636
INFO:root:Epoch 25 learning rate=0.000006
INFO:root:[Epoch 25] validation: Recall@1=0.514180
INFO:root:[Epoch 25] validation: Recall@2=0.639602
INFO:root:[Epoch 25] validation: Recall@4=0.751688
INFO:root:[Epoch 25] validation: Recall@8=0.841155
INFO:root:[Epoch 25] validation: Recall@16=0.909521
INFO:root:[Epoch 25] validation: NMI=0.619302
INFO:root:Run 7 finished with 0.525996
INFO:root:Starting run 8/10
INFO:root:Epoch 1 learning rate=0.000100
INFO:root:[Epoch 1] validation: Recall@1=0.409858
INFO:root:[Epoch 1] validation: Recall@2=0.541864
INFO:root:[Epoch 1] validation: Recall@4=0.667286
INFO:root:[Epoch 1] validation: Recall@8=0.788825
INFO:root:[Epoch 1] validation: Recall@16=0.879473
INFO:root:[Epoch 1] validation: NMI=0.564577
INFO:root:Saving npairs_model.
INFO:root:New best validation: R@1: 0.409858 NMI: 0.564577
INFO:root:Epoch 2 learning rate=0.000100
INFO:root:[Epoch 2] validation: Recall@1=0.463538
INFO:root:[Epoch 2] validation: Recall@2=0.593856
INFO:root:[Epoch 2] validation: Recall@4=0.707968
INFO:root:[Epoch 2] validation: Recall@8=0.818197
INFO:root:[Epoch 2] validation: Recall@16=0.897198
INFO:root:[Epoch 2] validation: NMI=0.602624
INFO:root:Saving npairs_model.
INFO:root:New best validation: R@1: 0.463538 NMI: 0.602624
INFO:root:Epoch 3 learning rate=0.000100
INFO:root:[Epoch 3] validation: Recall@1=0.489534
INFO:root:[Epoch 3] validation: Recall@2=0.622215
INFO:root:[Epoch 3] validation: Recall@4=0.736833
INFO:root:[Epoch 3] validation: Recall@8=0.836935
INFO:root:[Epoch 3] validation: Recall@16=0.906989
INFO:root:[Epoch 3] validation: NMI=0.618166
INFO:root:Saving npairs_model.
INFO:root:New best validation: R@1: 0.489534 NMI: 0.618166
INFO:root:Epoch 4 learning rate=0.000100
INFO:root:[Epoch 4] validation: Recall@1=0.504895
INFO:root:[Epoch 4] validation: Recall@2=0.631499
INFO:root:[Epoch 4] validation: Recall@4=0.750169
INFO:root:[Epoch 4] validation: Recall@8=0.843180
INFO:root:[Epoch 4] validation: Recall@16=0.912728
INFO:root:[Epoch 4] validation: NMI=0.620676
INFO:root:Saving npairs_model.
INFO:root:New best validation: R@1: 0.504895 NMI: 0.620676
INFO:root:Epoch 5 learning rate=0.000100
INFO:root:[Epoch 5] validation: Recall@1=0.506246
INFO:root:[Epoch 5] validation: Recall@2=0.629811
INFO:root:[Epoch 5] validation: Recall@4=0.748143
INFO:root:[Epoch 5] validation: Recall@8=0.841661
INFO:root:[Epoch 5] validation: Recall@16=0.911040
INFO:root:[Epoch 5] validation: NMI=0.618853
INFO:root:Saving npairs_model.
INFO:root:New best validation: R@1: 0.506246 NMI: 0.618853
INFO:root:Epoch 6 learning rate=0.000100
INFO:root:[Epoch 6] validation: Recall@1=0.501519
INFO:root:[Epoch 6] validation: Recall@2=0.629811
INFO:root:[Epoch 6] validation: Recall@4=0.744767
INFO:root:[Epoch 6] validation: Recall@8=0.835415
INFO:root:[Epoch 6] validation: Recall@16=0.908845
INFO:root:[Epoch 6] validation: NMI=0.620265
INFO:root:Epoch 7 learning rate=0.000100
INFO:root:[Epoch 7] validation: Recall@1=0.510635
INFO:root:[Epoch 7] validation: Recall@2=0.637576
INFO:root:[Epoch 7] validation: Recall@4=0.753207
INFO:root:[Epoch 7] validation: Recall@8=0.841661
INFO:root:[Epoch 7] validation: Recall@16=0.907157
INFO:root:[Epoch 7] validation: NMI=0.617819
INFO:root:Saving npairs_model.
INFO:root:New best validation: R@1: 0.510635 NMI: 0.617819
INFO:root:Epoch 8 learning rate=0.000100
INFO:root:[Epoch 8] validation: Recall@1=0.508778
INFO:root:[Epoch 8] validation: Recall@2=0.640952
INFO:root:[Epoch 8] validation: Recall@4=0.756415
INFO:root:[Epoch 8] validation: Recall@8=0.847907
INFO:root:[Epoch 8] validation: Recall@16=0.908508
INFO:root:[Epoch 8] validation: NMI=0.620347
INFO:root:Epoch 9 learning rate=0.000100
INFO:root:[Epoch 9] validation: Recall@1=0.505233
INFO:root:[Epoch 9] validation: Recall@2=0.627954
INFO:root:[Epoch 9] validation: Recall@4=0.744767
INFO:root:[Epoch 9] validation: Recall@8=0.838116
INFO:root:[Epoch 9] validation: Recall@16=0.908508
INFO:root:[Epoch 9] validation: NMI=0.611235
INFO:root:Epoch 10 learning rate=0.000100
INFO:root:[Epoch 10] validation: Recall@1=0.499325
INFO:root:[Epoch 10] validation: Recall@2=0.625084
INFO:root:[Epoch 10] validation: Recall@4=0.746117
INFO:root:[Epoch 10] validation: Recall@8=0.840986
INFO:root:[Epoch 10] validation: Recall@16=0.910365
INFO:root:[Epoch 10] validation: NMI=0.614754
INFO:root:Epoch 11 learning rate=0.000100
INFO:root:[Epoch 11] validation: Recall@1=0.500338
INFO:root:[Epoch 11] validation: Recall@2=0.632174
INFO:root:[Epoch 11] validation: Recall@4=0.744936
INFO:root:[Epoch 11] validation: Recall@8=0.832883
INFO:root:[Epoch 11] validation: Recall@16=0.902937
INFO:root:[Epoch 11] validation: NMI=0.606107
INFO:root:Epoch 12 learning rate=0.000050
INFO:root:[Epoch 12] validation: Recall@1=0.499831
INFO:root:[Epoch 12] validation: Recall@2=0.624409
INFO:root:[Epoch 12] validation: Recall@4=0.740885
INFO:root:[Epoch 12] validation: Recall@8=0.827313
INFO:root:[Epoch 12] validation: Recall@16=0.900068
INFO:root:[Epoch 12] validation: NMI=0.611533
INFO:root:Epoch 13 learning rate=0.000050
INFO:root:[Epoch 13] validation: Recall@1=0.494092
INFO:root:[Epoch 13] validation: Recall@2=0.623059
INFO:root:[Epoch 13] validation: Recall@4=0.733457
INFO:root:[Epoch 13] validation: Recall@8=0.836259
INFO:root:[Epoch 13] validation: Recall@16=0.903950
INFO:root:[Epoch 13] validation: NMI=0.609740
INFO:root:Epoch 14 learning rate=0.000025
INFO:root:[Epoch 14] validation: Recall@1=0.495780
INFO:root:[Epoch 14] validation: Recall@2=0.625760
INFO:root:[Epoch 14] validation: Recall@4=0.737677
INFO:root:[Epoch 14] validation: Recall@8=0.832208
INFO:root:[Epoch 14] validation: Recall@16=0.902431
INFO:root:[Epoch 14] validation: NMI=0.611141
INFO:root:Epoch 15 learning rate=0.000025
INFO:root:[Epoch 15] validation: Recall@1=0.491053
INFO:root:[Epoch 15] validation: Recall@2=0.621033
INFO:root:[Epoch 15] validation: Recall@4=0.741222
INFO:root:[Epoch 15] validation: Recall@8=0.835584
INFO:root:[Epoch 15] validation: Recall@16=0.903106
INFO:root:[Epoch 15] validation: NMI=0.610560
INFO:root:Epoch 16 learning rate=0.000013
INFO:root:[Epoch 16] validation: Recall@1=0.488521
INFO:root:[Epoch 16] validation: Recall@2=0.616813
INFO:root:[Epoch 16] validation: Recall@4=0.737340
INFO:root:[Epoch 16] validation: Recall@8=0.834234
INFO:root:[Epoch 16] validation: Recall@16=0.901587
INFO:root:[Epoch 16] validation: NMI=0.607157
INFO:root:Epoch 17 learning rate=0.000013
INFO:root:[Epoch 17] validation: Recall@1=0.491729
INFO:root:[Epoch 17] validation: Recall@2=0.620695
INFO:root:[Epoch 17] validation: Recall@4=0.735145
INFO:root:[Epoch 17] validation: Recall@8=0.829169
INFO:root:[Epoch 17] validation: Recall@16=0.899561
INFO:root:[Epoch 17] validation: NMI=0.606058
INFO:root:Epoch 18 learning rate=0.000006
INFO:root:[Epoch 18] validation: Recall@1=0.491053
INFO:root:[Epoch 18] validation: Recall@2=0.617488
INFO:root:[Epoch 18] validation: Recall@4=0.735483
INFO:root:[Epoch 18] validation: Recall@8=0.833896
INFO:root:[Epoch 18] validation: Recall@16=0.901418
INFO:root:[Epoch 18] validation: NMI=0.615279
INFO:root:Epoch 19 learning rate=0.000006
INFO:root:[Epoch 19] validation: Recall@1=0.490885
INFO:root:[Epoch 19] validation: Recall@2=0.621540
INFO:root:[Epoch 19] validation: Recall@4=0.735145
INFO:root:[Epoch 19] validation: Recall@8=0.830351
INFO:root:[Epoch 19] validation: Recall@16=0.898211
INFO:root:[Epoch 19] validation: NMI=0.611045
INFO:root:Epoch 20 learning rate=0.000006
INFO:root:[Epoch 20] validation: Recall@1=0.492741
INFO:root:[Epoch 20] validation: Recall@2=0.622721
INFO:root:[Epoch 20] validation: Recall@4=0.735314
INFO:root:[Epoch 20] validation: Recall@8=0.829845
INFO:root:[Epoch 20] validation: Recall@16=0.899392
INFO:root:[Epoch 20] validation: NMI=0.612964
INFO:root:Epoch 21 learning rate=0.000006
INFO:root:[Epoch 21] validation: Recall@1=0.490885
INFO:root:[Epoch 21] validation: Recall@2=0.616982
INFO:root:[Epoch 21] validation: Recall@4=0.735652
INFO:root:[Epoch 21] validation: Recall@8=0.830351
INFO:root:[Epoch 21] validation: Recall@16=0.898379
INFO:root:[Epoch 21] validation: NMI=0.606493
INFO:root:Epoch 22 learning rate=0.000006
INFO:root:[Epoch 22] validation: Recall@1=0.491560
INFO:root:[Epoch 22] validation: Recall@2=0.621708
INFO:root:[Epoch 22] validation: Recall@4=0.735145
INFO:root:[Epoch 22] validation: Recall@8=0.830858
INFO:root:[Epoch 22] validation: Recall@16=0.898717
INFO:root:[Epoch 22] validation: NMI=0.608886
INFO:root:Epoch 23 learning rate=0.000006
INFO:root:[Epoch 23] validation: Recall@1=0.491222
INFO:root:[Epoch 23] validation: Recall@2=0.622215
INFO:root:[Epoch 23] validation: Recall@4=0.736327
INFO:root:[Epoch 23] validation: Recall@8=0.830858
INFO:root:[Epoch 23] validation: Recall@16=0.897198
INFO:root:[Epoch 23] validation: NMI=0.612534
INFO:root:Epoch 24 learning rate=0.000006
INFO:root:[Epoch 24] validation: Recall@1=0.488521
INFO:root:[Epoch 24] validation: Recall@2=0.618332
INFO:root:[Epoch 24] validation: Recall@4=0.735652
INFO:root:[Epoch 24] validation: Recall@8=0.831702
INFO:root:[Epoch 24] validation: Recall@16=0.898379
INFO:root:[Epoch 24] validation: NMI=0.609140
INFO:root:Epoch 25 learning rate=0.000006
INFO:root:[Epoch 25] validation: Recall@1=0.489703
INFO:root:[Epoch 25] validation: Recall@2=0.623565
INFO:root:[Epoch 25] validation: Recall@4=0.734132
INFO:root:[Epoch 25] validation: Recall@8=0.828325
INFO:root:[Epoch 25] validation: Recall@16=0.897367
INFO:root:[Epoch 25] validation: NMI=0.609337
INFO:root:Run 8 finished with 0.510635
INFO:root:Starting run 9/10
INFO:root:Epoch 1 learning rate=0.000100
INFO:root:[Epoch 1] validation: Recall@1=0.430115
INFO:root:[Epoch 1] validation: Recall@2=0.567016
INFO:root:[Epoch 1] validation: Recall@4=0.692606
INFO:root:[Epoch 1] validation: Recall@8=0.806381
INFO:root:[Epoch 1] validation: Recall@16=0.886732
INFO:root:[Epoch 1] validation: NMI=0.571134
INFO:root:Saving npairs_model.
INFO:root:New best validation: R@1: 0.430115 NMI: 0.571134
INFO:root:Epoch 2 learning rate=0.000100
INFO:root:[Epoch 2] validation: Recall@1=0.473666
INFO:root:[Epoch 2] validation: Recall@2=0.610230
INFO:root:[Epoch 2] validation: Recall@4=0.731769
INFO:root:[Epoch 2] validation: Recall@8=0.830351
INFO:root:[Epoch 2] validation: Recall@16=0.907326
INFO:root:[Epoch 2] validation: NMI=0.608799
INFO:root:Saving npairs_model.
INFO:root:New best validation: R@1: 0.473666 NMI: 0.608799
INFO:root:Epoch 3 learning rate=0.000100
INFO:root:[Epoch 3] validation: Recall@1=0.493754
INFO:root:[Epoch 3] validation: Recall@2=0.624578
INFO:root:[Epoch 3] validation: Recall@4=0.741729
INFO:root:[Epoch 3] validation: Recall@8=0.841155
INFO:root:[Epoch 3] validation: Recall@16=0.909858
INFO:root:[Epoch 3] validation: NMI=0.617327
INFO:root:Saving npairs_model.
INFO:root:New best validation: R@1: 0.493754 NMI: 0.617327
INFO:root:Epoch 4 learning rate=0.000100
INFO:root:[Epoch 4] validation: Recall@1=0.502026
INFO:root:[Epoch 4] validation: Recall@2=0.631330
INFO:root:[Epoch 4] validation: Recall@4=0.749325
INFO:root:[Epoch 4] validation: Recall@8=0.841999
INFO:root:[Epoch 4] validation: Recall@16=0.913403
INFO:root:[Epoch 4] validation: NMI=0.620649
INFO:root:Saving npairs_model.
INFO:root:New best validation: R@1: 0.502026 NMI: 0.620649
INFO:root:Epoch 5 learning rate=0.000100
INFO:root:[Epoch 5] validation: Recall@1=0.505908
INFO:root:[Epoch 5] validation: Recall@2=0.640446
INFO:root:[Epoch 5] validation: Recall@4=0.753376
INFO:root:[Epoch 5] validation: Recall@8=0.848076
INFO:root:[Epoch 5] validation: Recall@16=0.912559
INFO:root:[Epoch 5] validation: NMI=0.624379
INFO:root:Saving npairs_model.
INFO:root:New best validation: R@1: 0.505908 NMI: 0.624379
INFO:root:Epoch 6 learning rate=0.000100
INFO:root:[Epoch 6] validation: Recall@1=0.508440
INFO:root:[Epoch 6] validation: Recall@2=0.630655
INFO:root:[Epoch 6] validation: Recall@4=0.748818
INFO:root:[Epoch 6] validation: Recall@8=0.839973
INFO:root:[Epoch 6] validation: Recall@16=0.909183
INFO:root:[Epoch 6] validation: NMI=0.625274
INFO:root:Saving npairs_model.
INFO:root:New best validation: R@1: 0.508440 NMI: 0.625274
INFO:root:Epoch 7 learning rate=0.000100
INFO:root:[Epoch 7] validation: Recall@1=0.514011
INFO:root:[Epoch 7] validation: Recall@2=0.639433
INFO:root:[Epoch 7] validation: Recall@4=0.755064
INFO:root:[Epoch 7] validation: Recall@8=0.846050
INFO:root:[Epoch 7] validation: Recall@16=0.909183
INFO:root:[Epoch 7] validation: NMI=0.620409
INFO:root:Saving npairs_model.
INFO:root:New best validation: R@1: 0.514011 NMI: 0.620409
INFO:root:Epoch 8 learning rate=0.000100
INFO:root:[Epoch 8] validation: Recall@1=0.500506
INFO:root:[Epoch 8] validation: Recall@2=0.631161
INFO:root:[Epoch 8] validation: Recall@4=0.752532
INFO:root:[Epoch 8] validation: Recall@8=0.841323
INFO:root:[Epoch 8] validation: Recall@16=0.907326
INFO:root:[Epoch 8] validation: NMI=0.616296
INFO:root:Epoch 9 learning rate=0.000100
INFO:root:[Epoch 9] validation: Recall@1=0.507090
INFO:root:[Epoch 9] validation: Recall@2=0.630824
INFO:root:[Epoch 9] validation: Recall@4=0.746286
INFO:root:[Epoch 9] validation: Recall@8=0.840142
INFO:root:[Epoch 9] validation: Recall@16=0.906820
INFO:root:[Epoch 9] validation: NMI=0.614253
INFO:root:Epoch 10 learning rate=0.000100
INFO:root:[Epoch 10] validation: Recall@1=0.494767
INFO:root:[Epoch 10] validation: Recall@2=0.624747
INFO:root:[Epoch 10] validation: Recall@4=0.746793
INFO:root:[Epoch 10] validation: Recall@8=0.834234
INFO:root:[Epoch 10] validation: Recall@16=0.901756
INFO:root:[Epoch 10] validation: NMI=0.614922
INFO:root:Epoch 11 learning rate=0.000100
INFO:root:[Epoch 11] validation: Recall@1=0.500000
INFO:root:[Epoch 11] validation: Recall@2=0.628292
INFO:root:[Epoch 11] validation: Recall@4=0.746286
INFO:root:[Epoch 11] validation: Recall@8=0.840986
INFO:root:[Epoch 11] validation: Recall@16=0.907157
INFO:root:[Epoch 11] validation: NMI=0.609898
INFO:root:Epoch 12 learning rate=0.000050
INFO:root:[Epoch 12] validation: Recall@1=0.500675
INFO:root:[Epoch 12] validation: Recall@2=0.627616
INFO:root:[Epoch 12] validation: Recall@4=0.748481
INFO:root:[Epoch 12] validation: Recall@8=0.840648
INFO:root:[Epoch 12] validation: Recall@16=0.902768
INFO:root:[Epoch 12] validation: NMI=0.611042
INFO:root:Epoch 13 learning rate=0.000050
INFO:root:[Epoch 13] validation: Recall@1=0.500844
INFO:root:[Epoch 13] validation: Recall@2=0.623734
INFO:root:[Epoch 13] validation: Recall@4=0.746117
INFO:root:[Epoch 13] validation: Recall@8=0.837103
INFO:root:[Epoch 13] validation: Recall@16=0.905469
INFO:root:[Epoch 13] validation: NMI=0.612725
INFO:root:Epoch 14 learning rate=0.000025
INFO:root:[Epoch 14] validation: Recall@1=0.499662
INFO:root:[Epoch 14] validation: Recall@2=0.627616
INFO:root:[Epoch 14] validation: Recall@4=0.747974
INFO:root:[Epoch 14] validation: Recall@8=0.836766
INFO:root:[Epoch 14] validation: Recall@16=0.903950
INFO:root:[Epoch 14] validation: NMI=0.619288
INFO:root:Epoch 15 learning rate=0.000025
INFO:root:[Epoch 15] validation: Recall@1=0.503883
INFO:root:[Epoch 15] validation: Recall@2=0.626941
INFO:root:[Epoch 15] validation: Recall@4=0.743248
INFO:root:[Epoch 15] validation: Recall@8=0.841830
INFO:root:[Epoch 15] validation: Recall@16=0.904119
INFO:root:[Epoch 15] validation: NMI=0.613541
INFO:root:Epoch 16 learning rate=0.000013
INFO:root:[Epoch 16] validation: Recall@1=0.501013
INFO:root:[Epoch 16] validation: Recall@2=0.627785
INFO:root:[Epoch 16] validation: Recall@4=0.744429
INFO:root:[Epoch 16] validation: Recall@8=0.837272
INFO:root:[Epoch 16] validation: Recall@16=0.903106
INFO:root:[Epoch 16] validation: NMI=0.612664
INFO:root:Epoch 17 learning rate=0.000013
INFO:root:[Epoch 17] validation: Recall@1=0.501013
INFO:root:[Epoch 17] validation: Recall@2=0.633693
INFO:root:[Epoch 17] validation: Recall@4=0.744261
INFO:root:[Epoch 17] validation: Recall@8=0.838285
INFO:root:[Epoch 17] validation: Recall@16=0.902431
INFO:root:[Epoch 17] validation: NMI=0.617220
INFO:root:Epoch 18 learning rate=0.000006
INFO:root:[Epoch 18] validation: Recall@1=0.500338
INFO:root:[Epoch 18] validation: Recall@2=0.631499
INFO:root:[Epoch 18] validation: Recall@4=0.743417
INFO:root:[Epoch 18] validation: Recall@8=0.840311
INFO:root:[Epoch 18] validation: Recall@16=0.904625
INFO:root:[Epoch 18] validation: NMI=0.612037
INFO:root:Epoch 19 learning rate=0.000006
INFO:root:[Epoch 19] validation: Recall@1=0.504558
INFO:root:[Epoch 19] validation: Recall@2=0.628967
INFO:root:[Epoch 19] validation: Recall@4=0.744936
INFO:root:[Epoch 19] validation: Recall@8=0.836935
INFO:root:[Epoch 19] validation: Recall@16=0.904456
INFO:root:[Epoch 19] validation: NMI=0.611290
INFO:root:Epoch 20 learning rate=0.000006
INFO:root:[Epoch 20] validation: Recall@1=0.498818
INFO:root:[Epoch 20] validation: Recall@2=0.625928
INFO:root:[Epoch 20] validation: Recall@4=0.746624
INFO:root:[Epoch 20] validation: Recall@8=0.838454
INFO:root:[Epoch 20] validation: Recall@16=0.902768
INFO:root:[Epoch 20] validation: NMI=0.610481
INFO:root:Epoch 21 learning rate=0.000006
INFO:root:[Epoch 21] validation: Recall@1=0.504220
INFO:root:[Epoch 21] validation: Recall@2=0.627110
INFO:root:[Epoch 21] validation: Recall@4=0.745442
INFO:root:[Epoch 21] validation: Recall@8=0.837610
INFO:root:[Epoch 21] validation: Recall@16=0.904119
INFO:root:[Epoch 21] validation: NMI=0.615111
INFO:root:Epoch 22 learning rate=0.000006
INFO:root:[Epoch 22] validation: Recall@1=0.502532
INFO:root:[Epoch 22] validation: Recall@2=0.628123
INFO:root:[Epoch 22] validation: Recall@4=0.742910
INFO:root:[Epoch 22] validation: Recall@8=0.838116
INFO:root:[Epoch 22] validation: Recall@16=0.900743
INFO:root:[Epoch 22] validation: NMI=0.609517
INFO:root:Epoch 23 learning rate=0.000006
INFO:root:[Epoch 23] validation: Recall@1=0.498143
INFO:root:[Epoch 23] validation: Recall@2=0.623396
INFO:root:[Epoch 23] validation: Recall@4=0.745949
INFO:root:[Epoch 23] validation: Recall@8=0.837779
INFO:root:[Epoch 23] validation: Recall@16=0.904456
INFO:root:[Epoch 23] validation: NMI=0.615961
INFO:root:Epoch 24 learning rate=0.000006
INFO:root:[Epoch 24] validation: Recall@1=0.499831
INFO:root:[Epoch 24] validation: Recall@2=0.621033
INFO:root:[Epoch 24] validation: Recall@4=0.738521
INFO:root:[Epoch 24] validation: Recall@8=0.836428
INFO:root:[Epoch 24] validation: Recall@16=0.902431
INFO:root:[Epoch 24] validation: NMI=0.599787
INFO:root:Epoch 25 learning rate=0.000006
INFO:root:[Epoch 25] validation: Recall@1=0.501013
INFO:root:[Epoch 25] validation: Recall@2=0.624072
INFO:root:[Epoch 25] validation: Recall@4=0.743248
INFO:root:[Epoch 25] validation: Recall@8=0.836935
INFO:root:[Epoch 25] validation: Recall@16=0.902768
INFO:root:[Epoch 25] validation: NMI=0.609254
INFO:root:Run 9 finished with 0.514011
INFO:root:Starting run 10/10
INFO:root:Epoch 1 learning rate=0.000100
INFO:root:[Epoch 1] validation: Recall@1=0.420155
INFO:root:[Epoch 1] validation: Recall@2=0.551317
INFO:root:[Epoch 1] validation: Recall@4=0.687205
INFO:root:[Epoch 1] validation: Recall@8=0.795915
INFO:root:[Epoch 1] validation: Recall@16=0.883525
INFO:root:[Epoch 1] validation: NMI=0.573902
INFO:root:Saving npairs_model.
INFO:root:New best validation: R@1: 0.420155 NMI: 0.573902
INFO:root:Epoch 2 learning rate=0.000100
INFO:root:[Epoch 2] validation: Recall@1=0.482782
INFO:root:[Epoch 2] validation: Recall@2=0.612255
INFO:root:[Epoch 2] validation: Recall@4=0.732951
INFO:root:[Epoch 2] validation: Recall@8=0.830351
INFO:root:[Epoch 2] validation: Recall@16=0.903106
INFO:root:[Epoch 2] validation: NMI=0.609925
INFO:root:Saving npairs_model.
INFO:root:New best validation: R@1: 0.482782 NMI: 0.609925
INFO:root:Epoch 3 learning rate=0.000100
INFO:root:[Epoch 3] validation: Recall@1=0.500675
INFO:root:[Epoch 3] validation: Recall@2=0.633356
INFO:root:[Epoch 3] validation: Recall@4=0.746117
INFO:root:[Epoch 3] validation: Recall@8=0.840817
INFO:root:[Epoch 3] validation: Recall@16=0.909014
INFO:root:[Epoch 3] validation: NMI=0.617682
INFO:root:Saving npairs_model.
INFO:root:New best validation: R@1: 0.500675 NMI: 0.617682
INFO:root:Epoch 4 learning rate=0.000100
INFO:root:[Epoch 4] validation: Recall@1=0.511985
INFO:root:[Epoch 4] validation: Recall@2=0.630993
INFO:root:[Epoch 4] validation: Recall@4=0.751519
INFO:root:[Epoch 4] validation: Recall@8=0.847738
INFO:root:[Epoch 4] validation: Recall@16=0.916104
INFO:root:[Epoch 4] validation: NMI=0.632255
INFO:root:Saving npairs_model.
INFO:root:New best validation: R@1: 0.511985 NMI: 0.632255
INFO:root:Epoch 5 learning rate=0.000100
INFO:root:[Epoch 5] validation: Recall@1=0.510635
INFO:root:[Epoch 5] validation: Recall@2=0.639433
INFO:root:[Epoch 5] validation: Recall@4=0.753883
INFO:root:[Epoch 5] validation: Recall@8=0.851621
INFO:root:[Epoch 5] validation: Recall@16=0.918130
INFO:root:[Epoch 5] validation: NMI=0.631300
INFO:root:Epoch 6 learning rate=0.000100
INFO:root:[Epoch 6] validation: Recall@1=0.511479
INFO:root:[Epoch 6] validation: Recall@2=0.640614
INFO:root:[Epoch 6] validation: Recall@4=0.754558
INFO:root:[Epoch 6] validation: Recall@8=0.847400
INFO:root:[Epoch 6] validation: Recall@16=0.914585
INFO:root:[Epoch 6] validation: NMI=0.619372
INFO:root:Epoch 7 learning rate=0.000100
INFO:root:[Epoch 7] validation: Recall@1=0.516712
INFO:root:[Epoch 7] validation: Recall@2=0.640108
INFO:root:[Epoch 7] validation: Recall@4=0.754389
INFO:root:[Epoch 7] validation: Recall@8=0.846725
INFO:root:[Epoch 7] validation: Recall@16=0.910365
INFO:root:[Epoch 7] validation: NMI=0.621144
INFO:root:Saving npairs_model.
INFO:root:New best validation: R@1: 0.516712 NMI: 0.621144
INFO:root:Epoch 8 learning rate=0.000100
INFO:root:[Epoch 8] validation: Recall@1=0.519075
INFO:root:[Epoch 8] validation: Recall@2=0.646016
INFO:root:[Epoch 8] validation: Recall@4=0.753883
INFO:root:[Epoch 8] validation: Recall@8=0.845206
INFO:root:[Epoch 8] validation: Recall@16=0.906989
INFO:root:[Epoch 8] validation: NMI=0.620249
INFO:root:Saving npairs_model.
INFO:root:New best validation: R@1: 0.519075 NMI: 0.620249
INFO:root:Epoch 9 learning rate=0.000100
INFO:root:[Epoch 9] validation: Recall@1=0.518062
INFO:root:[Epoch 9] validation: Recall@2=0.643653
INFO:root:[Epoch 9] validation: Recall@4=0.749831
INFO:root:[Epoch 9] validation: Recall@8=0.836935
INFO:root:[Epoch 9] validation: Recall@16=0.905638
INFO:root:[Epoch 9] validation: NMI=0.617429
INFO:root:Epoch 10 learning rate=0.000100
INFO:root:[Epoch 10] validation: Recall@1=0.502026
INFO:root:[Epoch 10] validation: Recall@2=0.624240
INFO:root:[Epoch 10] validation: Recall@4=0.746117
INFO:root:[Epoch 10] validation: Recall@8=0.841830
INFO:root:[Epoch 10] validation: Recall@16=0.903106
INFO:root:[Epoch 10] validation: NMI=0.619429
INFO:root:Epoch 11 learning rate=0.000100
INFO:root:[Epoch 11] validation: Recall@1=0.513504
INFO:root:[Epoch 11] validation: Recall@2=0.637576
INFO:root:[Epoch 11] validation: Recall@4=0.749156
INFO:root:[Epoch 11] validation: Recall@8=0.840142
INFO:root:[Epoch 11] validation: Recall@16=0.909521
INFO:root:[Epoch 11] validation: NMI=0.616368
INFO:root:Epoch 12 learning rate=0.000050
INFO:root:[Epoch 12] validation: Recall@1=0.503376
INFO:root:[Epoch 12] validation: Recall@2=0.637576
INFO:root:[Epoch 12] validation: Recall@4=0.747468
INFO:root:[Epoch 12] validation: Recall@8=0.838791
INFO:root:[Epoch 12] validation: Recall@16=0.905976
INFO:root:[Epoch 12] validation: NMI=0.620091
INFO:root:Epoch 13 learning rate=0.000050
INFO:root:[Epoch 13] validation: Recall@1=0.512154
INFO:root:[Epoch 13] validation: Recall@2=0.640108
INFO:root:[Epoch 13] validation: Recall@4=0.745780
INFO:root:[Epoch 13] validation: Recall@8=0.839298
INFO:root:[Epoch 13] validation: Recall@16=0.902600
INFO:root:[Epoch 13] validation: NMI=0.608583
INFO:root:Epoch 14 learning rate=0.000025
INFO:root:[Epoch 14] validation: Recall@1=0.511310
INFO:root:[Epoch 14] validation: Recall@2=0.641965
INFO:root:[Epoch 14] validation: Recall@4=0.748987
INFO:root:[Epoch 14] validation: Recall@8=0.841492
INFO:root:[Epoch 14] validation: Recall@16=0.900743
INFO:root:[Epoch 14] validation: NMI=0.610061
INFO:root:Epoch 15 learning rate=0.000025
INFO:root:[Epoch 15] validation: Recall@1=0.511141
INFO:root:[Epoch 15] validation: Recall@2=0.638926
INFO:root:[Epoch 15] validation: Recall@4=0.748481
INFO:root:[Epoch 15] validation: Recall@8=0.837103
INFO:root:[Epoch 15] validation: Recall@16=0.901924
INFO:root:[Epoch 15] validation: NMI=0.614513
INFO:root:Epoch 16 learning rate=0.000013
INFO:root:[Epoch 16] validation: Recall@1=0.515530
INFO:root:[Epoch 16] validation: Recall@2=0.642471
INFO:root:[Epoch 16] validation: Recall@4=0.753545
INFO:root:[Epoch 16] validation: Recall@8=0.838623
INFO:root:[Epoch 16] validation: Recall@16=0.900236
INFO:root:[Epoch 16] validation: NMI=0.609161
INFO:root:Epoch 17 learning rate=0.000013
INFO:root:[Epoch 17] validation: Recall@1=0.511141
INFO:root:[Epoch 17] validation: Recall@2=0.639770
INFO:root:[Epoch 17] validation: Recall@4=0.745105
INFO:root:[Epoch 17] validation: Recall@8=0.834571
INFO:root:[Epoch 17] validation: Recall@16=0.899392
INFO:root:[Epoch 17] validation: NMI=0.609504
INFO:root:Epoch 18 learning rate=0.000006
INFO:root:[Epoch 18] validation: Recall@1=0.510972
INFO:root:[Epoch 18] validation: Recall@2=0.638758
INFO:root:[Epoch 18] validation: Recall@4=0.747130
INFO:root:[Epoch 18] validation: Recall@8=0.837610
INFO:root:[Epoch 18] validation: Recall@16=0.898717
INFO:root:[Epoch 18] validation: NMI=0.613935
INFO:root:Epoch 19 learning rate=0.000006
INFO:root:[Epoch 19] validation: Recall@1=0.509791
INFO:root:[Epoch 19] validation: Recall@2=0.634875
INFO:root:[Epoch 19] validation: Recall@4=0.745611
INFO:root:[Epoch 19] validation: Recall@8=0.837441
INFO:root:[Epoch 19] validation: Recall@16=0.900574
INFO:root:[Epoch 19] validation: NMI=0.605945
INFO:root:Epoch 20 learning rate=0.000006
INFO:root:[Epoch 20] validation: Recall@1=0.511479
INFO:root:[Epoch 20] validation: Recall@2=0.637238
INFO:root:[Epoch 20] validation: Recall@4=0.746624
INFO:root:[Epoch 20] validation: Recall@8=0.836428
INFO:root:[Epoch 20] validation: Recall@16=0.900574
INFO:root:[Epoch 20] validation: NMI=0.603390
INFO:root:Epoch 21 learning rate=0.000006
INFO:root:[Epoch 21] validation: Recall@1=0.514348
INFO:root:[Epoch 21] validation: Recall@2=0.640614
INFO:root:[Epoch 21] validation: Recall@4=0.746624
INFO:root:[Epoch 21] validation: Recall@8=0.836428
INFO:root:[Epoch 21] validation: Recall@16=0.902262
INFO:root:[Epoch 21] validation: NMI=0.610504
INFO:root:Epoch 22 learning rate=0.000006
INFO:root:[Epoch 22] validation: Recall@1=0.512154
INFO:root:[Epoch 22] validation: Recall@2=0.639602
INFO:root:[Epoch 22] validation: Recall@4=0.746962
INFO:root:[Epoch 22] validation: Recall@8=0.835922
INFO:root:[Epoch 22] validation: Recall@16=0.902093
INFO:root:[Epoch 22] validation: NMI=0.604316
INFO:root:Epoch 23 learning rate=0.000006
INFO:root:[Epoch 23] validation: Recall@1=0.509453
INFO:root:[Epoch 23] validation: Recall@2=0.635719
INFO:root:[Epoch 23] validation: Recall@4=0.747130
INFO:root:[Epoch 23] validation: Recall@8=0.836090
INFO:root:[Epoch 23] validation: Recall@16=0.902093
INFO:root:[Epoch 23] validation: NMI=0.606927
INFO:root:Epoch 24 learning rate=0.000006
INFO:root:[Epoch 24] validation: Recall@1=0.507934
INFO:root:[Epoch 24] validation: Recall@2=0.636901
INFO:root:[Epoch 24] validation: Recall@4=0.743417
INFO:root:[Epoch 24] validation: Recall@8=0.836766
INFO:root:[Epoch 24] validation: Recall@16=0.903275
INFO:root:[Epoch 24] validation: NMI=0.613214
INFO:root:Epoch 25 learning rate=0.000006
INFO:root:[Epoch 25] validation: Recall@1=0.507596
INFO:root:[Epoch 25] validation: Recall@2=0.634537
INFO:root:[Epoch 25] validation: Recall@4=0.741897
INFO:root:[Epoch 25] validation: Recall@8=0.833390
INFO:root:[Epoch 25] validation: Recall@16=0.901418
INFO:root:[Epoch 25] validation: NMI=0.611955
INFO:root:Run 10 finished with 0.519075
INFO:root:Average validation of 10 runs:
R@1	R@2	R@4	R@8	R@16	NMI
51.61	64.08	75.28	84.35	90.86	62.02
