INFO:root:Namespace(batch_k=5, batch_size=125, beta=1.2, data_path='/DATA/Datastore/CUB_200_2011', dataset='CUB', embed_dim=64, epochs=20, factor=0.5, gpus=-1, iteration_per_epoch=200, kvstore='device', lr=0.0001, lr_beta=0.1, margin=0.2, model='inception-bn', nu=0.0, number_of_runs=10, optimizer='adam', save_model_prefix='margin_loss_model', seed=123, skip_pretrain_validation=False, steps='12,14,16,18', use_crops=False, use_scaling=False, wd=1e-05)
INFO:root:Autodetected 1 GPUs
INFO:root:Using 1 GPU(s)
INFO:root:Starting run 1/10
INFO:root:Pre-train validation: Recall@1=0.297097
INFO:root:Pre-train validation: Recall@2=0.416273
INFO:root:Pre-train validation: Recall@4=0.550641
INFO:root:Pre-train validation: Recall@8=0.682309
INFO:root:Pre-train validation: Recall@16=0.800135
INFO:root:Pre-train validation: NMI=0.444550
INFO:root:Epoch 0 learning rate=0.000100
INFO:root:Epoch 0 beta learning rate=0.100000
INFO:root:[Epoch 0] training loss=50.880663
INFO:root:[Epoch 0] validation: Recall@1=0.415935
INFO:root:[Epoch 0] validation: Recall@2=0.548278
INFO:root:[Epoch 0] validation: Recall@4=0.685854
INFO:root:[Epoch 0] validation: Recall@8=0.796084
INFO:root:[Epoch 0] validation: Recall@16=0.878460
INFO:root:[Epoch 0] validation: NMI=0.556439
INFO:root:Saving margin_loss_model.
INFO:root:Epoch 1 learning rate=0.000100
INFO:root:Epoch 1 beta learning rate=0.100000
INFO:root:[Epoch 1] training loss=45.023889
INFO:root:[Epoch 1] validation: Recall@1=0.466408
INFO:root:[Epoch 1] validation: Recall@2=0.601958
INFO:root:[Epoch 1] validation: Recall@4=0.722822
INFO:root:[Epoch 1] validation: Recall@8=0.819885
INFO:root:[Epoch 1] validation: Recall@16=0.896860
INFO:root:[Epoch 1] validation: NMI=0.590643
INFO:root:Saving margin_loss_model.
INFO:root:Epoch 2 learning rate=0.000100
INFO:root:Epoch 2 beta learning rate=0.100000
INFO:root:[Epoch 2] training loss=41.836902
INFO:root:[Epoch 2] validation: Recall@1=0.500844
INFO:root:[Epoch 2] validation: Recall@2=0.626435
INFO:root:[Epoch 2] validation: Recall@4=0.738352
INFO:root:[Epoch 2] validation: Recall@8=0.834065
INFO:root:[Epoch 2] validation: Recall@16=0.901756
INFO:root:[Epoch 2] validation: NMI=0.611996
INFO:root:Saving margin_loss_model.
INFO:root:Epoch 3 learning rate=0.000100
INFO:root:Epoch 3 beta learning rate=0.100000
INFO:root:[Epoch 3] training loss=38.647274
INFO:root:[Epoch 3] validation: Recall@1=0.515361
INFO:root:[Epoch 3] validation: Recall@2=0.636394
INFO:root:[Epoch 3] validation: Recall@4=0.746455
INFO:root:[Epoch 3] validation: Recall@8=0.836090
INFO:root:[Epoch 3] validation: Recall@16=0.906313
INFO:root:[Epoch 3] validation: NMI=0.603545
INFO:root:Saving margin_loss_model.
INFO:root:Epoch 4 learning rate=0.000100
INFO:root:Epoch 4 beta learning rate=0.100000
INFO:root:[Epoch 4] training loss=35.994935
INFO:root:[Epoch 4] validation: Recall@1=0.523126
INFO:root:[Epoch 4] validation: Recall@2=0.639095
INFO:root:[Epoch 4] validation: Recall@4=0.753207
INFO:root:[Epoch 4] validation: Recall@8=0.840648
INFO:root:[Epoch 4] validation: Recall@16=0.908677
INFO:root:[Epoch 4] validation: NMI=0.614060
INFO:root:Saving margin_loss_model.
INFO:root:Epoch 5 learning rate=0.000100
INFO:root:Epoch 5 beta learning rate=0.100000
INFO:root:[Epoch 5] training loss=33.499674
INFO:root:[Epoch 5] validation: Recall@1=0.509453
INFO:root:[Epoch 5] validation: Recall@2=0.625760
INFO:root:[Epoch 5] validation: Recall@4=0.737508
INFO:root:[Epoch 5] validation: Recall@8=0.832377
INFO:root:[Epoch 5] validation: Recall@16=0.897198
INFO:root:[Epoch 5] validation: NMI=0.603530
INFO:root:Epoch 6 learning rate=0.000100
INFO:root:Epoch 6 beta learning rate=0.100000
INFO:root:[Epoch 6] training loss=31.218641
INFO:root:[Epoch 6] validation: Recall@1=0.499662
INFO:root:[Epoch 6] validation: Recall@2=0.620020
INFO:root:[Epoch 6] validation: Recall@4=0.732613
INFO:root:[Epoch 6] validation: Recall@8=0.821911
INFO:root:[Epoch 6] validation: Recall@16=0.888420
INFO:root:[Epoch 6] validation: NMI=0.587555
INFO:root:Epoch 7 learning rate=0.000100
INFO:root:Epoch 7 beta learning rate=0.100000
INFO:root:[Epoch 7] training loss=29.635735
INFO:root:[Epoch 7] validation: Recall@1=0.486158
INFO:root:[Epoch 7] validation: Recall@2=0.604997
INFO:root:[Epoch 7] validation: Recall@4=0.718771
INFO:root:[Epoch 7] validation: Recall@8=0.813639
INFO:root:[Epoch 7] validation: Recall@16=0.884706
INFO:root:[Epoch 7] validation: NMI=0.579443
INFO:root:Epoch 8 learning rate=0.000100
INFO:root:Epoch 8 beta learning rate=0.100000
INFO:root:[Epoch 8] training loss=27.603046
INFO:root:[Epoch 8] validation: Recall@1=0.482951
INFO:root:[Epoch 8] validation: Recall@2=0.607022
INFO:root:[Epoch 8] validation: Recall@4=0.717927
INFO:root:[Epoch 8] validation: Recall@8=0.814315
INFO:root:[Epoch 8] validation: Recall@16=0.882681
INFO:root:[Epoch 8] validation: NMI=0.574055
INFO:root:Epoch 9 learning rate=0.000100
INFO:root:Epoch 9 beta learning rate=0.100000
INFO:root:[Epoch 9] training loss=26.572051
INFO:root:[Epoch 9] validation: Recall@1=0.480419
INFO:root:[Epoch 9] validation: Recall@2=0.597063
INFO:root:[Epoch 9] validation: Recall@4=0.709487
INFO:root:[Epoch 9] validation: Recall@8=0.804186
INFO:root:[Epoch 9] validation: Recall@16=0.881499
INFO:root:[Epoch 9] validation: NMI=0.569584
INFO:root:Epoch 10 learning rate=0.000100
INFO:root:Epoch 10 beta learning rate=0.100000
INFO:root:[Epoch 10] training loss=24.679546
INFO:root:[Epoch 10] validation: Recall@1=0.446658
INFO:root:[Epoch 10] validation: Recall@2=0.565834
INFO:root:[Epoch 10] validation: Recall@4=0.680115
INFO:root:[Epoch 10] validation: Recall@8=0.775827
INFO:root:[Epoch 10] validation: Recall@16=0.852465
INFO:root:[Epoch 10] validation: NMI=0.551900
INFO:root:Epoch 11 learning rate=0.000100
INFO:root:Epoch 11 beta learning rate=0.100000
INFO:root:[Epoch 11] training loss=23.573895
INFO:root:[Epoch 11] validation: Recall@1=0.452566
INFO:root:[Epoch 11] validation: Recall@2=0.566678
INFO:root:[Epoch 11] validation: Recall@4=0.682309
INFO:root:[Epoch 11] validation: Recall@8=0.781398
INFO:root:[Epoch 11] validation: Recall@16=0.852633
INFO:root:[Epoch 11] validation: NMI=0.546298
INFO:root:Epoch 12 learning rate=0.000050
INFO:root:Epoch 12 beta learning rate=0.050000
INFO:root:[Epoch 12] training loss=20.346314
INFO:root:[Epoch 12] validation: Recall@1=0.425051
INFO:root:[Epoch 12] validation: Recall@2=0.548785
INFO:root:[Epoch 12] validation: Recall@4=0.668298
INFO:root:[Epoch 12] validation: Recall@8=0.765024
INFO:root:[Epoch 12] validation: Recall@16=0.850608
INFO:root:[Epoch 12] validation: NMI=0.537452
INFO:root:Epoch 13 learning rate=0.000050
INFO:root:Epoch 13 beta learning rate=0.050000
INFO:root:[Epoch 13] training loss=17.984523
INFO:root:[Epoch 13] validation: Recall@1=0.427076
INFO:root:[Epoch 13] validation: Recall@2=0.543383
INFO:root:[Epoch 13] validation: Recall@4=0.661377
INFO:root:[Epoch 13] validation: Recall@8=0.765192
INFO:root:[Epoch 13] validation: Recall@16=0.849426
INFO:root:[Epoch 13] validation: NMI=0.535944
INFO:root:Epoch 14 learning rate=0.000025
INFO:root:Epoch 14 beta learning rate=0.025000
INFO:root:[Epoch 14] training loss=15.855779
INFO:root:[Epoch 14] validation: Recall@1=0.428089
INFO:root:[Epoch 14] validation: Recall@2=0.545746
INFO:root:[Epoch 14] validation: Recall@4=0.660027
INFO:root:[Epoch 14] validation: Recall@8=0.765192
INFO:root:[Epoch 14] validation: Recall@16=0.847569
INFO:root:[Epoch 14] validation: NMI=0.538993
INFO:root:Epoch 15 learning rate=0.000025
INFO:root:Epoch 15 beta learning rate=0.025000
INFO:root:[Epoch 15] training loss=14.165643
INFO:root:[Epoch 15] validation: Recall@1=0.426907
INFO:root:[Epoch 15] validation: Recall@2=0.555199
INFO:root:[Epoch 15] validation: Recall@4=0.662728
INFO:root:[Epoch 15] validation: Recall@8=0.765361
INFO:root:[Epoch 15] validation: Recall@16=0.847738
INFO:root:[Epoch 15] validation: NMI=0.538054
INFO:root:Epoch 16 learning rate=0.000013
INFO:root:Epoch 16 beta learning rate=0.012500
INFO:root:[Epoch 16] training loss=12.758358
INFO:root:[Epoch 16] validation: Recall@1=0.428933
INFO:root:[Epoch 16] validation: Recall@2=0.547941
INFO:root:[Epoch 16] validation: Recall@4=0.660196
INFO:root:[Epoch 16] validation: Recall@8=0.762998
INFO:root:[Epoch 16] validation: Recall@16=0.843687
INFO:root:[Epoch 16] validation: NMI=0.530687
INFO:root:Epoch 17 learning rate=0.000013
INFO:root:Epoch 17 beta learning rate=0.012500
INFO:root:[Epoch 17] training loss=11.938444
INFO:root:[Epoch 17] validation: Recall@1=0.430115
INFO:root:[Epoch 17] validation: Recall@2=0.543720
INFO:root:[Epoch 17] validation: Recall@4=0.661040
INFO:root:[Epoch 17] validation: Recall@8=0.762323
INFO:root:[Epoch 17] validation: Recall@16=0.842336
INFO:root:[Epoch 17] validation: NMI=0.536699
INFO:root:Epoch 18 learning rate=0.000006
INFO:root:Epoch 18 beta learning rate=0.006250
INFO:root:[Epoch 18] training loss=10.946697
INFO:root:[Epoch 18] validation: Recall@1=0.430284
INFO:root:[Epoch 18] validation: Recall@2=0.548447
INFO:root:[Epoch 18] validation: Recall@4=0.660365
INFO:root:[Epoch 18] validation: Recall@8=0.760635
INFO:root:[Epoch 18] validation: Recall@16=0.844024
INFO:root:[Epoch 18] validation: NMI=0.540258
INFO:root:Epoch 19 learning rate=0.000006
INFO:root:Epoch 19 beta learning rate=0.006250
INFO:root:[Epoch 19] training loss=10.160539
INFO:root:[Epoch 19] validation: Recall@1=0.428933
INFO:root:[Epoch 19] validation: Recall@2=0.545577
INFO:root:[Epoch 19] validation: Recall@4=0.652093
INFO:root:[Epoch 19] validation: Recall@8=0.756415
INFO:root:[Epoch 19] validation: Recall@16=0.840817
INFO:root:[Epoch 19] validation: NMI=0.532993
INFO:root:Run 1 finished with 0.523126
INFO:root:Starting run 2/10
INFO:root:Pre-train validation: Recall@1=0.309926
INFO:root:Pre-train validation: Recall@2=0.430284
INFO:root:Pre-train validation: Recall@4=0.568704
INFO:root:Pre-train validation: Recall@8=0.702566
INFO:root:Pre-train validation: Recall@16=0.822586
INFO:root:Pre-train validation: NMI=0.461746
INFO:root:Epoch 0 learning rate=0.000100
INFO:root:Epoch 0 beta learning rate=0.100000
INFO:root:[Epoch 0] training loss=51.239130
INFO:root:[Epoch 0] validation: Recall@1=0.415260
INFO:root:[Epoch 0] validation: Recall@2=0.547434
INFO:root:[Epoch 0] validation: Recall@4=0.682309
INFO:root:[Epoch 0] validation: Recall@8=0.792708
INFO:root:[Epoch 0] validation: Recall@16=0.879811
INFO:root:[Epoch 0] validation: NMI=0.569163
INFO:root:Saving margin_loss_model.
INFO:root:Epoch 1 learning rate=0.000100
INFO:root:Epoch 1 beta learning rate=0.100000
INFO:root:[Epoch 1] training loss=45.351972
INFO:root:[Epoch 1] validation: Recall@1=0.469953
INFO:root:[Epoch 1] validation: Recall@2=0.600777
INFO:root:[Epoch 1] validation: Recall@4=0.724848
INFO:root:[Epoch 1] validation: Recall@8=0.827481
INFO:root:[Epoch 1] validation: Recall@16=0.901756
INFO:root:[Epoch 1] validation: NMI=0.596216
INFO:root:Saving margin_loss_model.
INFO:root:Epoch 2 learning rate=0.000100
INFO:root:Epoch 2 beta learning rate=0.100000
INFO:root:[Epoch 2] training loss=41.963838
INFO:root:[Epoch 2] validation: Recall@1=0.497637
INFO:root:[Epoch 2] validation: Recall@2=0.625422
INFO:root:[Epoch 2] validation: Recall@4=0.739365
INFO:root:[Epoch 2] validation: Recall@8=0.836935
INFO:root:[Epoch 2] validation: Recall@16=0.908845
INFO:root:[Epoch 2] validation: NMI=0.616502
INFO:root:Saving margin_loss_model.
INFO:root:Epoch 3 learning rate=0.000100
INFO:root:Epoch 3 beta learning rate=0.100000
INFO:root:[Epoch 3] training loss=39.087104
INFO:root:[Epoch 3] validation: Recall@1=0.512154
INFO:root:[Epoch 3] validation: Recall@2=0.636901
INFO:root:[Epoch 3] validation: Recall@4=0.744936
INFO:root:[Epoch 3] validation: Recall@8=0.840648
INFO:root:[Epoch 3] validation: Recall@16=0.904119
INFO:root:[Epoch 3] validation: NMI=0.609730
INFO:root:Saving margin_loss_model.
INFO:root:Epoch 4 learning rate=0.000100
INFO:root:Epoch 4 beta learning rate=0.100000
INFO:root:[Epoch 4] training loss=36.034855
INFO:root:[Epoch 4] validation: Recall@1=0.515361
INFO:root:[Epoch 4] validation: Recall@2=0.638758
INFO:root:[Epoch 4] validation: Recall@4=0.744598
INFO:root:[Epoch 4] validation: Recall@8=0.836935
INFO:root:[Epoch 4] validation: Recall@16=0.904794
INFO:root:[Epoch 4] validation: NMI=0.614359
INFO:root:Saving margin_loss_model.
INFO:root:Epoch 5 learning rate=0.000100
INFO:root:Epoch 5 beta learning rate=0.100000
INFO:root:[Epoch 5] training loss=34.156750
INFO:root:[Epoch 5] validation: Recall@1=0.505233
INFO:root:[Epoch 5] validation: Recall@2=0.627279
INFO:root:[Epoch 5] validation: Recall@4=0.738690
INFO:root:[Epoch 5] validation: Recall@8=0.829001
INFO:root:[Epoch 5] validation: Recall@16=0.898886
INFO:root:[Epoch 5] validation: NMI=0.600635
INFO:root:Epoch 6 learning rate=0.000100
INFO:root:Epoch 6 beta learning rate=0.100000
INFO:root:[Epoch 6] training loss=31.366557
INFO:root:[Epoch 6] validation: Recall@1=0.499662
INFO:root:[Epoch 6] validation: Recall@2=0.620864
INFO:root:[Epoch 6] validation: Recall@4=0.734808
INFO:root:[Epoch 6] validation: Recall@8=0.831533
INFO:root:[Epoch 6] validation: Recall@16=0.898717
INFO:root:[Epoch 6] validation: NMI=0.598131
INFO:root:Epoch 7 learning rate=0.000100
INFO:root:Epoch 7 beta learning rate=0.100000
INFO:root:[Epoch 7] training loss=29.528164
INFO:root:[Epoch 7] validation: Recall@1=0.493754
INFO:root:[Epoch 7] validation: Recall@2=0.613268
INFO:root:[Epoch 7] validation: Recall@4=0.722316
INFO:root:[Epoch 7] validation: Recall@8=0.816340
INFO:root:[Epoch 7] validation: Recall@16=0.889264
INFO:root:[Epoch 7] validation: NMI=0.583552
INFO:root:Epoch 8 learning rate=0.000100
INFO:root:Epoch 8 beta learning rate=0.100000
INFO:root:[Epoch 8] training loss=28.042003
INFO:root:[Epoch 8] validation: Recall@1=0.465226
INFO:root:[Epoch 8] validation: Recall@2=0.586766
INFO:root:[Epoch 8] validation: Recall@4=0.698177
INFO:root:[Epoch 8] validation: Recall@8=0.801823
INFO:root:[Epoch 8] validation: Recall@16=0.878798
INFO:root:[Epoch 8] validation: NMI=0.579722
INFO:root:Epoch 9 learning rate=0.000100
INFO:root:Epoch 9 beta learning rate=0.100000
INFO:root:[Epoch 9] training loss=26.258472
INFO:root:[Epoch 9] validation: Recall@1=0.472147
INFO:root:[Epoch 9] validation: Recall@2=0.599426
INFO:root:[Epoch 9] validation: Recall@4=0.706448
INFO:root:[Epoch 9] validation: Recall@8=0.799291
INFO:root:[Epoch 9] validation: Recall@16=0.877954
INFO:root:[Epoch 9] validation: NMI=0.561103
INFO:root:Epoch 10 learning rate=0.000100
INFO:root:Epoch 10 beta learning rate=0.100000
INFO:root:[Epoch 10] training loss=24.685447
INFO:root:[Epoch 10] validation: Recall@1=0.438386
INFO:root:[Epoch 10] validation: Recall@2=0.566509
INFO:root:[Epoch 10] validation: Recall@4=0.673700
INFO:root:[Epoch 10] validation: Recall@8=0.774814
INFO:root:[Epoch 10] validation: Recall@16=0.862255
INFO:root:[Epoch 10] validation: NMI=0.552971
INFO:root:Epoch 11 learning rate=0.000100
INFO:root:Epoch 11 beta learning rate=0.100000
INFO:root:[Epoch 11] training loss=23.745642
INFO:root:[Epoch 11] validation: Recall@1=0.430115
INFO:root:[Epoch 11] validation: Recall@2=0.550979
INFO:root:[Epoch 11] validation: Recall@4=0.667286
INFO:root:[Epoch 11] validation: Recall@8=0.768062
INFO:root:[Epoch 11] validation: Recall@16=0.850101
INFO:root:[Epoch 11] validation: NMI=0.532209
INFO:root:Epoch 12 learning rate=0.000050
INFO:root:Epoch 12 beta learning rate=0.050000
INFO:root:[Epoch 12] training loss=20.317179
INFO:root:[Epoch 12] validation: Recall@1=0.450540
INFO:root:[Epoch 12] validation: Recall@2=0.565834
INFO:root:[Epoch 12] validation: Recall@4=0.677245
INFO:root:[Epoch 12] validation: Recall@8=0.781398
INFO:root:[Epoch 12] validation: Recall@16=0.861580
INFO:root:[Epoch 12] validation: NMI=0.537981
INFO:root:Epoch 13 learning rate=0.000050
INFO:root:Epoch 13 beta learning rate=0.050000
INFO:root:[Epoch 13] training loss=18.123687
INFO:root:[Epoch 13] validation: Recall@1=0.423531
INFO:root:[Epoch 13] validation: Recall@2=0.546759
INFO:root:[Epoch 13] validation: Recall@4=0.664585
INFO:root:[Epoch 13] validation: Recall@8=0.775996
INFO:root:[Epoch 13] validation: Recall@16=0.854490
INFO:root:[Epoch 13] validation: NMI=0.527719
INFO:root:Epoch 14 learning rate=0.000025
INFO:root:Epoch 14 beta learning rate=0.025000
INFO:root:[Epoch 14] training loss=15.791446
INFO:root:[Epoch 14] validation: Recall@1=0.432984
INFO:root:[Epoch 14] validation: Recall@2=0.550810
INFO:root:[Epoch 14] validation: Recall@4=0.662897
INFO:root:[Epoch 14] validation: Recall@8=0.762660
INFO:root:[Epoch 14] validation: Recall@16=0.849088
INFO:root:[Epoch 14] validation: NMI=0.533576
INFO:root:Epoch 15 learning rate=0.000025
INFO:root:Epoch 15 beta learning rate=0.025000
INFO:root:[Epoch 15] training loss=14.085391
INFO:root:[Epoch 15] validation: Recall@1=0.446826
INFO:root:[Epoch 15] validation: Recall@2=0.563808
INFO:root:[Epoch 15] validation: Recall@4=0.675726
INFO:root:[Epoch 15] validation: Recall@8=0.777853
INFO:root:[Epoch 15] validation: Recall@16=0.854997
INFO:root:[Epoch 15] validation: NMI=0.537779
INFO:root:Epoch 16 learning rate=0.000013
INFO:root:Epoch 16 beta learning rate=0.012500
INFO:root:[Epoch 16] training loss=12.699579
INFO:root:[Epoch 16] validation: Recall@1=0.436529
INFO:root:[Epoch 16] validation: Recall@2=0.561445
INFO:root:[Epoch 16] validation: Recall@4=0.671506
INFO:root:[Epoch 16] validation: Recall@8=0.774814
INFO:root:[Epoch 16] validation: Recall@16=0.855672
INFO:root:[Epoch 16] validation: NMI=0.540586
INFO:root:Epoch 17 learning rate=0.000013
INFO:root:Epoch 17 beta learning rate=0.012500
INFO:root:[Epoch 17] training loss=11.606687
INFO:root:[Epoch 17] validation: Recall@1=0.442606
INFO:root:[Epoch 17] validation: Recall@2=0.558913
INFO:root:[Epoch 17] validation: Recall@4=0.673869
INFO:root:[Epoch 17] validation: Recall@8=0.773295
INFO:root:[Epoch 17] validation: Recall@16=0.854828
INFO:root:[Epoch 17] validation: NMI=0.541069
INFO:root:Epoch 18 learning rate=0.000006
INFO:root:Epoch 18 beta learning rate=0.006250
INFO:root:[Epoch 18] training loss=10.437342
INFO:root:[Epoch 18] validation: Recall@1=0.435179
INFO:root:[Epoch 18] validation: Recall@2=0.557562
INFO:root:[Epoch 18] validation: Recall@4=0.674207
INFO:root:[Epoch 18] validation: Recall@8=0.770594
INFO:root:[Epoch 18] validation: Recall@16=0.852971
INFO:root:[Epoch 18] validation: NMI=0.533742
INFO:root:Epoch 19 learning rate=0.000006
INFO:root:Epoch 19 beta learning rate=0.006250
INFO:root:[Epoch 19] training loss=9.979607
INFO:root:[Epoch 19] validation: Recall@1=0.437711
INFO:root:[Epoch 19] validation: Recall@2=0.559757
INFO:root:[Epoch 19] validation: Recall@4=0.668467
INFO:root:[Epoch 19] validation: Recall@8=0.773295
INFO:root:[Epoch 19] validation: Recall@16=0.851958
INFO:root:[Epoch 19] validation: NMI=0.537081
INFO:root:Run 2 finished with 0.515361
INFO:root:Starting run 3/10
INFO:root:Pre-train validation: Recall@1=0.311614
INFO:root:Pre-train validation: Recall@2=0.434335
INFO:root:Pre-train validation: Recall@4=0.563471
INFO:root:Pre-train validation: Recall@8=0.689230
INFO:root:Pre-train validation: Recall@16=0.808406
INFO:root:Pre-train validation: NMI=0.456891
INFO:root:Epoch 0 learning rate=0.000100
INFO:root:Epoch 0 beta learning rate=0.100000
INFO:root:[Epoch 0] training loss=51.183150
INFO:root:[Epoch 0] validation: Recall@1=0.431634
INFO:root:[Epoch 0] validation: Recall@2=0.559251
INFO:root:[Epoch 0] validation: Recall@4=0.678596
INFO:root:[Epoch 0] validation: Recall@8=0.790176
INFO:root:[Epoch 0] validation: Recall@16=0.878123
INFO:root:[Epoch 0] validation: NMI=0.559942
INFO:root:Saving margin_loss_model.
INFO:root:Epoch 1 learning rate=0.000100
INFO:root:Epoch 1 beta learning rate=0.100000
INFO:root:[Epoch 1] training loss=45.368873
INFO:root:[Epoch 1] validation: Recall@1=0.471810
INFO:root:[Epoch 1] validation: Recall@2=0.600608
INFO:root:[Epoch 1] validation: Recall@4=0.721303
INFO:root:[Epoch 1] validation: Recall@8=0.821742
INFO:root:[Epoch 1] validation: Recall@16=0.893822
INFO:root:[Epoch 1] validation: NMI=0.598655
INFO:root:Saving margin_loss_model.
INFO:root:Epoch 2 learning rate=0.000100
INFO:root:Epoch 2 beta learning rate=0.100000
INFO:root:[Epoch 2] training loss=41.929225
INFO:root:[Epoch 2] validation: Recall@1=0.506921
INFO:root:[Epoch 2] validation: Recall@2=0.633356
INFO:root:[Epoch 2] validation: Recall@4=0.745273
INFO:root:[Epoch 2] validation: Recall@8=0.838454
INFO:root:[Epoch 2] validation: Recall@16=0.907157
INFO:root:[Epoch 2] validation: NMI=0.616181
INFO:root:Saving margin_loss_model.
INFO:root:Epoch 3 learning rate=0.000100
INFO:root:Epoch 3 beta learning rate=0.100000
INFO:root:[Epoch 3] training loss=39.462284
INFO:root:[Epoch 3] validation: Recall@1=0.513167
INFO:root:[Epoch 3] validation: Recall@2=0.637745
INFO:root:[Epoch 3] validation: Recall@4=0.745273
INFO:root:[Epoch 3] validation: Recall@8=0.837610
INFO:root:[Epoch 3] validation: Recall@16=0.906482
INFO:root:[Epoch 3] validation: NMI=0.618501
INFO:root:Saving margin_loss_model.
INFO:root:Epoch 4 learning rate=0.000100
INFO:root:Epoch 4 beta learning rate=0.100000
INFO:root:[Epoch 4] training loss=36.280467
INFO:root:[Epoch 4] validation: Recall@1=0.510635
INFO:root:[Epoch 4] validation: Recall@2=0.628967
INFO:root:[Epoch 4] validation: Recall@4=0.746117
INFO:root:[Epoch 4] validation: Recall@8=0.838960
INFO:root:[Epoch 4] validation: Recall@16=0.905469
INFO:root:[Epoch 4] validation: NMI=0.607265
INFO:root:Epoch 5 learning rate=0.000100
INFO:root:Epoch 5 beta learning rate=0.100000
INFO:root:[Epoch 5] training loss=34.035326
INFO:root:[Epoch 5] validation: Recall@1=0.497806
INFO:root:[Epoch 5] validation: Recall@2=0.621708
INFO:root:[Epoch 5] validation: Recall@4=0.738352
INFO:root:[Epoch 5] validation: Recall@8=0.832714
INFO:root:[Epoch 5] validation: Recall@16=0.895341
INFO:root:[Epoch 5] validation: NMI=0.598629
INFO:root:Epoch 6 learning rate=0.000100
INFO:root:Epoch 6 beta learning rate=0.100000
INFO:root:[Epoch 6] training loss=31.295608
INFO:root:[Epoch 6] validation: Recall@1=0.495273
INFO:root:[Epoch 6] validation: Recall@2=0.621202
INFO:root:[Epoch 6] validation: Recall@4=0.734470
INFO:root:[Epoch 6] validation: Recall@8=0.823599
INFO:root:[Epoch 6] validation: Recall@16=0.893991
INFO:root:[Epoch 6] validation: NMI=0.584895
INFO:root:Epoch 7 learning rate=0.000100
INFO:root:Epoch 7 beta learning rate=0.100000
INFO:root:[Epoch 7] training loss=29.978218
INFO:root:[Epoch 7] validation: Recall@1=0.499494
INFO:root:[Epoch 7] validation: Recall@2=0.620695
INFO:root:[Epoch 7] validation: Recall@4=0.734808
INFO:root:[Epoch 7] validation: Recall@8=0.826975
INFO:root:[Epoch 7] validation: Recall@16=0.897367
INFO:root:[Epoch 7] validation: NMI=0.590932
INFO:root:Epoch 8 learning rate=0.000100
INFO:root:Epoch 8 beta learning rate=0.100000
INFO:root:[Epoch 8] training loss=27.514375
INFO:root:[Epoch 8] validation: Recall@1=0.480587
INFO:root:[Epoch 8] validation: Recall@2=0.601283
INFO:root:[Epoch 8] validation: Recall@4=0.708643
INFO:root:[Epoch 8] validation: Recall@8=0.804862
INFO:root:[Epoch 8] validation: Recall@16=0.882005
INFO:root:[Epoch 8] validation: NMI=0.578451
INFO:root:Epoch 9 learning rate=0.000100
INFO:root:Epoch 9 beta learning rate=0.100000
INFO:root:[Epoch 9] training loss=26.655305
INFO:root:[Epoch 9] validation: Recall@1=0.469446
INFO:root:[Epoch 9] validation: Recall@2=0.584740
INFO:root:[Epoch 9] validation: Recall@4=0.694463
INFO:root:[Epoch 9] validation: Recall@8=0.790344
INFO:root:[Epoch 9] validation: Recall@16=0.870527
INFO:root:[Epoch 9] validation: NMI=0.565628
INFO:root:Epoch 10 learning rate=0.000100
INFO:root:Epoch 10 beta learning rate=0.100000
INFO:root:[Epoch 10] training loss=24.989880
INFO:root:[Epoch 10] validation: Recall@1=0.465395
INFO:root:[Epoch 10] validation: Recall@2=0.585922
INFO:root:[Epoch 10] validation: Recall@4=0.696658
INFO:root:[Epoch 10] validation: Recall@8=0.793720
INFO:root:[Epoch 10] validation: Recall@16=0.867657
INFO:root:[Epoch 10] validation: NMI=0.557908
INFO:root:Epoch 11 learning rate=0.000100
INFO:root:Epoch 11 beta learning rate=0.100000
INFO:root:[Epoch 11] training loss=24.237674
INFO:root:[Epoch 11] validation: Recall@1=0.445138
INFO:root:[Epoch 11] validation: Recall@2=0.560432
INFO:root:[Epoch 11] validation: Recall@4=0.670493
INFO:root:[Epoch 11] validation: Recall@8=0.773126
INFO:root:[Epoch 11] validation: Recall@16=0.856009
INFO:root:[Epoch 11] validation: NMI=0.536730
INFO:root:Epoch 12 learning rate=0.000050
INFO:root:Epoch 12 beta learning rate=0.050000
INFO:root:[Epoch 12] training loss=20.488576
INFO:root:[Epoch 12] validation: Recall@1=0.453410
INFO:root:[Epoch 12] validation: Recall@2=0.573768
INFO:root:[Epoch 12] validation: Recall@4=0.683153
INFO:root:[Epoch 12] validation: Recall@8=0.783930
INFO:root:[Epoch 12] validation: Recall@16=0.860061
INFO:root:[Epoch 12] validation: NMI=0.554020
INFO:root:Epoch 13 learning rate=0.000050
INFO:root:Epoch 13 beta learning rate=0.050000
INFO:root:[Epoch 13] training loss=18.471650
INFO:root:[Epoch 13] validation: Recall@1=0.447333
INFO:root:[Epoch 13] validation: Recall@2=0.561107
INFO:root:[Epoch 13] validation: Recall@4=0.680115
INFO:root:[Epoch 13] validation: Recall@8=0.774308
INFO:root:[Epoch 13] validation: Recall@16=0.855165
INFO:root:[Epoch 13] validation: NMI=0.547739
INFO:root:Epoch 14 learning rate=0.000025
INFO:root:Epoch 14 beta learning rate=0.025000
INFO:root:[Epoch 14] training loss=15.350293
INFO:root:[Epoch 14] validation: Recall@1=0.449190
INFO:root:[Epoch 14] validation: Recall@2=0.570560
INFO:root:[Epoch 14] validation: Recall@4=0.681465
INFO:root:[Epoch 14] validation: Recall@8=0.785955
INFO:root:[Epoch 14] validation: Recall@16=0.858710
INFO:root:[Epoch 14] validation: NMI=0.553240
INFO:root:Epoch 15 learning rate=0.000025
INFO:root:Epoch 15 beta learning rate=0.025000
INFO:root:[Epoch 15] training loss=13.919403
INFO:root:[Epoch 15] validation: Recall@1=0.447333
INFO:root:[Epoch 15] validation: Recall@2=0.569379
INFO:root:[Epoch 15] validation: Recall@4=0.680452
INFO:root:[Epoch 15] validation: Recall@8=0.779372
INFO:root:[Epoch 15] validation: Recall@16=0.860736
INFO:root:[Epoch 15] validation: NMI=0.555025
INFO:root:Epoch 16 learning rate=0.000013
INFO:root:Epoch 16 beta learning rate=0.012500
INFO:root:[Epoch 16] training loss=12.997746
INFO:root:[Epoch 16] validation: Recall@1=0.446320
INFO:root:[Epoch 16] validation: Recall@2=0.563808
INFO:root:[Epoch 16] validation: Recall@4=0.677414
INFO:root:[Epoch 16] validation: Recall@8=0.773464
INFO:root:[Epoch 16] validation: Recall@16=0.853646
INFO:root:[Epoch 16] validation: NMI=0.542621
INFO:root:Epoch 17 learning rate=0.000013
INFO:root:Epoch 17 beta learning rate=0.012500
INFO:root:[Epoch 17] training loss=11.964325
INFO:root:[Epoch 17] validation: Recall@1=0.443113
INFO:root:[Epoch 17] validation: Recall@2=0.566003
INFO:root:[Epoch 17] validation: Recall@4=0.679608
INFO:root:[Epoch 17] validation: Recall@8=0.777515
INFO:root:[Epoch 17] validation: Recall@16=0.853984
INFO:root:[Epoch 17] validation: NMI=0.544403
INFO:root:Epoch 18 learning rate=0.000006
INFO:root:Epoch 18 beta learning rate=0.006250
INFO:root:[Epoch 18] training loss=10.691492
INFO:root:[Epoch 18] validation: Recall@1=0.446658
INFO:root:[Epoch 18] validation: Recall@2=0.569548
INFO:root:[Epoch 18] validation: Recall@4=0.678764
INFO:root:[Epoch 18] validation: Recall@8=0.775827
INFO:root:[Epoch 18] validation: Recall@16=0.853984
INFO:root:[Epoch 18] validation: NMI=0.550770
INFO:root:Epoch 19 learning rate=0.000006
INFO:root:Epoch 19 beta learning rate=0.006250
INFO:root:[Epoch 19] training loss=10.667609
INFO:root:[Epoch 19] validation: Recall@1=0.439905
INFO:root:[Epoch 19] validation: Recall@2=0.565496
INFO:root:[Epoch 19] validation: Recall@4=0.677920
INFO:root:[Epoch 19] validation: Recall@8=0.774983
INFO:root:[Epoch 19] validation: Recall@16=0.856178
INFO:root:[Epoch 19] validation: NMI=0.548280
INFO:root:Run 3 finished with 0.513167
INFO:root:Starting run 4/10
INFO:root:Pre-train validation: Recall@1=0.303174
INFO:root:Pre-train validation: Recall@2=0.424207
INFO:root:Pre-train validation: Recall@4=0.555368
INFO:root:Pre-train validation: Recall@8=0.682140
INFO:root:Pre-train validation: Recall@16=0.807225
INFO:root:Pre-train validation: NMI=0.439537
INFO:root:Epoch 0 learning rate=0.000100
INFO:root:Epoch 0 beta learning rate=0.100000
INFO:root:[Epoch 0] training loss=50.769757
INFO:root:[Epoch 0] validation: Recall@1=0.422181
INFO:root:[Epoch 0] validation: Recall@2=0.547941
INFO:root:[Epoch 0] validation: Recall@4=0.682647
INFO:root:[Epoch 0] validation: Recall@8=0.786799
INFO:root:[Epoch 0] validation: Recall@16=0.879980
INFO:root:[Epoch 0] validation: NMI=0.563709
INFO:root:Saving margin_loss_model.
INFO:root:Epoch 1 learning rate=0.000100
INFO:root:Epoch 1 beta learning rate=0.100000
INFO:root:[Epoch 1] training loss=45.311073
INFO:root:[Epoch 1] validation: Recall@1=0.470290
INFO:root:[Epoch 1] validation: Recall@2=0.604153
INFO:root:[Epoch 1] validation: Recall@4=0.724679
INFO:root:[Epoch 1] validation: Recall@8=0.828157
INFO:root:[Epoch 1] validation: Recall@16=0.901418
INFO:root:[Epoch 1] validation: NMI=0.596947
INFO:root:Saving margin_loss_model.
INFO:root:Epoch 2 learning rate=0.000100
INFO:root:Epoch 2 beta learning rate=0.100000
INFO:root:[Epoch 2] training loss=42.052221
INFO:root:[Epoch 2] validation: Recall@1=0.487002
INFO:root:[Epoch 2] validation: Recall@2=0.619683
INFO:root:[Epoch 2] validation: Recall@4=0.735989
INFO:root:[Epoch 2] validation: Recall@8=0.828157
INFO:root:[Epoch 2] validation: Recall@16=0.904625
INFO:root:[Epoch 2] validation: NMI=0.603417
INFO:root:Saving margin_loss_model.
INFO:root:Epoch 3 learning rate=0.000100
INFO:root:Epoch 3 beta learning rate=0.100000
INFO:root:[Epoch 3] training loss=38.967767
INFO:root:[Epoch 3] validation: Recall@1=0.497806
INFO:root:[Epoch 3] validation: Recall@2=0.623059
INFO:root:[Epoch 3] validation: Recall@4=0.735145
INFO:root:[Epoch 3] validation: Recall@8=0.829845
INFO:root:[Epoch 3] validation: Recall@16=0.899055
INFO:root:[Epoch 3] validation: NMI=0.608847
INFO:root:Saving margin_loss_model.
INFO:root:Epoch 4 learning rate=0.000100
INFO:root:Epoch 4 beta learning rate=0.100000
INFO:root:[Epoch 4] training loss=36.028977
INFO:root:[Epoch 4] validation: Recall@1=0.510635
INFO:root:[Epoch 4] validation: Recall@2=0.631330
INFO:root:[Epoch 4] validation: Recall@4=0.745273
INFO:root:[Epoch 4] validation: Recall@8=0.834909
INFO:root:[Epoch 4] validation: Recall@16=0.905638
INFO:root:[Epoch 4] validation: NMI=0.613100
INFO:root:Saving margin_loss_model.
INFO:root:Epoch 5 learning rate=0.000100
INFO:root:Epoch 5 beta learning rate=0.100000
INFO:root:[Epoch 5] training loss=33.774192
INFO:root:[Epoch 5] validation: Recall@1=0.509115
INFO:root:[Epoch 5] validation: Recall@2=0.630824
INFO:root:[Epoch 5] validation: Recall@4=0.742910
INFO:root:[Epoch 5] validation: Recall@8=0.831195
INFO:root:[Epoch 5] validation: Recall@16=0.901080
INFO:root:[Epoch 5] validation: NMI=0.600898
INFO:root:Epoch 6 learning rate=0.000100
INFO:root:Epoch 6 beta learning rate=0.100000
INFO:root:[Epoch 6] training loss=31.418783
INFO:root:[Epoch 6] validation: Recall@1=0.485820
INFO:root:[Epoch 6] validation: Recall@2=0.608035
INFO:root:[Epoch 6] validation: Recall@4=0.721303
INFO:root:[Epoch 6] validation: Recall@8=0.817691
INFO:root:[Epoch 6] validation: Recall@16=0.889602
INFO:root:[Epoch 6] validation: NMI=0.591192
INFO:root:Epoch 7 learning rate=0.000100
INFO:root:Epoch 7 beta learning rate=0.100000
INFO:root:[Epoch 7] training loss=30.052093
INFO:root:[Epoch 7] validation: Recall@1=0.477549
INFO:root:[Epoch 7] validation: Recall@2=0.605334
INFO:root:[Epoch 7] validation: Recall@4=0.710500
INFO:root:[Epoch 7] validation: Recall@8=0.804524
INFO:root:[Epoch 7] validation: Recall@16=0.880149
INFO:root:[Epoch 7] validation: NMI=0.575011
INFO:root:Epoch 8 learning rate=0.000100
INFO:root:Epoch 8 beta learning rate=0.100000
INFO:root:[Epoch 8] training loss=27.839479
INFO:root:[Epoch 8] validation: Recall@1=0.470459
INFO:root:[Epoch 8] validation: Recall@2=0.590142
INFO:root:[Epoch 8] validation: Recall@4=0.703579
INFO:root:[Epoch 8] validation: Recall@8=0.798109
INFO:root:[Epoch 8] validation: Recall@16=0.877279
INFO:root:[Epoch 8] validation: NMI=0.573312
INFO:root:Epoch 9 learning rate=0.000100
INFO:root:Epoch 9 beta learning rate=0.100000
INFO:root:[Epoch 9] training loss=26.737142
INFO:root:[Epoch 9] validation: Recall@1=0.449021
INFO:root:[Epoch 9] validation: Recall@2=0.568366
INFO:root:[Epoch 9] validation: Recall@4=0.679440
INFO:root:[Epoch 9] validation: Recall@8=0.777515
INFO:root:[Epoch 9] validation: Recall@16=0.863099
INFO:root:[Epoch 9] validation: NMI=0.554430
INFO:root:Epoch 10 learning rate=0.000100
INFO:root:Epoch 10 beta learning rate=0.100000
INFO:root:[Epoch 10] training loss=24.821854
INFO:root:[Epoch 10] validation: Recall@1=0.452735
INFO:root:[Epoch 10] validation: Recall@2=0.568535
INFO:root:[Epoch 10] validation: Recall@4=0.678258
INFO:root:[Epoch 10] validation: Recall@8=0.775321
INFO:root:[Epoch 10] validation: Recall@16=0.856685
INFO:root:[Epoch 10] validation: NMI=0.549352
INFO:root:Epoch 11 learning rate=0.000100
INFO:root:Epoch 11 beta learning rate=0.100000
INFO:root:[Epoch 11] training loss=24.302012
INFO:root:[Epoch 11] validation: Recall@1=0.425219
INFO:root:[Epoch 11] validation: Recall@2=0.545915
INFO:root:[Epoch 11] validation: Recall@4=0.659014
INFO:root:[Epoch 11] validation: Recall@8=0.765192
INFO:root:[Epoch 11] validation: Recall@16=0.853815
INFO:root:[Epoch 11] validation: NMI=0.532804
INFO:root:Epoch 12 learning rate=0.000050
INFO:root:Epoch 12 beta learning rate=0.050000
INFO:root:[Epoch 12] training loss=20.329015
INFO:root:[Epoch 12] validation: Recall@1=0.431803
INFO:root:[Epoch 12] validation: Recall@2=0.551823
INFO:root:[Epoch 12] validation: Recall@4=0.665935
INFO:root:[Epoch 12] validation: Recall@8=0.763673
INFO:root:[Epoch 12] validation: Recall@16=0.845206
INFO:root:[Epoch 12] validation: NMI=0.531064
INFO:root:Epoch 13 learning rate=0.000050
INFO:root:Epoch 13 beta learning rate=0.050000
INFO:root:[Epoch 13] training loss=18.103666
INFO:root:[Epoch 13] validation: Recall@1=0.431803
INFO:root:[Epoch 13] validation: Recall@2=0.548109
INFO:root:[Epoch 13] validation: Recall@4=0.654963
INFO:root:[Epoch 13] validation: Recall@8=0.758440
INFO:root:[Epoch 13] validation: Recall@16=0.848076
INFO:root:[Epoch 13] validation: NMI=0.535594
INFO:root:Epoch 14 learning rate=0.000025
INFO:root:Epoch 14 beta learning rate=0.025000
INFO:root:[Epoch 14] training loss=15.870623
INFO:root:[Epoch 14] validation: Recall@1=0.432309
INFO:root:[Epoch 14] validation: Recall@2=0.540344
INFO:root:[Epoch 14] validation: Recall@4=0.655638
INFO:root:[Epoch 14] validation: Recall@8=0.756752
INFO:root:[Epoch 14] validation: Recall@16=0.842336
INFO:root:[Epoch 14] validation: NMI=0.525586
INFO:root:Epoch 15 learning rate=0.000025
INFO:root:Epoch 15 beta learning rate=0.025000
INFO:root:[Epoch 15] training loss=13.699101
INFO:root:[Epoch 15] validation: Recall@1=0.439568
INFO:root:[Epoch 15] validation: Recall@2=0.545409
INFO:root:[Epoch 15] validation: Recall@4=0.659183
INFO:root:[Epoch 15] validation: Recall@8=0.762323
INFO:root:[Epoch 15] validation: Recall@16=0.845881
INFO:root:[Epoch 15] validation: NMI=0.538723
INFO:root:Epoch 16 learning rate=0.000013
INFO:root:Epoch 16 beta learning rate=0.012500
INFO:root:[Epoch 16] training loss=12.682451
INFO:root:[Epoch 16] validation: Recall@1=0.434335
INFO:root:[Epoch 16] validation: Recall@2=0.542539
INFO:root:[Epoch 16] validation: Recall@4=0.654794
INFO:root:[Epoch 16] validation: Recall@8=0.756921
INFO:root:[Epoch 16] validation: Recall@16=0.846388
INFO:root:[Epoch 16] validation: NMI=0.529436
INFO:root:Epoch 17 learning rate=0.000013
INFO:root:Epoch 17 beta learning rate=0.012500
INFO:root:[Epoch 17] training loss=11.288197
INFO:root:[Epoch 17] validation: Recall@1=0.434841
INFO:root:[Epoch 17] validation: Recall@2=0.546084
INFO:root:[Epoch 17] validation: Recall@4=0.659521
INFO:root:[Epoch 17] validation: Recall@8=0.761310
INFO:root:[Epoch 17] validation: Recall@16=0.844868
INFO:root:[Epoch 17] validation: NMI=0.535129
INFO:root:Epoch 18 learning rate=0.000006
INFO:root:Epoch 18 beta learning rate=0.006250
INFO:root:[Epoch 18] training loss=11.065426
INFO:root:[Epoch 18] validation: Recall@1=0.434673
INFO:root:[Epoch 18] validation: Recall@2=0.547603
INFO:root:[Epoch 18] validation: Recall@4=0.658001
INFO:root:[Epoch 18] validation: Recall@8=0.759115
INFO:root:[Epoch 18] validation: Recall@16=0.844362
INFO:root:[Epoch 18] validation: NMI=0.533682
INFO:root:Epoch 19 learning rate=0.000006
INFO:root:Epoch 19 beta learning rate=0.006250
INFO:root:[Epoch 19] training loss=10.453909
INFO:root:[Epoch 19] validation: Recall@1=0.426739
INFO:root:[Epoch 19] validation: Recall@2=0.538825
INFO:root:[Epoch 19] validation: Recall@4=0.658339
INFO:root:[Epoch 19] validation: Recall@8=0.756077
INFO:root:[Epoch 19] validation: Recall@16=0.838454
INFO:root:[Epoch 19] validation: NMI=0.531049
INFO:root:Run 4 finished with 0.510635
INFO:root:Starting run 5/10
INFO:root:Pre-train validation: Recall@1=0.299460
INFO:root:Pre-train validation: Recall@2=0.421843
INFO:root:Pre-train validation: Recall@4=0.559419
INFO:root:Pre-train validation: Recall@8=0.698515
INFO:root:Pre-train validation: Recall@16=0.812120
INFO:root:Pre-train validation: NMI=0.455849
INFO:root:Epoch 0 learning rate=0.000100
INFO:root:Epoch 0 beta learning rate=0.100000
INFO:root:[Epoch 0] training loss=51.437545
INFO:root:[Epoch 0] validation: Recall@1=0.427920
INFO:root:[Epoch 0] validation: Recall@2=0.557056
INFO:root:[Epoch 0] validation: Recall@4=0.689230
INFO:root:[Epoch 0] validation: Recall@8=0.801485
INFO:root:[Epoch 0] validation: Recall@16=0.884875
INFO:root:[Epoch 0] validation: NMI=0.569700
INFO:root:Saving margin_loss_model.
INFO:root:Epoch 1 learning rate=0.000100
INFO:root:Epoch 1 beta learning rate=0.100000
INFO:root:[Epoch 1] training loss=45.291369
INFO:root:[Epoch 1] validation: Recall@1=0.477887
INFO:root:[Epoch 1] validation: Recall@2=0.603646
INFO:root:[Epoch 1] validation: Recall@4=0.725354
INFO:root:[Epoch 1] validation: Recall@8=0.818872
INFO:root:[Epoch 1] validation: Recall@16=0.895341
INFO:root:[Epoch 1] validation: NMI=0.600776
INFO:root:Saving margin_loss_model.
INFO:root:Epoch 2 learning rate=0.000100
INFO:root:Epoch 2 beta learning rate=0.100000
INFO:root:[Epoch 2] training loss=41.722955
INFO:root:[Epoch 2] validation: Recall@1=0.494767
INFO:root:[Epoch 2] validation: Recall@2=0.622046
INFO:root:[Epoch 2] validation: Recall@4=0.734132
INFO:root:[Epoch 2] validation: Recall@8=0.832883
INFO:root:[Epoch 2] validation: Recall@16=0.905807
INFO:root:[Epoch 2] validation: NMI=0.613576
INFO:root:Saving margin_loss_model.
INFO:root:Epoch 3 learning rate=0.000100
INFO:root:Epoch 3 beta learning rate=0.100000
INFO:root:[Epoch 3] training loss=38.730471
INFO:root:[Epoch 3] validation: Recall@1=0.505571
INFO:root:[Epoch 3] validation: Recall@2=0.629980
INFO:root:[Epoch 3] validation: Recall@4=0.741053
INFO:root:[Epoch 3] validation: Recall@8=0.838960
INFO:root:[Epoch 3] validation: Recall@16=0.906651
INFO:root:[Epoch 3] validation: NMI=0.611939
INFO:root:Saving margin_loss_model.
INFO:root:Epoch 4 learning rate=0.000100
INFO:root:Epoch 4 beta learning rate=0.100000
INFO:root:[Epoch 4] training loss=36.095090
INFO:root:[Epoch 4] validation: Recall@1=0.506415
INFO:root:[Epoch 4] validation: Recall@2=0.625760
INFO:root:[Epoch 4] validation: Recall@4=0.736833
INFO:root:[Epoch 4] validation: Recall@8=0.834909
INFO:root:[Epoch 4] validation: Recall@16=0.901080
INFO:root:[Epoch 4] validation: NMI=0.612645
INFO:root:Saving margin_loss_model.
INFO:root:Epoch 5 learning rate=0.000100
INFO:root:Epoch 5 beta learning rate=0.100000
INFO:root:[Epoch 5] training loss=33.866095
INFO:root:[Epoch 5] validation: Recall@1=0.512492
INFO:root:[Epoch 5] validation: Recall@2=0.635381
INFO:root:[Epoch 5] validation: Recall@4=0.741053
INFO:root:[Epoch 5] validation: Recall@8=0.834065
INFO:root:[Epoch 5] validation: Recall@16=0.904456
INFO:root:[Epoch 5] validation: NMI=0.616515
INFO:root:Saving margin_loss_model.
INFO:root:Epoch 6 learning rate=0.000100
INFO:root:Epoch 6 beta learning rate=0.100000
INFO:root:[Epoch 6] training loss=31.360766
INFO:root:[Epoch 6] validation: Recall@1=0.497974
INFO:root:[Epoch 6] validation: Recall@2=0.620020
INFO:root:[Epoch 6] validation: Recall@4=0.729237
INFO:root:[Epoch 6] validation: Recall@8=0.824612
INFO:root:[Epoch 6] validation: Recall@16=0.894497
INFO:root:[Epoch 6] validation: NMI=0.597335
INFO:root:Epoch 7 learning rate=0.000100
INFO:root:Epoch 7 beta learning rate=0.100000
INFO:root:[Epoch 7] training loss=29.488812
INFO:root:[Epoch 7] validation: Recall@1=0.491729
INFO:root:[Epoch 7] validation: Recall@2=0.607866
INFO:root:[Epoch 7] validation: Recall@4=0.717083
INFO:root:[Epoch 7] validation: Recall@8=0.802667
INFO:root:[Epoch 7] validation: Recall@16=0.880149
INFO:root:[Epoch 7] validation: NMI=0.578656
INFO:root:Epoch 8 learning rate=0.000100
INFO:root:Epoch 8 beta learning rate=0.100000
INFO:root:[Epoch 8] training loss=28.034949
INFO:root:[Epoch 8] validation: Recall@1=0.481431
INFO:root:[Epoch 8] validation: Recall@2=0.603477
INFO:root:[Epoch 8] validation: Recall@4=0.712863
INFO:root:[Epoch 8] validation: Recall@8=0.810263
INFO:root:[Epoch 8] validation: Recall@16=0.884031
INFO:root:[Epoch 8] validation: NMI=0.570745
INFO:root:Epoch 9 learning rate=0.000100
INFO:root:Epoch 9 beta learning rate=0.100000
INFO:root:[Epoch 9] training loss=26.233183
INFO:root:[Epoch 9] validation: Recall@1=0.463032
INFO:root:[Epoch 9] validation: Recall@2=0.583558
INFO:root:[Epoch 9] validation: Recall@4=0.696151
INFO:root:[Epoch 9] validation: Recall@8=0.796759
INFO:root:[Epoch 9] validation: Recall@16=0.872552
INFO:root:[Epoch 9] validation: NMI=0.564452
INFO:root:Epoch 10 learning rate=0.000100
INFO:root:Epoch 10 beta learning rate=0.100000
INFO:root:[Epoch 10] training loss=25.122232
INFO:root:[Epoch 10] validation: Recall@1=0.469109
INFO:root:[Epoch 10] validation: Recall@2=0.594868
INFO:root:[Epoch 10] validation: Recall@4=0.707124
INFO:root:[Epoch 10] validation: Recall@8=0.801317
INFO:root:[Epoch 10] validation: Recall@16=0.876435
INFO:root:[Epoch 10] validation: NMI=0.568652
INFO:root:Epoch 11 learning rate=0.000100
INFO:root:Epoch 11 beta learning rate=0.100000
INFO:root:[Epoch 11] training loss=23.550032
INFO:root:[Epoch 11] validation: Recall@1=0.433153
INFO:root:[Epoch 11] validation: Recall@2=0.554355
INFO:root:[Epoch 11] validation: Recall@4=0.665766
INFO:root:[Epoch 11] validation: Recall@8=0.773295
INFO:root:[Epoch 11] validation: Recall@16=0.857529
INFO:root:[Epoch 11] validation: NMI=0.531743
INFO:root:Epoch 12 learning rate=0.000050
INFO:root:Epoch 12 beta learning rate=0.050000
INFO:root:[Epoch 12] training loss=20.783791
INFO:root:[Epoch 12] validation: Recall@1=0.457461
INFO:root:[Epoch 12] validation: Recall@2=0.576131
INFO:root:[Epoch 12] validation: Recall@4=0.683153
INFO:root:[Epoch 12] validation: Recall@8=0.780047
INFO:root:[Epoch 12] validation: Recall@16=0.860736
INFO:root:[Epoch 12] validation: NMI=0.546615
INFO:root:Epoch 13 learning rate=0.000050
INFO:root:Epoch 13 beta learning rate=0.050000
INFO:root:[Epoch 13] training loss=18.526594
INFO:root:[Epoch 13] validation: Recall@1=0.450540
INFO:root:[Epoch 13] validation: Recall@2=0.571404
INFO:root:[Epoch 13] validation: Recall@4=0.682647
INFO:root:[Epoch 13] validation: Recall@8=0.776840
INFO:root:[Epoch 13] validation: Recall@16=0.861749
INFO:root:[Epoch 13] validation: NMI=0.543176
INFO:root:Epoch 14 learning rate=0.000025
INFO:root:Epoch 14 beta learning rate=0.025000
INFO:root:[Epoch 14] training loss=16.184987
INFO:root:[Epoch 14] validation: Recall@1=0.450034
INFO:root:[Epoch 14] validation: Recall@2=0.565665
INFO:root:[Epoch 14] validation: Recall@4=0.674544
INFO:root:[Epoch 14] validation: Recall@8=0.773464
INFO:root:[Epoch 14] validation: Recall@16=0.853140
INFO:root:[Epoch 14] validation: NMI=0.544427
INFO:root:Epoch 15 learning rate=0.000025
INFO:root:Epoch 15 beta learning rate=0.025000
INFO:root:[Epoch 15] training loss=15.051329
INFO:root:[Epoch 15] validation: Recall@1=0.448852
INFO:root:[Epoch 15] validation: Recall@2=0.565159
INFO:root:[Epoch 15] validation: Recall@4=0.670999
INFO:root:[Epoch 15] validation: Recall@8=0.770594
INFO:root:[Epoch 15] validation: Recall@16=0.850439
INFO:root:[Epoch 15] validation: NMI=0.543953
INFO:root:Epoch 16 learning rate=0.000013
INFO:root:Epoch 16 beta learning rate=0.012500
INFO:root:[Epoch 16] training loss=12.442575
INFO:root:[Epoch 16] validation: Recall@1=0.443619
INFO:root:[Epoch 16] validation: Recall@2=0.554862
INFO:root:[Epoch 16] validation: Recall@4=0.673194
INFO:root:[Epoch 16] validation: Recall@8=0.772789
INFO:root:[Epoch 16] validation: Recall@16=0.850608
INFO:root:[Epoch 16] validation: NMI=0.542465
INFO:root:Epoch 17 learning rate=0.000013
INFO:root:Epoch 17 beta learning rate=0.012500
INFO:root:[Epoch 17] training loss=11.374963
INFO:root:[Epoch 17] validation: Recall@1=0.444632
INFO:root:[Epoch 17] validation: Recall@2=0.570392
INFO:root:[Epoch 17] validation: Recall@4=0.677245
INFO:root:[Epoch 17] validation: Recall@8=0.776840
INFO:root:[Epoch 17] validation: Recall@16=0.857529
INFO:root:[Epoch 17] validation: NMI=0.546467
INFO:root:Epoch 18 learning rate=0.000006
INFO:root:Epoch 18 beta learning rate=0.006250
INFO:root:[Epoch 18] training loss=11.135366
INFO:root:[Epoch 18] validation: Recall@1=0.452059
INFO:root:[Epoch 18] validation: Recall@2=0.567860
INFO:root:[Epoch 18] validation: Recall@4=0.675219
INFO:root:[Epoch 18] validation: Recall@8=0.779878
INFO:root:[Epoch 18] validation: Recall@16=0.857529
INFO:root:[Epoch 18] validation: NMI=0.546406
INFO:root:Epoch 19 learning rate=0.000006
INFO:root:Epoch 19 beta learning rate=0.006250
INFO:root:[Epoch 19] training loss=10.527134
INFO:root:[Epoch 19] validation: Recall@1=0.447839
INFO:root:[Epoch 19] validation: Recall@2=0.564146
INFO:root:[Epoch 19] validation: Recall@4=0.670831
INFO:root:[Epoch 19] validation: Recall@8=0.775490
INFO:root:[Epoch 19] validation: Recall@16=0.854828
INFO:root:[Epoch 19] validation: NMI=0.539473
INFO:root:Run 5 finished with 0.512492
INFO:root:Starting run 6/10
INFO:root:Pre-train validation: Recall@1=0.296590
INFO:root:Pre-train validation: Recall@2=0.426232
INFO:root:Pre-train validation: Recall@4=0.560939
INFO:root:Pre-train validation: Recall@8=0.690243
INFO:root:Pre-train validation: Recall@16=0.803174
INFO:root:Pre-train validation: NMI=0.443507
INFO:root:Epoch 0 learning rate=0.000100
INFO:root:Epoch 0 beta learning rate=0.100000
INFO:root:[Epoch 0] training loss=50.557123
INFO:root:[Epoch 0] validation: Recall@1=0.415260
INFO:root:[Epoch 0] validation: Recall@2=0.544902
INFO:root:[Epoch 0] validation: Recall@4=0.676401
INFO:root:[Epoch 0] validation: Recall@8=0.787643
INFO:root:[Epoch 0] validation: Recall@16=0.873059
INFO:root:[Epoch 0] validation: NMI=0.558882
INFO:root:Saving margin_loss_model.
INFO:root:Epoch 1 learning rate=0.000100
INFO:root:Epoch 1 beta learning rate=0.100000
INFO:root:[Epoch 1] training loss=45.440076
INFO:root:[Epoch 1] validation: Recall@1=0.474004
INFO:root:[Epoch 1] validation: Recall@2=0.596388
INFO:root:[Epoch 1] validation: Recall@4=0.720966
INFO:root:[Epoch 1] validation: Recall@8=0.824949
INFO:root:[Epoch 1] validation: Recall@16=0.897704
INFO:root:[Epoch 1] validation: NMI=0.597623
INFO:root:Saving margin_loss_model.
INFO:root:Epoch 2 learning rate=0.000100
INFO:root:Epoch 2 beta learning rate=0.100000
INFO:root:[Epoch 2] training loss=42.154044
INFO:root:[Epoch 2] validation: Recall@1=0.486158
INFO:root:[Epoch 2] validation: Recall@2=0.614450
INFO:root:[Epoch 2] validation: Recall@4=0.736664
INFO:root:[Epoch 2] validation: Recall@8=0.830182
INFO:root:[Epoch 2] validation: Recall@16=0.902431
INFO:root:[Epoch 2] validation: NMI=0.606323
INFO:root:Saving margin_loss_model.
INFO:root:Epoch 3 learning rate=0.000100
INFO:root:Epoch 3 beta learning rate=0.100000
INFO:root:[Epoch 3] training loss=39.023134
INFO:root:[Epoch 3] validation: Recall@1=0.498650
INFO:root:[Epoch 3] validation: Recall@2=0.623228
INFO:root:[Epoch 3] validation: Recall@4=0.735820
INFO:root:[Epoch 3] validation: Recall@8=0.831870
INFO:root:[Epoch 3] validation: Recall@16=0.904119
INFO:root:[Epoch 3] validation: NMI=0.611285
INFO:root:Saving margin_loss_model.
INFO:root:Epoch 4 learning rate=0.000100
INFO:root:Epoch 4 beta learning rate=0.100000
INFO:root:[Epoch 4] training loss=36.607683
INFO:root:[Epoch 4] validation: Recall@1=0.507259
INFO:root:[Epoch 4] validation: Recall@2=0.623734
INFO:root:[Epoch 4] validation: Recall@4=0.743417
INFO:root:[Epoch 4] validation: Recall@8=0.835078
INFO:root:[Epoch 4] validation: Recall@16=0.900068
INFO:root:[Epoch 4] validation: NMI=0.608935
INFO:root:Saving margin_loss_model.
INFO:root:Epoch 5 learning rate=0.000100
INFO:root:Epoch 5 beta learning rate=0.100000
INFO:root:[Epoch 5] training loss=33.767109
INFO:root:[Epoch 5] validation: Recall@1=0.495442
INFO:root:[Epoch 5] validation: Recall@2=0.622215
INFO:root:[Epoch 5] validation: Recall@4=0.730756
INFO:root:[Epoch 5] validation: Recall@8=0.820223
INFO:root:[Epoch 5] validation: Recall@16=0.895003
INFO:root:[Epoch 5] validation: NMI=0.592607
INFO:root:Epoch 6 learning rate=0.000100
INFO:root:Epoch 6 beta learning rate=0.100000
INFO:root:[Epoch 6] training loss=31.677084
INFO:root:[Epoch 6] validation: Recall@1=0.498312
INFO:root:[Epoch 6] validation: Recall@2=0.627279
INFO:root:[Epoch 6] validation: Recall@4=0.739196
INFO:root:[Epoch 6] validation: Recall@8=0.837441
INFO:root:[Epoch 6] validation: Recall@16=0.901587
INFO:root:[Epoch 6] validation: NMI=0.596789
INFO:root:Epoch 7 learning rate=0.000100
INFO:root:Epoch 7 beta learning rate=0.100000
INFO:root:[Epoch 7] training loss=29.525009
INFO:root:[Epoch 7] validation: Recall@1=0.478899
INFO:root:[Epoch 7] validation: Recall@2=0.597400
INFO:root:[Epoch 7] validation: Recall@4=0.714213
INFO:root:[Epoch 7] validation: Recall@8=0.808744
INFO:root:[Epoch 7] validation: Recall@16=0.882849
INFO:root:[Epoch 7] validation: NMI=0.573663
INFO:root:Epoch 8 learning rate=0.000100
INFO:root:Epoch 8 beta learning rate=0.100000
INFO:root:[Epoch 8] training loss=27.599477
INFO:root:[Epoch 8] validation: Recall@1=0.478562
INFO:root:[Epoch 8] validation: Recall@2=0.603309
INFO:root:[Epoch 8] validation: Recall@4=0.715395
INFO:root:[Epoch 8] validation: Recall@8=0.808575
INFO:root:[Epoch 8] validation: Recall@16=0.879811
INFO:root:[Epoch 8] validation: NMI=0.568528
INFO:root:Epoch 9 learning rate=0.000100
INFO:root:Epoch 9 beta learning rate=0.100000
INFO:root:[Epoch 9] training loss=25.895339
INFO:root:[Epoch 9] validation: Recall@1=0.452566
INFO:root:[Epoch 9] validation: Recall@2=0.577650
INFO:root:[Epoch 9] validation: Recall@4=0.690581
INFO:root:[Epoch 9] validation: Recall@8=0.787137
INFO:root:[Epoch 9] validation: Recall@16=0.868163
INFO:root:[Epoch 9] validation: NMI=0.550297
INFO:root:Epoch 10 learning rate=0.000100
INFO:root:Epoch 10 beta learning rate=0.100000
INFO:root:[Epoch 10] training loss=25.025357
INFO:root:[Epoch 10] validation: Recall@1=0.453916
INFO:root:[Epoch 10] validation: Recall@2=0.574949
INFO:root:[Epoch 10] validation: Recall@4=0.688893
INFO:root:[Epoch 10] validation: Recall@8=0.791695
INFO:root:[Epoch 10] validation: Recall@16=0.864450
INFO:root:[Epoch 10] validation: NMI=0.551856
INFO:root:Epoch 11 learning rate=0.000100
INFO:root:Epoch 11 beta learning rate=0.100000
INFO:root:[Epoch 11] training loss=23.816377
INFO:root:[Epoch 11] validation: Recall@1=0.457968
INFO:root:[Epoch 11] validation: Recall@2=0.583052
INFO:root:[Epoch 11] validation: Recall@4=0.693788
INFO:root:[Epoch 11] validation: Recall@8=0.796253
INFO:root:[Epoch 11] validation: Recall@16=0.868839
INFO:root:[Epoch 11] validation: NMI=0.550560
INFO:root:Epoch 12 learning rate=0.000050
INFO:root:Epoch 12 beta learning rate=0.050000
INFO:root:[Epoch 12] training loss=20.677350
INFO:root:[Epoch 12] validation: Recall@1=0.461175
INFO:root:[Epoch 12] validation: Recall@2=0.574105
INFO:root:[Epoch 12] validation: Recall@4=0.687880
INFO:root:[Epoch 12] validation: Recall@8=0.784774
INFO:root:[Epoch 12] validation: Recall@16=0.864787
INFO:root:[Epoch 12] validation: NMI=0.547145
INFO:root:Epoch 13 learning rate=0.000050
INFO:root:Epoch 13 beta learning rate=0.050000
INFO:root:[Epoch 13] training loss=18.111476
INFO:root:[Epoch 13] validation: Recall@1=0.429440
INFO:root:[Epoch 13] validation: Recall@2=0.552330
INFO:root:[Epoch 13] validation: Recall@4=0.671506
INFO:root:[Epoch 13] validation: Recall@8=0.770257
INFO:root:[Epoch 13] validation: Recall@16=0.850439
INFO:root:[Epoch 13] validation: NMI=0.541365
INFO:root:Epoch 14 learning rate=0.000025
INFO:root:Epoch 14 beta learning rate=0.025000
INFO:root:[Epoch 14] training loss=15.793746
INFO:root:[Epoch 14] validation: Recall@1=0.445476
INFO:root:[Epoch 14] validation: Recall@2=0.568197
INFO:root:[Epoch 14] validation: Recall@4=0.677583
INFO:root:[Epoch 14] validation: Recall@8=0.777515
INFO:root:[Epoch 14] validation: Recall@16=0.860230
INFO:root:[Epoch 14] validation: NMI=0.545129
INFO:root:Epoch 15 learning rate=0.000025
INFO:root:Epoch 15 beta learning rate=0.025000
INFO:root:[Epoch 15] training loss=13.782137
INFO:root:[Epoch 15] validation: Recall@1=0.435854
INFO:root:[Epoch 15] validation: Recall@2=0.549966
INFO:root:[Epoch 15] validation: Recall@4=0.667286
INFO:root:[Epoch 15] validation: Recall@8=0.767049
INFO:root:[Epoch 15] validation: Recall@16=0.856853
INFO:root:[Epoch 15] validation: NMI=0.543422
INFO:root:Epoch 16 learning rate=0.000013
INFO:root:Epoch 16 beta learning rate=0.012500
INFO:root:[Epoch 16] training loss=12.805880
INFO:root:[Epoch 16] validation: Recall@1=0.439061
INFO:root:[Epoch 16] validation: Recall@2=0.554018
INFO:root:[Epoch 16] validation: Recall@4=0.668298
INFO:root:[Epoch 16] validation: Recall@8=0.768231
INFO:root:[Epoch 16] validation: Recall@16=0.851621
INFO:root:[Epoch 16] validation: NMI=0.539263
INFO:root:Epoch 17 learning rate=0.000013
INFO:root:Epoch 17 beta learning rate=0.012500
INFO:root:[Epoch 17] training loss=11.652756
INFO:root:[Epoch 17] validation: Recall@1=0.441762
INFO:root:[Epoch 17] validation: Recall@2=0.556212
INFO:root:[Epoch 17] validation: Recall@4=0.671506
INFO:root:[Epoch 17] validation: Recall@8=0.776502
INFO:root:[Epoch 17] validation: Recall@16=0.855503
INFO:root:[Epoch 17] validation: NMI=0.543627
INFO:root:Epoch 18 learning rate=0.000006
INFO:root:Epoch 18 beta learning rate=0.006250
INFO:root:[Epoch 18] training loss=10.680980
INFO:root:[Epoch 18] validation: Recall@1=0.442100
INFO:root:[Epoch 18] validation: Recall@2=0.554693
INFO:root:[Epoch 18] validation: Recall@4=0.668130
INFO:root:[Epoch 18] validation: Recall@8=0.777853
INFO:root:[Epoch 18] validation: Recall@16=0.856009
INFO:root:[Epoch 18] validation: NMI=0.538650
INFO:root:Epoch 19 learning rate=0.000006
INFO:root:Epoch 19 beta learning rate=0.006250
INFO:root:[Epoch 19] training loss=10.251089
INFO:root:[Epoch 19] validation: Recall@1=0.435517
INFO:root:[Epoch 19] validation: Recall@2=0.554186
INFO:root:[Epoch 19] validation: Recall@4=0.668130
INFO:root:[Epoch 19] validation: Recall@8=0.774308
INFO:root:[Epoch 19] validation: Recall@16=0.853815
INFO:root:[Epoch 19] validation: NMI=0.541477
INFO:root:Run 6 finished with 0.507259
INFO:root:Starting run 7/10
INFO:root:Pre-train validation: Recall@1=0.296421
INFO:root:Pre-train validation: Recall@2=0.421675
INFO:root:Pre-train validation: Recall@4=0.560432
INFO:root:Pre-train validation: Recall@8=0.688724
INFO:root:Pre-train validation: Recall@16=0.809082
INFO:root:Pre-train validation: NMI=0.453802
INFO:root:Epoch 0 learning rate=0.000100
INFO:root:Epoch 0 beta learning rate=0.100000
INFO:root:[Epoch 0] training loss=51.654288
INFO:root:[Epoch 0] validation: Recall@1=0.419142
INFO:root:[Epoch 0] validation: Recall@2=0.551317
INFO:root:[Epoch 0] validation: Recall@4=0.679271
INFO:root:[Epoch 0] validation: Recall@8=0.790176
INFO:root:[Epoch 0] validation: Recall@16=0.875591
INFO:root:[Epoch 0] validation: NMI=0.557947
INFO:root:Saving margin_loss_model.
INFO:root:Epoch 1 learning rate=0.000100
INFO:root:Epoch 1 beta learning rate=0.100000
INFO:root:[Epoch 1] training loss=45.264301
INFO:root:[Epoch 1] validation: Recall@1=0.481263
INFO:root:[Epoch 1] validation: Recall@2=0.612424
INFO:root:[Epoch 1] validation: Recall@4=0.728224
INFO:root:[Epoch 1] validation: Recall@8=0.829338
INFO:root:[Epoch 1] validation: Recall@16=0.901756
INFO:root:[Epoch 1] validation: NMI=0.596281
INFO:root:Saving margin_loss_model.
INFO:root:Epoch 2 learning rate=0.000100
INFO:root:Epoch 2 beta learning rate=0.100000
INFO:root:[Epoch 2] training loss=42.300872
INFO:root:[Epoch 2] validation: Recall@1=0.511479
INFO:root:[Epoch 2] validation: Recall@2=0.636563
INFO:root:[Epoch 2] validation: Recall@4=0.740547
INFO:root:[Epoch 2] validation: Recall@8=0.837441
INFO:root:[Epoch 2] validation: Recall@16=0.910871
INFO:root:[Epoch 2] validation: NMI=0.618176
INFO:root:Saving margin_loss_model.
INFO:root:Epoch 3 learning rate=0.000100
INFO:root:Epoch 3 beta learning rate=0.100000
INFO:root:[Epoch 3] training loss=38.814257
INFO:root:[Epoch 3] validation: Recall@1=0.511310
INFO:root:[Epoch 3] validation: Recall@2=0.637745
INFO:root:[Epoch 3] validation: Recall@4=0.749156
INFO:root:[Epoch 3] validation: Recall@8=0.842167
INFO:root:[Epoch 3] validation: Recall@16=0.907495
INFO:root:[Epoch 3] validation: NMI=0.620020
INFO:root:Epoch 4 learning rate=0.000100
INFO:root:Epoch 4 beta learning rate=0.100000
INFO:root:[Epoch 4] training loss=36.000021
INFO:root:[Epoch 4] validation: Recall@1=0.512154
INFO:root:[Epoch 4] validation: Recall@2=0.630655
INFO:root:[Epoch 4] validation: Recall@4=0.741222
INFO:root:[Epoch 4] validation: Recall@8=0.830689
INFO:root:[Epoch 4] validation: Recall@16=0.904119
INFO:root:[Epoch 4] validation: NMI=0.603611
INFO:root:Saving margin_loss_model.
INFO:root:Epoch 5 learning rate=0.000100
INFO:root:Epoch 5 beta learning rate=0.100000
INFO:root:[Epoch 5] training loss=34.308584
INFO:root:[Epoch 5] validation: Recall@1=0.498987
INFO:root:[Epoch 5] validation: Recall@2=0.621708
INFO:root:[Epoch 5] validation: Recall@4=0.730081
INFO:root:[Epoch 5] validation: Recall@8=0.825118
INFO:root:[Epoch 5] validation: Recall@16=0.895341
INFO:root:[Epoch 5] validation: NMI=0.593783
INFO:root:Epoch 6 learning rate=0.000100
INFO:root:Epoch 6 beta learning rate=0.100000
INFO:root:[Epoch 6] training loss=31.588052
INFO:root:[Epoch 6] validation: Recall@1=0.496117
INFO:root:[Epoch 6] validation: Recall@2=0.619683
INFO:root:[Epoch 6] validation: Recall@4=0.724510
INFO:root:[Epoch 6] validation: Recall@8=0.814315
INFO:root:[Epoch 6] validation: Recall@16=0.886394
INFO:root:[Epoch 6] validation: NMI=0.589618
INFO:root:Epoch 7 learning rate=0.000100
INFO:root:Epoch 7 beta learning rate=0.100000
INFO:root:[Epoch 7] training loss=29.812049
INFO:root:[Epoch 7] validation: Recall@1=0.482444
INFO:root:[Epoch 7] validation: Recall@2=0.607022
INFO:root:[Epoch 7] validation: Recall@4=0.714720
INFO:root:[Epoch 7] validation: Recall@8=0.811783
INFO:root:[Epoch 7] validation: Recall@16=0.885381
INFO:root:[Epoch 7] validation: NMI=0.578926
INFO:root:Epoch 8 learning rate=0.000100
INFO:root:Epoch 8 beta learning rate=0.100000
INFO:root:[Epoch 8] training loss=28.026223
INFO:root:[Epoch 8] validation: Recall@1=0.484808
INFO:root:[Epoch 8] validation: Recall@2=0.598413
INFO:root:[Epoch 8] validation: Recall@4=0.710162
INFO:root:[Epoch 8] validation: Recall@8=0.800810
INFO:root:[Epoch 8] validation: Recall@16=0.876941
INFO:root:[Epoch 8] validation: NMI=0.577262
INFO:root:Epoch 9 learning rate=0.000100
INFO:root:Epoch 9 beta learning rate=0.100000
INFO:root:[Epoch 9] training loss=26.028344
INFO:root:[Epoch 9] validation: Recall@1=0.458305
INFO:root:[Epoch 9] validation: Recall@2=0.573937
INFO:root:[Epoch 9] validation: Recall@4=0.688555
INFO:root:[Epoch 9] validation: Recall@8=0.780891
INFO:root:[Epoch 9] validation: Recall@16=0.862930
INFO:root:[Epoch 9] validation: NMI=0.553238
INFO:root:Epoch 10 learning rate=0.000100
INFO:root:Epoch 10 beta learning rate=0.100000
INFO:root:[Epoch 10] training loss=25.055907
INFO:root:[Epoch 10] validation: Recall@1=0.456280
INFO:root:[Epoch 10] validation: Recall@2=0.573768
INFO:root:[Epoch 10] validation: Recall@4=0.682984
INFO:root:[Epoch 10] validation: Recall@8=0.785111
INFO:root:[Epoch 10] validation: Recall@16=0.865463
INFO:root:[Epoch 10] validation: NMI=0.553455
INFO:root:Epoch 11 learning rate=0.000100
INFO:root:Epoch 11 beta learning rate=0.100000
INFO:root:[Epoch 11] training loss=24.212186
INFO:root:[Epoch 11] validation: Recall@1=0.444801
INFO:root:[Epoch 11] validation: Recall@2=0.558238
INFO:root:[Epoch 11] validation: Recall@4=0.668636
INFO:root:[Epoch 11] validation: Recall@8=0.775996
INFO:root:[Epoch 11] validation: Recall@16=0.858879
INFO:root:[Epoch 11] validation: NMI=0.543519
INFO:root:Epoch 12 learning rate=0.000050
INFO:root:Epoch 12 beta learning rate=0.050000
INFO:root:[Epoch 12] training loss=19.414839
INFO:root:[Epoch 12] validation: Recall@1=0.442269
INFO:root:[Epoch 12] validation: Recall@2=0.554186
INFO:root:[Epoch 12] validation: Recall@4=0.664247
INFO:root:[Epoch 12] validation: Recall@8=0.769244
INFO:root:[Epoch 12] validation: Recall@16=0.852127
INFO:root:[Epoch 12] validation: NMI=0.534780
INFO:root:Epoch 13 learning rate=0.000050
INFO:root:Epoch 13 beta learning rate=0.050000
INFO:root:[Epoch 13] training loss=17.945094
INFO:root:[Epoch 13] validation: Recall@1=0.440412
INFO:root:[Epoch 13] validation: Recall@2=0.558069
INFO:root:[Epoch 13] validation: Recall@4=0.669986
INFO:root:[Epoch 13] validation: Recall@8=0.766205
INFO:root:[Epoch 13] validation: Recall@16=0.847907
INFO:root:[Epoch 13] validation: NMI=0.536619
INFO:root:Epoch 14 learning rate=0.000025
INFO:root:Epoch 14 beta learning rate=0.025000
INFO:root:[Epoch 14] training loss=15.396577
INFO:root:[Epoch 14] validation: Recall@1=0.442269
INFO:root:[Epoch 14] validation: Recall@2=0.559251
INFO:root:[Epoch 14] validation: Recall@4=0.667623
INFO:root:[Epoch 14] validation: Recall@8=0.772451
INFO:root:[Epoch 14] validation: Recall@16=0.849764
INFO:root:[Epoch 14] validation: NMI=0.539409
INFO:root:Epoch 15 learning rate=0.000025
INFO:root:Epoch 15 beta learning rate=0.025000
INFO:root:[Epoch 15] training loss=13.549358
INFO:root:[Epoch 15] validation: Recall@1=0.441256
INFO:root:[Epoch 15] validation: Recall@2=0.549966
INFO:root:[Epoch 15] validation: Recall@4=0.666442
INFO:root:[Epoch 15] validation: Recall@8=0.768400
INFO:root:[Epoch 15] validation: Recall@16=0.849595
INFO:root:[Epoch 15] validation: NMI=0.538986
INFO:root:Epoch 16 learning rate=0.000013
INFO:root:Epoch 16 beta learning rate=0.012500
INFO:root:[Epoch 16] training loss=12.591818
INFO:root:[Epoch 16] validation: Recall@1=0.435010
INFO:root:[Epoch 16] validation: Recall@2=0.553174
INFO:root:[Epoch 16] validation: Recall@4=0.671168
INFO:root:[Epoch 16] validation: Recall@8=0.769581
INFO:root:[Epoch 16] validation: Recall@16=0.850777
INFO:root:[Epoch 16] validation: NMI=0.535063
INFO:root:Epoch 17 learning rate=0.000013
INFO:root:Epoch 17 beta learning rate=0.012500
INFO:root:[Epoch 17] training loss=11.331160
INFO:root:[Epoch 17] validation: Recall@1=0.439230
INFO:root:[Epoch 17] validation: Recall@2=0.557731
INFO:root:[Epoch 17] validation: Recall@4=0.663910
INFO:root:[Epoch 17] validation: Recall@8=0.762323
INFO:root:[Epoch 17] validation: Recall@16=0.846556
INFO:root:[Epoch 17] validation: NMI=0.543831
INFO:root:Epoch 18 learning rate=0.000006
INFO:root:Epoch 18 beta learning rate=0.006250
INFO:root:[Epoch 18] training loss=10.980708
INFO:root:[Epoch 18] validation: Recall@1=0.436698
INFO:root:[Epoch 18] validation: Recall@2=0.554018
INFO:root:[Epoch 18] validation: Recall@4=0.662897
INFO:root:[Epoch 18] validation: Recall@8=0.764855
INFO:root:[Epoch 18] validation: Recall@16=0.850270
INFO:root:[Epoch 18] validation: NMI=0.535406
INFO:root:Epoch 19 learning rate=0.000006
INFO:root:Epoch 19 beta learning rate=0.006250
INFO:root:[Epoch 19] training loss=10.255304
INFO:root:[Epoch 19] validation: Recall@1=0.432647
INFO:root:[Epoch 19] validation: Recall@2=0.558406
INFO:root:[Epoch 19] validation: Recall@4=0.664078
INFO:root:[Epoch 19] validation: Recall@8=0.765192
INFO:root:[Epoch 19] validation: Recall@16=0.845375
INFO:root:[Epoch 19] validation: NMI=0.539896
INFO:root:Run 7 finished with 0.512154
INFO:root:Starting run 8/10
INFO:root:Pre-train validation: Recall@1=0.299122
INFO:root:Pre-train validation: Recall@2=0.421168
INFO:root:Pre-train validation: Recall@4=0.546759
INFO:root:Pre-train validation: Recall@8=0.685010
INFO:root:Pre-train validation: Recall@16=0.793383
INFO:root:Pre-train validation: NMI=0.452754
INFO:root:Epoch 0 learning rate=0.000100
INFO:root:Epoch 0 beta learning rate=0.100000
INFO:root:[Epoch 0] training loss=51.549272
INFO:root:[Epoch 0] validation: Recall@1=0.409014
INFO:root:[Epoch 0] validation: Recall@2=0.534943
INFO:root:[Epoch 0] validation: Recall@4=0.663741
INFO:root:[Epoch 0] validation: Recall@8=0.782748
INFO:root:[Epoch 0] validation: Recall@16=0.873734
INFO:root:[Epoch 0] validation: NMI=0.547138
INFO:root:Saving margin_loss_model.
INFO:root:Epoch 1 learning rate=0.000100
INFO:root:Epoch 1 beta learning rate=0.100000
INFO:root:[Epoch 1] training loss=44.919821
INFO:root:[Epoch 1] validation: Recall@1=0.457630
INFO:root:[Epoch 1] validation: Recall@2=0.583727
INFO:root:[Epoch 1] validation: Recall@4=0.704929
INFO:root:[Epoch 1] validation: Recall@8=0.813977
INFO:root:[Epoch 1] validation: Recall@16=0.895679
INFO:root:[Epoch 1] validation: NMI=0.588234
INFO:root:Saving margin_loss_model.
INFO:root:Epoch 2 learning rate=0.000100
INFO:root:Epoch 2 beta learning rate=0.100000
INFO:root:[Epoch 2] training loss=41.734362
INFO:root:[Epoch 2] validation: Recall@1=0.479743
INFO:root:[Epoch 2] validation: Recall@2=0.618332
INFO:root:[Epoch 2] validation: Recall@4=0.732275
INFO:root:[Epoch 2] validation: Recall@8=0.830351
INFO:root:[Epoch 2] validation: Recall@16=0.906482
INFO:root:[Epoch 2] validation: NMI=0.603606
INFO:root:Saving margin_loss_model.
INFO:root:Epoch 3 learning rate=0.000100
INFO:root:Epoch 3 beta learning rate=0.100000
INFO:root:[Epoch 3] training loss=38.824159
INFO:root:[Epoch 3] validation: Recall@1=0.498987
INFO:root:[Epoch 3] validation: Recall@2=0.625084
INFO:root:[Epoch 3] validation: Recall@4=0.738184
INFO:root:[Epoch 3] validation: Recall@8=0.831364
INFO:root:[Epoch 3] validation: Recall@16=0.900912
INFO:root:[Epoch 3] validation: NMI=0.605188
INFO:root:Saving margin_loss_model.
INFO:root:Epoch 4 learning rate=0.000100
INFO:root:Epoch 4 beta learning rate=0.100000
INFO:root:[Epoch 4] training loss=36.302147
INFO:root:[Epoch 4] validation: Recall@1=0.502194
INFO:root:[Epoch 4] validation: Recall@2=0.625760
INFO:root:[Epoch 4] validation: Recall@4=0.729912
INFO:root:[Epoch 4] validation: Recall@8=0.821067
INFO:root:[Epoch 4] validation: Recall@16=0.895847
INFO:root:[Epoch 4] validation: NMI=0.613450
INFO:root:Saving margin_loss_model.
INFO:root:Epoch 5 learning rate=0.000100
INFO:root:Epoch 5 beta learning rate=0.100000
INFO:root:[Epoch 5] training loss=33.819291
INFO:root:[Epoch 5] validation: Recall@1=0.507427
INFO:root:[Epoch 5] validation: Recall@2=0.618332
INFO:root:[Epoch 5] validation: Recall@4=0.731769
INFO:root:[Epoch 5] validation: Recall@8=0.821404
INFO:root:[Epoch 5] validation: Recall@16=0.893484
INFO:root:[Epoch 5] validation: NMI=0.600277
INFO:root:Saving margin_loss_model.
INFO:root:Epoch 6 learning rate=0.000100
INFO:root:Epoch 6 beta learning rate=0.100000
INFO:root:[Epoch 6] training loss=31.947777
INFO:root:[Epoch 6] validation: Recall@1=0.500675
INFO:root:[Epoch 6] validation: Recall@2=0.617488
INFO:root:[Epoch 6] validation: Recall@4=0.730925
INFO:root:[Epoch 6] validation: Recall@8=0.826300
INFO:root:[Epoch 6] validation: Recall@16=0.892978
INFO:root:[Epoch 6] validation: NMI=0.592729
INFO:root:Epoch 7 learning rate=0.000100
INFO:root:Epoch 7 beta learning rate=0.100000
INFO:root:[Epoch 7] training loss=29.696174
INFO:root:[Epoch 7] validation: Recall@1=0.476705
INFO:root:[Epoch 7] validation: Recall@2=0.594362
INFO:root:[Epoch 7] validation: Recall@4=0.705604
INFO:root:[Epoch 7] validation: Recall@8=0.800473
INFO:root:[Epoch 7] validation: Recall@16=0.876941
INFO:root:[Epoch 7] validation: NMI=0.572638
INFO:root:Epoch 8 learning rate=0.000100
INFO:root:Epoch 8 beta learning rate=0.100000
INFO:root:[Epoch 8] training loss=27.666317
INFO:root:[Epoch 8] validation: Recall@1=0.485989
INFO:root:[Epoch 8] validation: Recall@2=0.607529
INFO:root:[Epoch 8] validation: Recall@4=0.713201
INFO:root:[Epoch 8] validation: Recall@8=0.809757
INFO:root:[Epoch 8] validation: Recall@16=0.885213
INFO:root:[Epoch 8] validation: NMI=0.579523
INFO:root:Epoch 9 learning rate=0.000100
INFO:root:Epoch 9 beta learning rate=0.100000
INFO:root:[Epoch 9] training loss=26.492520
INFO:root:[Epoch 9] validation: Recall@1=0.477211
INFO:root:[Epoch 9] validation: Recall@2=0.592674
INFO:root:[Epoch 9] validation: Recall@4=0.694126
INFO:root:[Epoch 9] validation: Recall@8=0.793214
INFO:root:[Epoch 9] validation: Recall@16=0.868163
INFO:root:[Epoch 9] validation: NMI=0.558939
INFO:root:Epoch 10 learning rate=0.000100
INFO:root:Epoch 10 beta learning rate=0.100000
INFO:root:[Epoch 10] training loss=25.326246
INFO:root:[Epoch 10] validation: Recall@1=0.453241
INFO:root:[Epoch 10] validation: Recall@2=0.577481
INFO:root:[Epoch 10] validation: Recall@4=0.694970
INFO:root:[Epoch 10] validation: Recall@8=0.789669
INFO:root:[Epoch 10] validation: Recall@16=0.869683
INFO:root:[Epoch 10] validation: NMI=0.552462
INFO:root:Epoch 11 learning rate=0.000100
INFO:root:Epoch 11 beta learning rate=0.100000
INFO:root:[Epoch 11] training loss=23.792301
INFO:root:[Epoch 11] validation: Recall@1=0.447164
INFO:root:[Epoch 11] validation: Recall@2=0.569379
INFO:root:[Epoch 11] validation: Recall@4=0.681803
INFO:root:[Epoch 11] validation: Recall@8=0.781567
INFO:root:[Epoch 11] validation: Recall@16=0.866138
INFO:root:[Epoch 11] validation: NMI=0.541521
INFO:root:Epoch 12 learning rate=0.000050
INFO:root:Epoch 12 beta learning rate=0.050000
INFO:root:[Epoch 12] training loss=20.652352
INFO:root:[Epoch 12] validation: Recall@1=0.441256
INFO:root:[Epoch 12] validation: Recall@2=0.567353
INFO:root:[Epoch 12] validation: Recall@4=0.683828
INFO:root:[Epoch 12] validation: Recall@8=0.777009
INFO:root:[Epoch 12] validation: Recall@16=0.854997
INFO:root:[Epoch 12] validation: NMI=0.543926
INFO:root:Epoch 13 learning rate=0.000050
INFO:root:Epoch 13 beta learning rate=0.050000
INFO:root:[Epoch 13] training loss=18.121634
INFO:root:[Epoch 13] validation: Recall@1=0.436529
INFO:root:[Epoch 13] validation: Recall@2=0.555706
INFO:root:[Epoch 13] validation: Recall@4=0.673025
INFO:root:[Epoch 13] validation: Recall@8=0.773970
INFO:root:[Epoch 13] validation: Recall@16=0.854828
INFO:root:[Epoch 13] validation: NMI=0.538564
INFO:root:Epoch 14 learning rate=0.000025
INFO:root:Epoch 14 beta learning rate=0.025000
INFO:root:[Epoch 14] training loss=15.316534
INFO:root:[Epoch 14] validation: Recall@1=0.428764
INFO:root:[Epoch 14] validation: Recall@2=0.552667
INFO:root:[Epoch 14] validation: Recall@4=0.660702
INFO:root:[Epoch 14] validation: Recall@8=0.765192
INFO:root:[Epoch 14] validation: Recall@16=0.853646
INFO:root:[Epoch 14] validation: NMI=0.539755
INFO:root:Epoch 15 learning rate=0.000025
INFO:root:Epoch 15 beta learning rate=0.025000
INFO:root:[Epoch 15] training loss=13.950422
INFO:root:[Epoch 15] validation: Recall@1=0.433660
INFO:root:[Epoch 15] validation: Recall@2=0.550473
INFO:root:[Epoch 15] validation: Recall@4=0.663234
INFO:root:[Epoch 15] validation: Recall@8=0.762154
INFO:root:[Epoch 15] validation: Recall@16=0.848244
INFO:root:[Epoch 15] validation: NMI=0.536855
INFO:root:Epoch 16 learning rate=0.000013
INFO:root:Epoch 16 beta learning rate=0.012500
INFO:root:[Epoch 16] training loss=12.228993
INFO:root:[Epoch 16] validation: Recall@1=0.438386
INFO:root:[Epoch 16] validation: Recall@2=0.556381
INFO:root:[Epoch 16] validation: Recall@4=0.666104
INFO:root:[Epoch 16] validation: Recall@8=0.767725
INFO:root:[Epoch 16] validation: Recall@16=0.853477
INFO:root:[Epoch 16] validation: NMI=0.543778
INFO:root:Epoch 17 learning rate=0.000013
INFO:root:Epoch 17 beta learning rate=0.012500
INFO:root:[Epoch 17] training loss=12.144714
INFO:root:[Epoch 17] validation: Recall@1=0.429440
INFO:root:[Epoch 17] validation: Recall@2=0.551317
INFO:root:[Epoch 17] validation: Recall@4=0.666610
INFO:root:[Epoch 17] validation: Recall@8=0.761648
INFO:root:[Epoch 17] validation: Recall@16=0.850439
INFO:root:[Epoch 17] validation: NMI=0.536146
INFO:root:Epoch 18 learning rate=0.000006
INFO:root:Epoch 18 beta learning rate=0.006250
INFO:root:[Epoch 18] training loss=10.753019
INFO:root:[Epoch 18] validation: Recall@1=0.430284
INFO:root:[Epoch 18] validation: Recall@2=0.547941
INFO:root:[Epoch 18] validation: Recall@4=0.663065
INFO:root:[Epoch 18] validation: Recall@8=0.760635
INFO:root:[Epoch 18] validation: Recall@16=0.850777
INFO:root:[Epoch 18] validation: NMI=0.537319
INFO:root:Epoch 19 learning rate=0.000006
INFO:root:Epoch 19 beta learning rate=0.006250
INFO:root:[Epoch 19] training loss=9.854771
INFO:root:[Epoch 19] validation: Recall@1=0.431803
INFO:root:[Epoch 19] validation: Recall@2=0.552667
INFO:root:[Epoch 19] validation: Recall@4=0.668298
INFO:root:[Epoch 19] validation: Recall@8=0.761479
INFO:root:[Epoch 19] validation: Recall@16=0.845712
INFO:root:[Epoch 19] validation: NMI=0.536217
INFO:root:Run 8 finished with 0.507427
INFO:root:Starting run 9/10
INFO:root:Pre-train validation: Recall@1=0.288150
INFO:root:Pre-train validation: Recall@2=0.402431
INFO:root:Pre-train validation: Recall@4=0.541695
INFO:root:Pre-train validation: Recall@8=0.674207
INFO:root:Pre-train validation: Recall@16=0.800810
INFO:root:Pre-train validation: NMI=0.447601
INFO:root:Epoch 0 learning rate=0.000100
INFO:root:Epoch 0 beta learning rate=0.100000
INFO:root:[Epoch 0] training loss=50.979097
INFO:root:[Epoch 0] validation: Recall@1=0.411377
INFO:root:[Epoch 0] validation: Recall@2=0.540851
INFO:root:[Epoch 0] validation: Recall@4=0.668298
INFO:root:[Epoch 0] validation: Recall@8=0.787981
INFO:root:[Epoch 0] validation: Recall@16=0.884537
INFO:root:[Epoch 0] validation: NMI=0.558967
INFO:root:Saving margin_loss_model.
INFO:root:Epoch 1 learning rate=0.000100
INFO:root:Epoch 1 beta learning rate=0.100000
INFO:root:[Epoch 1] training loss=45.475097
INFO:root:[Epoch 1] validation: Recall@1=0.471303
INFO:root:[Epoch 1] validation: Recall@2=0.598751
INFO:root:[Epoch 1] validation: Recall@4=0.715733
INFO:root:[Epoch 1] validation: Recall@8=0.823599
INFO:root:[Epoch 1] validation: Recall@16=0.902600
INFO:root:[Epoch 1] validation: NMI=0.595540
INFO:root:Saving margin_loss_model.
INFO:root:Epoch 2 learning rate=0.000100
INFO:root:Epoch 2 beta learning rate=0.100000
INFO:root:[Epoch 2] training loss=41.851952
INFO:root:[Epoch 2] validation: Recall@1=0.485483
INFO:root:[Epoch 2] validation: Recall@2=0.614619
INFO:root:[Epoch 2] validation: Recall@4=0.726536
INFO:root:[Epoch 2] validation: Recall@8=0.829845
INFO:root:[Epoch 2] validation: Recall@16=0.907326
INFO:root:[Epoch 2] validation: NMI=0.601431
INFO:root:Saving margin_loss_model.
INFO:root:Epoch 3 learning rate=0.000100
INFO:root:Epoch 3 beta learning rate=0.100000
INFO:root:[Epoch 3] training loss=38.931430
INFO:root:[Epoch 3] validation: Recall@1=0.493923
INFO:root:[Epoch 3] validation: Recall@2=0.623228
INFO:root:[Epoch 3] validation: Recall@4=0.742235
INFO:root:[Epoch 3] validation: Recall@8=0.839298
INFO:root:[Epoch 3] validation: Recall@16=0.908170
INFO:root:[Epoch 3] validation: NMI=0.610385
INFO:root:Saving margin_loss_model.
INFO:root:Epoch 4 learning rate=0.000100
INFO:root:Epoch 4 beta learning rate=0.100000
INFO:root:[Epoch 4] training loss=36.310594
INFO:root:[Epoch 4] validation: Recall@1=0.502701
INFO:root:[Epoch 4] validation: Recall@2=0.625760
INFO:root:[Epoch 4] validation: Recall@4=0.738184
INFO:root:[Epoch 4] validation: Recall@8=0.832377
INFO:root:[Epoch 4] validation: Recall@16=0.906989
INFO:root:[Epoch 4] validation: NMI=0.609819
INFO:root:Saving margin_loss_model.
INFO:root:Epoch 5 learning rate=0.000100
INFO:root:Epoch 5 beta learning rate=0.100000
INFO:root:[Epoch 5] training loss=34.085765
INFO:root:[Epoch 5] validation: Recall@1=0.489703
INFO:root:[Epoch 5] validation: Recall@2=0.606009
INFO:root:[Epoch 5] validation: Recall@4=0.714889
INFO:root:[Epoch 5] validation: Recall@8=0.818197
INFO:root:[Epoch 5] validation: Recall@16=0.898379
INFO:root:[Epoch 5] validation: NMI=0.601747
INFO:root:Epoch 6 learning rate=0.000100
INFO:root:Epoch 6 beta learning rate=0.100000
INFO:root:[Epoch 6] training loss=31.402690
INFO:root:[Epoch 6] validation: Recall@1=0.494936
INFO:root:[Epoch 6] validation: Recall@2=0.614281
INFO:root:[Epoch 6] validation: Recall@4=0.725017
INFO:root:[Epoch 6] validation: Recall@8=0.822417
INFO:root:[Epoch 6] validation: Recall@16=0.892302
INFO:root:[Epoch 6] validation: NMI=0.597578
INFO:root:Epoch 7 learning rate=0.000100
INFO:root:Epoch 7 beta learning rate=0.100000
INFO:root:[Epoch 7] training loss=29.197255
INFO:root:[Epoch 7] validation: Recall@1=0.470459
INFO:root:[Epoch 7] validation: Recall@2=0.584740
INFO:root:[Epoch 7] validation: Recall@4=0.701384
INFO:root:[Epoch 7] validation: Recall@8=0.805030
INFO:root:[Epoch 7] validation: Recall@16=0.880655
INFO:root:[Epoch 7] validation: NMI=0.576129
INFO:root:Epoch 8 learning rate=0.000100
INFO:root:Epoch 8 beta learning rate=0.100000
INFO:root:[Epoch 8] training loss=28.374009
INFO:root:[Epoch 8] validation: Recall@1=0.472147
INFO:root:[Epoch 8] validation: Recall@2=0.600777
INFO:root:[Epoch 8] validation: Recall@4=0.719278
INFO:root:[Epoch 8] validation: Recall@8=0.817522
INFO:root:[Epoch 8] validation: Recall@16=0.886057
INFO:root:[Epoch 8] validation: NMI=0.573221
INFO:root:Epoch 9 learning rate=0.000100
INFO:root:Epoch 9 beta learning rate=0.100000
INFO:root:[Epoch 9] training loss=25.930341
INFO:root:[Epoch 9] validation: Recall@1=0.449190
INFO:root:[Epoch 9] validation: Recall@2=0.572586
INFO:root:[Epoch 9] validation: Recall@4=0.687880
INFO:root:[Epoch 9] validation: Recall@8=0.794396
INFO:root:[Epoch 9] validation: Recall@16=0.865800
INFO:root:[Epoch 9] validation: NMI=0.559392
INFO:root:Epoch 10 learning rate=0.000100
INFO:root:Epoch 10 beta learning rate=0.100000
INFO:root:[Epoch 10] training loss=25.390575
INFO:root:[Epoch 10] validation: Recall@1=0.463201
INFO:root:[Epoch 10] validation: Recall@2=0.587272
INFO:root:[Epoch 10] validation: Recall@4=0.703410
INFO:root:[Epoch 10] validation: Recall@8=0.798616
INFO:root:[Epoch 10] validation: Recall@16=0.871033
INFO:root:[Epoch 10] validation: NMI=0.557614
INFO:root:Epoch 11 learning rate=0.000100
INFO:root:Epoch 11 beta learning rate=0.100000
INFO:root:[Epoch 11] training loss=23.964663
INFO:root:[Epoch 11] validation: Recall@1=0.453241
INFO:root:[Epoch 11] validation: Recall@2=0.579338
INFO:root:[Epoch 11] validation: Recall@4=0.695307
INFO:root:[Epoch 11] validation: Recall@8=0.791357
INFO:root:[Epoch 11] validation: Recall@16=0.869514
INFO:root:[Epoch 11] validation: NMI=0.561443
INFO:root:Epoch 12 learning rate=0.000050
INFO:root:Epoch 12 beta learning rate=0.050000
INFO:root:[Epoch 12] training loss=20.931262
INFO:root:[Epoch 12] validation: Recall@1=0.447839
INFO:root:[Epoch 12] validation: Recall@2=0.564821
INFO:root:[Epoch 12] validation: Recall@4=0.680621
INFO:root:[Epoch 12] validation: Recall@8=0.782917
INFO:root:[Epoch 12] validation: Recall@16=0.865800
INFO:root:[Epoch 12] validation: NMI=0.545744
INFO:root:Epoch 13 learning rate=0.000050
INFO:root:Epoch 13 beta learning rate=0.050000
INFO:root:[Epoch 13] training loss=18.058410
INFO:root:[Epoch 13] validation: Recall@1=0.446320
INFO:root:[Epoch 13] validation: Recall@2=0.563133
INFO:root:[Epoch 13] validation: Recall@4=0.680284
INFO:root:[Epoch 13] validation: Recall@8=0.787643
INFO:root:[Epoch 13] validation: Recall@16=0.868163
INFO:root:[Epoch 13] validation: NMI=0.543308
INFO:root:Epoch 14 learning rate=0.000025
INFO:root:Epoch 14 beta learning rate=0.025000
INFO:root:[Epoch 14] training loss=15.814033
INFO:root:[Epoch 14] validation: Recall@1=0.442269
INFO:root:[Epoch 14] validation: Recall@2=0.561107
INFO:root:[Epoch 14] validation: Recall@4=0.671843
INFO:root:[Epoch 14] validation: Recall@8=0.778359
INFO:root:[Epoch 14] validation: Recall@16=0.858879
INFO:root:[Epoch 14] validation: NMI=0.540622
INFO:root:Epoch 15 learning rate=0.000025
INFO:root:Epoch 15 beta learning rate=0.025000
INFO:root:[Epoch 15] training loss=14.377583
INFO:root:[Epoch 15] validation: Recall@1=0.443450
INFO:root:[Epoch 15] validation: Recall@2=0.560095
INFO:root:[Epoch 15] validation: Recall@4=0.676063
INFO:root:[Epoch 15] validation: Recall@8=0.778022
INFO:root:[Epoch 15] validation: Recall@16=0.860905
INFO:root:[Epoch 15] validation: NMI=0.544447
INFO:root:Epoch 16 learning rate=0.000013
INFO:root:Epoch 16 beta learning rate=0.012500
INFO:root:[Epoch 16] training loss=12.993493
INFO:root:[Epoch 16] validation: Recall@1=0.441931
INFO:root:[Epoch 16] validation: Recall@2=0.554018
INFO:root:[Epoch 16] validation: Recall@4=0.669142
INFO:root:[Epoch 16] validation: Recall@8=0.774139
INFO:root:[Epoch 16] validation: Recall@16=0.854659
INFO:root:[Epoch 16] validation: NMI=0.540017
INFO:root:Epoch 17 learning rate=0.000013
INFO:root:Epoch 17 beta learning rate=0.012500
INFO:root:[Epoch 17] training loss=11.320939
INFO:root:[Epoch 17] validation: Recall@1=0.444126
INFO:root:[Epoch 17] validation: Recall@2=0.560263
INFO:root:[Epoch 17] validation: Recall@4=0.678427
INFO:root:[Epoch 17] validation: Recall@8=0.783930
INFO:root:[Epoch 17] validation: Recall@16=0.860567
INFO:root:[Epoch 17] validation: NMI=0.546405
INFO:root:Epoch 18 learning rate=0.000006
INFO:root:Epoch 18 beta learning rate=0.006250
INFO:root:[Epoch 18] training loss=10.955427
INFO:root:[Epoch 18] validation: Recall@1=0.440243
INFO:root:[Epoch 18] validation: Recall@2=0.552498
INFO:root:[Epoch 18] validation: Recall@4=0.667286
INFO:root:[Epoch 18] validation: Recall@8=0.775996
INFO:root:[Epoch 18] validation: Recall@16=0.855334
INFO:root:[Epoch 18] validation: NMI=0.541695
INFO:root:Epoch 19 learning rate=0.000006
INFO:root:Epoch 19 beta learning rate=0.006250
INFO:root:[Epoch 19] training loss=10.512028
INFO:root:[Epoch 19] validation: Recall@1=0.448515
INFO:root:[Epoch 19] validation: Recall@2=0.562289
INFO:root:[Epoch 19] validation: Recall@4=0.675051
INFO:root:[Epoch 19] validation: Recall@8=0.777178
INFO:root:[Epoch 19] validation: Recall@16=0.859386
INFO:root:[Epoch 19] validation: NMI=0.543895
INFO:root:Run 9 finished with 0.502701
INFO:root:Starting run 10/10
INFO:root:Pre-train validation: Recall@1=0.291695
INFO:root:Pre-train validation: Recall@2=0.413234
INFO:root:Pre-train validation: Recall@4=0.549629
INFO:root:Pre-train validation: Recall@8=0.681972
INFO:root:Pre-train validation: Recall@16=0.801654
INFO:root:Pre-train validation: NMI=0.441380
INFO:root:Epoch 0 learning rate=0.000100
INFO:root:Epoch 0 beta learning rate=0.100000
INFO:root:[Epoch 0] training loss=51.107118
INFO:root:[Epoch 0] validation: Recall@1=0.423363
INFO:root:[Epoch 0] validation: Recall@2=0.548953
INFO:root:[Epoch 0] validation: Recall@4=0.675388
INFO:root:[Epoch 0] validation: Recall@8=0.791526
INFO:root:[Epoch 0] validation: Recall@16=0.878967
INFO:root:[Epoch 0] validation: NMI=0.565834
INFO:root:Saving margin_loss_model.
INFO:root:Epoch 1 learning rate=0.000100
INFO:root:Epoch 1 beta learning rate=0.100000
INFO:root:[Epoch 1] training loss=45.249105
INFO:root:[Epoch 1] validation: Recall@1=0.464382
INFO:root:[Epoch 1] validation: Recall@2=0.598920
INFO:root:[Epoch 1] validation: Recall@4=0.721303
INFO:root:[Epoch 1] validation: Recall@8=0.827144
INFO:root:[Epoch 1] validation: Recall@16=0.894835
INFO:root:[Epoch 1] validation: NMI=0.594927
INFO:root:Saving margin_loss_model.
INFO:root:Epoch 2 learning rate=0.000100
INFO:root:Epoch 2 beta learning rate=0.100000
INFO:root:[Epoch 2] training loss=41.392905
INFO:root:[Epoch 2] validation: Recall@1=0.495949
INFO:root:[Epoch 2] validation: Recall@2=0.625591
INFO:root:[Epoch 2] validation: Recall@4=0.742404
INFO:root:[Epoch 2] validation: Recall@8=0.840648
INFO:root:[Epoch 2] validation: Recall@16=0.908001
INFO:root:[Epoch 2] validation: NMI=0.619857
INFO:root:Saving margin_loss_model.
INFO:root:Epoch 3 learning rate=0.000100
INFO:root:Epoch 3 beta learning rate=0.100000
INFO:root:[Epoch 3] training loss=39.107637
INFO:root:[Epoch 3] validation: Recall@1=0.504558
INFO:root:[Epoch 3] validation: Recall@2=0.634706
INFO:root:[Epoch 3] validation: Recall@4=0.750506
INFO:root:[Epoch 3] validation: Recall@8=0.844868
INFO:root:[Epoch 3] validation: Recall@16=0.906989
INFO:root:[Epoch 3] validation: NMI=0.605063
INFO:root:Saving margin_loss_model.
INFO:root:Epoch 4 learning rate=0.000100
INFO:root:Epoch 4 beta learning rate=0.100000
INFO:root:[Epoch 4] training loss=35.765339
INFO:root:[Epoch 4] validation: Recall@1=0.505571
INFO:root:[Epoch 4] validation: Recall@2=0.626604
INFO:root:[Epoch 4] validation: Recall@4=0.740885
INFO:root:[Epoch 4] validation: Recall@8=0.836428
INFO:root:[Epoch 4] validation: Recall@16=0.906820
INFO:root:[Epoch 4] validation: NMI=0.605928
INFO:root:Saving margin_loss_model.
INFO:root:Epoch 5 learning rate=0.000100
INFO:root:Epoch 5 beta learning rate=0.100000
INFO:root:[Epoch 5] training loss=33.851321
INFO:root:[Epoch 5] validation: Recall@1=0.523464
INFO:root:[Epoch 5] validation: Recall@2=0.642809
INFO:root:[Epoch 5] validation: Recall@4=0.748818
INFO:root:[Epoch 5] validation: Recall@8=0.839467
INFO:root:[Epoch 5] validation: Recall@16=0.906482
INFO:root:[Epoch 5] validation: NMI=0.609926
INFO:root:Saving margin_loss_model.
INFO:root:Epoch 6 learning rate=0.000100
INFO:root:Epoch 6 beta learning rate=0.100000
INFO:root:[Epoch 6] training loss=31.837365
INFO:root:[Epoch 6] validation: Recall@1=0.503714
INFO:root:[Epoch 6] validation: Recall@2=0.622384
INFO:root:[Epoch 6] validation: Recall@4=0.736158
INFO:root:[Epoch 6] validation: Recall@8=0.829169
INFO:root:[Epoch 6] validation: Recall@16=0.897535
INFO:root:[Epoch 6] validation: NMI=0.598566
INFO:root:Epoch 7 learning rate=0.000100
INFO:root:Epoch 7 beta learning rate=0.100000
INFO:root:[Epoch 7] training loss=29.434711
INFO:root:[Epoch 7] validation: Recall@1=0.499325
INFO:root:[Epoch 7] validation: Recall@2=0.624409
INFO:root:[Epoch 7] validation: Recall@4=0.729068
INFO:root:[Epoch 7] validation: Recall@8=0.825962
INFO:root:[Epoch 7] validation: Recall@16=0.893991
INFO:root:[Epoch 7] validation: NMI=0.594813
INFO:root:Epoch 8 learning rate=0.000100
INFO:root:Epoch 8 beta learning rate=0.100000
INFO:root:[Epoch 8] training loss=27.724441
INFO:root:[Epoch 8] validation: Recall@1=0.484639
INFO:root:[Epoch 8] validation: Recall@2=0.604490
INFO:root:[Epoch 8] validation: Recall@4=0.711175
INFO:root:[Epoch 8] validation: Recall@8=0.797941
INFO:root:[Epoch 8] validation: Recall@16=0.879473
INFO:root:[Epoch 8] validation: NMI=0.576268
INFO:root:Epoch 9 learning rate=0.000100
INFO:root:Epoch 9 beta learning rate=0.100000
INFO:root:[Epoch 9] training loss=26.594674
INFO:root:[Epoch 9] validation: Recall@1=0.464382
INFO:root:[Epoch 9] validation: Recall@2=0.582714
INFO:root:[Epoch 9] validation: Recall@4=0.697670
INFO:root:[Epoch 9] validation: Recall@8=0.797603
INFO:root:[Epoch 9] validation: Recall@16=0.875591
INFO:root:[Epoch 9] validation: NMI=0.560339
INFO:root:Epoch 10 learning rate=0.000100
INFO:root:Epoch 10 beta learning rate=0.100000
INFO:root:[Epoch 10] training loss=25.298771
INFO:root:[Epoch 10] validation: Recall@1=0.471303
INFO:root:[Epoch 10] validation: Recall@2=0.585246
INFO:root:[Epoch 10] validation: Recall@4=0.697670
INFO:root:[Epoch 10] validation: Recall@8=0.793552
INFO:root:[Epoch 10] validation: Recall@16=0.869007
INFO:root:[Epoch 10] validation: NMI=0.557874
INFO:root:Epoch 11 learning rate=0.000100
INFO:root:Epoch 11 beta learning rate=0.100000
INFO:root:[Epoch 11] training loss=23.565145
INFO:root:[Epoch 11] validation: Recall@1=0.470122
INFO:root:[Epoch 11] validation: Recall@2=0.592505
INFO:root:[Epoch 11] validation: Recall@4=0.703579
INFO:root:[Epoch 11] validation: Recall@8=0.797772
INFO:root:[Epoch 11] validation: Recall@16=0.875084
INFO:root:[Epoch 11] validation: NMI=0.556817
INFO:root:Epoch 12 learning rate=0.000050
INFO:root:Epoch 12 beta learning rate=0.050000
INFO:root:[Epoch 12] training loss=20.682125
INFO:root:[Epoch 12] validation: Recall@1=0.451891
INFO:root:[Epoch 12] validation: Recall@2=0.568197
INFO:root:[Epoch 12] validation: Recall@4=0.684504
INFO:root:[Epoch 12] validation: Recall@8=0.784436
INFO:root:[Epoch 12] validation: Recall@16=0.856347
INFO:root:[Epoch 12] validation: NMI=0.545990
INFO:root:Epoch 13 learning rate=0.000050
INFO:root:Epoch 13 beta learning rate=0.050000
INFO:root:[Epoch 13] training loss=17.804037
INFO:root:[Epoch 13] validation: Recall@1=0.450709
INFO:root:[Epoch 13] validation: Recall@2=0.571404
INFO:root:[Epoch 13] validation: Recall@4=0.677245
INFO:root:[Epoch 13] validation: Recall@8=0.773970
INFO:root:[Epoch 13] validation: Recall@16=0.851621
INFO:root:[Epoch 13] validation: NMI=0.548797
INFO:root:Epoch 14 learning rate=0.000025
INFO:root:Epoch 14 beta learning rate=0.025000
INFO:root:[Epoch 14] training loss=15.153490
INFO:root:[Epoch 14] validation: Recall@1=0.445307
INFO:root:[Epoch 14] validation: Recall@2=0.561445
INFO:root:[Epoch 14] validation: Recall@4=0.673700
INFO:root:[Epoch 14] validation: Recall@8=0.773126
INFO:root:[Epoch 14] validation: Recall@16=0.853646
INFO:root:[Epoch 14] validation: NMI=0.539464
INFO:root:Epoch 15 learning rate=0.000025
INFO:root:Epoch 15 beta learning rate=0.025000
INFO:root:[Epoch 15] training loss=13.635051
INFO:root:[Epoch 15] validation: Recall@1=0.448177
INFO:root:[Epoch 15] validation: Recall@2=0.562289
INFO:root:[Epoch 15] validation: Recall@4=0.682647
INFO:root:[Epoch 15] validation: Recall@8=0.782242
INFO:root:[Epoch 15] validation: Recall@16=0.856347
INFO:root:[Epoch 15] validation: NMI=0.550303
INFO:root:Epoch 16 learning rate=0.000013
INFO:root:Epoch 16 beta learning rate=0.012500
INFO:root:[Epoch 16] training loss=12.788209
INFO:root:[Epoch 16] validation: Recall@1=0.452903
INFO:root:[Epoch 16] validation: Recall@2=0.561276
INFO:root:[Epoch 16] validation: Recall@4=0.676232
INFO:root:[Epoch 16] validation: Recall@8=0.777684
INFO:root:[Epoch 16] validation: Recall@16=0.856853
INFO:root:[Epoch 16] validation: NMI=0.536234
INFO:root:Epoch 17 learning rate=0.000013
INFO:root:Epoch 17 beta learning rate=0.012500
INFO:root:[Epoch 17] training loss=10.721613
INFO:root:[Epoch 17] validation: Recall@1=0.455604
INFO:root:[Epoch 17] validation: Recall@2=0.566172
INFO:root:[Epoch 17] validation: Recall@4=0.678258
INFO:root:[Epoch 17] validation: Recall@8=0.779372
INFO:root:[Epoch 17] validation: Recall@16=0.854997
INFO:root:[Epoch 17] validation: NMI=0.547439
INFO:root:Epoch 18 learning rate=0.000006
INFO:root:Epoch 18 beta learning rate=0.006250
INFO:root:[Epoch 18] training loss=10.547866
INFO:root:[Epoch 18] validation: Recall@1=0.454085
INFO:root:[Epoch 18] validation: Recall@2=0.566847
INFO:root:[Epoch 18] validation: Recall@4=0.679608
INFO:root:[Epoch 18] validation: Recall@8=0.779203
INFO:root:[Epoch 18] validation: Recall@16=0.851283
INFO:root:[Epoch 18] validation: NMI=0.538068
INFO:root:Epoch 19 learning rate=0.000006
INFO:root:Epoch 19 beta learning rate=0.006250
INFO:root:[Epoch 19] training loss=10.280305
INFO:root:[Epoch 19] validation: Recall@1=0.453410
INFO:root:[Epoch 19] validation: Recall@2=0.568535
INFO:root:[Epoch 19] validation: Recall@4=0.680790
INFO:root:[Epoch 19] validation: Recall@8=0.779878
INFO:root:[Epoch 19] validation: Recall@16=0.853815
INFO:root:[Epoch 19] validation: NMI=0.538652
INFO:root:Run 10 finished with 0.523464
INFO:root:Average validation of 10 runs:
R@1	R@2	R@4	R@8	R@16	NMI
51.28	63.24	74.33	83.43	90.41	61.09
